#
# There is insufficient memory for the Java Runtime Environment to continue.
# Native memory allocation (malloc) failed to allocate 233456 bytes for Chunk::new
# Possible reasons:
#   The system is out of physical RAM or swap space
#   The process is running with CompressedOops enabled, and the Java Heap may be blocking the growth of the native heap
# Possible solutions:
#   Reduce memory load on the system
#   Increase physical memory or swap space
#   Check if swap backing store is full
#   Decrease Java heap size (-Xmx/-Xms)
#   Decrease number of Java threads
#   Decrease Java thread stack sizes (-Xss)
#   Set larger code cache with -XX:ReservedCodeCacheSize=
#   JVM is running with Unscaled Compressed Oops mode in which the Java heap is
#     placed in the first 4GB address space. The Java Heap base address is the
#     maximum limit for the native heap growth. Please use -XX:HeapBaseMinAddress
#     to set the Java Heap base and to place the Java Heap above 4GB virtual address.
# This output file may be truncated or incomplete.
#
#  Out of Memory Error (arena.cpp:184), pid=73452, tid=69192
#
# JRE version: Java(TM) SE Runtime Environment (19.0.2+7) (build 19.0.2+7-44)
# Java VM: Java HotSpot(TM) 64-Bit Server VM (19.0.2+7-44, mixed mode, sharing, tiered, compressed oops, compressed class ptrs, g1 gc, windows-amd64)
# No core dump will be written. Minidumps are not enabled by default on client versions of Windows
#

---------------  S U M M A R Y ------------

Command Line: --enable-native-access=ALL-UNNAMED -Dclassworlds.conf=C:\Users\Boricia\.m2\wrapper\dists\apache-maven-3.9.12\59fe215c0ad6947fea90184bf7add084544567b927287592651fda3782e0e798\bin\m2.conf -Dmaven.home=C:\Users\Boricia\.m2\wrapper\dists\apache-maven-3.9.12\59fe215c0ad6947fea90184bf7add084544567b927287592651fda3782e0e798 -Dlibrary.jansi.path=C:\Users\Boricia\.m2\wrapper\dists\apache-maven-3.9.12\59fe215c0ad6947fea90184bf7add084544567b927287592651fda3782e0e798\lib\jansi-native -Dmaven.multiModuleProjectDirectory=C:\Users\Boricia\Documents\Projet spring\ecommerce org.codehaus.plexus.classworlds.launcher.Launcher -Didea.version=2025.2.5 -Dmaven.ext.class.path=C:\Program Files\JetBrains\IntelliJ IDEA Community Edition 2025.2.5\plugins\maven\lib\maven-event-listener.jar -Djansi.passthrough=true -Dstyle.color=always -Dmaven.repo.local=C:\Users\Boricia\.m2\repository spring-boot:run

Host: 11th Gen Intel(R) Core(TM) i5-11300H @ 3.10GHz, 8 cores, 7G,  Windows 10 , 64 bit Build 19041 (10.0.19041.5915)
Time: Thu Mar 26 23:10:07 2026 Europe de l , 64 bit Build 19041 (10.0.19041.5915) elapsed time: 2.035045 seconds (0d 0h 0m 2s)

---------------  T H R E A D  ---------------

Current thread (0x000002837fe76f90):  JavaThread "C2 CompilerThread0" daemon [_thread_in_native, id=69192, stack(0x00000084dde00000,0x00000084ddf00000)]


Current CompileTask:
C2:   2035 1778   !   4       java.lang.String::<init> (884 bytes)

Stack: [0x00000084dde00000,0x00000084ddf00000]
Native frames: (J=compiled Java code, j=interpreted, Vv=VM code, C=native code)
V  [jvm.dll+0x6ee21a]
V  [jvm.dll+0x85765e]
V  [jvm.dll+0x85904e]
V  [jvm.dll+0x859703]
V  [jvm.dll+0x28298f]
V  [jvm.dll+0xc9adf]
V  [jvm.dll+0xc9e65]
V  [jvm.dll+0x3bca12]
V  [jvm.dll+0x3860e1]
V  [jvm.dll+0x38555a]
V  [jvm.dll+0x24c3d9]
V  [jvm.dll+0x24b781]
V  [jvm.dll+0x1d6ce1]
V  [jvm.dll+0x25b25a]
V  [jvm.dll+0x2596e8]
V  [jvm.dll+0x807588]
V  [jvm.dll+0x80125a]
V  [jvm.dll+0x6ecf0b]
C  [ucrtbase.dll+0x21bb2]
C  [KERNEL32.DLL+0x17374]
C  [ntdll.dll+0x4cc91]


---------------  P R O C E S S  ---------------

Threads class SMR info:
_java_thread_list=0x00000283196dfe70, length=12, elements={
0x00000283765c7bd0, 0x000002837fe58480, 0x000002837fe58fc0, 0x000002837fe5df30,
0x000002837fe5e950, 0x000002837fe5f370, 0x000002837fe621b0, 0x000002837fe76f90,
0x000002837fe7d530, 0x000002837fe862c0, 0x00000283191195f0, 0x00000283191180b0
}

Java Threads: ( => current thread )
  0x00000283765c7bd0 JavaThread "main" [_thread_in_native, id=107832, stack(0x00000084dd100000,0x00000084dd200000)]
  0x000002837fe58480 JavaThread "Reference Handler" daemon [_thread_blocked, id=97256, stack(0x00000084dd800000,0x00000084dd900000)]
  0x000002837fe58fc0 JavaThread "Finalizer" daemon [_thread_blocked, id=89200, stack(0x00000084dd900000,0x00000084dda00000)]
  0x000002837fe5df30 JavaThread "Signal Dispatcher" daemon [_thread_blocked, id=96224, stack(0x00000084dda00000,0x00000084ddb00000)]
  0x000002837fe5e950 JavaThread "Attach Listener" daemon [_thread_blocked, id=56196, stack(0x00000084ddb00000,0x00000084ddc00000)]
  0x000002837fe5f370 JavaThread "Service Thread" daemon [_thread_blocked, id=54320, stack(0x00000084ddc00000,0x00000084ddd00000)]
  0x000002837fe621b0 JavaThread "Monitor Deflation Thread" daemon [_thread_blocked, id=68008, stack(0x00000084ddd00000,0x00000084dde00000)]
=>0x000002837fe76f90 JavaThread "C2 CompilerThread0" daemon [_thread_in_native, id=69192, stack(0x00000084dde00000,0x00000084ddf00000)]
  0x000002837fe7d530 JavaThread "C1 CompilerThread0" daemon [_thread_blocked, id=16596, stack(0x00000084ddf00000,0x00000084de000000)]
  0x000002837fe862c0 JavaThread "Sweeper thread" daemon [_thread_blocked, id=52104, stack(0x00000084de000000,0x00000084de100000)]
  0x00000283191195f0 JavaThread "Notification Thread" daemon [_thread_blocked, id=64484, stack(0x00000084de100000,0x00000084de200000)]
  0x00000283191180b0 JavaThread "Common-Cleaner" daemon [_thread_blocked, id=86020, stack(0x00000084de300000,0x00000084de400000)]

Other Threads:
  0x000002837fe3cc60 VMThread "VM Thread" [stack: 0x00000084dd700000,0x00000084dd800000] [id=87996]
  0x00000283190b6cf0 WatcherThread "VM Periodic Task Thread" [stack: 0x00000084de200000,0x00000084de300000] [id=54588]
  0x00000283766277f0 WorkerThread "GC Thread#0" [stack: 0x00000084dd200000,0x00000084dd300000] [id=70392]
  0x0000028319a50350 WorkerThread "GC Thread#1" [stack: 0x00000084de400000,0x00000084de500000] [id=63744]
  0x00000283195f86b0 WorkerThread "GC Thread#2" [stack: 0x00000084de500000,0x00000084de600000] [id=65504]
  0x0000028319bf5900 WorkerThread "GC Thread#3" [stack: 0x00000084de600000,0x00000084de700000] [id=68572]
  0x0000028319bf5bd0 WorkerThread "GC Thread#4" [stack: 0x00000084de700000,0x00000084de800000] [id=29340]
  0x0000028319bf5630 WorkerThread "GC Thread#5" [stack: 0x00000084de800000,0x00000084de900000] [id=101400]
  0x0000028319bf4280 WorkerThread "GC Thread#6" [stack: 0x00000084de900000,0x00000084dea00000] [id=6844]
  0x0000028319bf4550 WorkerThread "GC Thread#7" [stack: 0x00000084dea00000,0x00000084deb00000] [id=71808]
  0x0000028376637ff0 ConcurrentGCThread "G1 Main Marker" [stack: 0x00000084dd300000,0x00000084dd400000] [id=56192]
  0x0000028376638920 WorkerThread "G1 Conc#0" [stack: 0x00000084dd400000,0x00000084dd500000] [id=77428]
  0x000002837fcf8920 ConcurrentGCThread "G1 Refine#0" [stack: 0x00000084dd500000,0x00000084dd600000] [id=105240]
  0x000002837fcf9110 ConcurrentGCThread "G1 Service" [stack: 0x00000084dd600000,0x00000084dd700000] [id=94344]

Threads with active compile tasks:
C2 CompilerThread0     2076 1778   !   4       java.lang.String::<init> (884 bytes)

VM state: not at safepoint (normal execution)

VM Mutex/Monitor currently owned by a thread: None

Heap address: 0x0000000084000000, size: 1984 MB, Compressed Oops mode: 32-bit

CDS archive(s) mapped at: [0x0000000800000000-0x0000000800c40000-0x0000000800c40000), size 12845056, SharedBaseAddress: 0x0000000800000000, ArchiveRelocationMode: 0.
Compressed class space mapped at: 0x0000000801000000-0x0000000841000000, reserved size: 1073741824
Narrow klass base: 0x0000000800000000, Narrow klass shift: 0, Narrow klass range: 0x100000000

GC Precious Log:
 CardTable entry size: 512
 Card Set container configuration: InlinePtr #cards 5 size 8 Array Of Cards #cards 12 size 40 Howl #buckets 4 coarsen threshold 1843 Howl Bitmap #cards 512 size 80 coarsen threshold 460 Card regions per heap region 1 cards per card region 2048
 CPUs: 8 total, 8 available
 Memory: 7930M
 Large Page Support: Disabled
 NUMA Support: Disabled
 Compressed Oops: Enabled (32-bit)
 Heap Region Size: 1M
 Heap Min Capacity: 8M
 Heap Initial Capacity: 124M
 Heap Max Capacity: 1984M
 Pre-touch: Disabled
 Parallel Workers: 8
 Concurrent Workers: 2
 Concurrent Refinement Workers: 8
 Periodic GC: Disabled

Heap:
 garbage-first heap   total 126976K, used 8384K [0x0000000084000000, 0x0000000100000000)
  region size 1024K, 6 young (6144K), 2 survivors (2048K)
 Metaspace       used 9641K, committed 9792K, reserved 1114112K
  class space    used 1116K, committed 1216K, reserved 1048576K

Heap Regions: E=young(eden), S=young(survivor), O=old, HS=humongous(starts), HC=humongous(continues), CS=collection set, F=free, OA=open archive, CA=closed archive, TAMS=top-at-mark-start (previous, next)
|   0|0x0000000084000000, 0x0000000084100000, 0x0000000084100000|100%| O|  |TAMS 0x0000000084000000, 0x0000000084000000| Untracked 
|   1|0x0000000084100000, 0x0000000084200000, 0x0000000084200000|100%| O|  |TAMS 0x0000000084100000, 0x0000000084100000| Untracked 
|   2|0x0000000084200000, 0x0000000084300000, 0x0000000084300000|100%| O|  |TAMS 0x0000000084200000, 0x0000000084200000| Untracked 
|   3|0x0000000084300000, 0x00000000843b8c00, 0x0000000084400000| 72%| O|  |TAMS 0x0000000084300000, 0x0000000084300000| Untracked 
|   4|0x0000000084400000, 0x0000000084400000, 0x0000000084500000|  0%| F|  |TAMS 0x0000000084400000, 0x0000000084400000| Untracked 
|   5|0x0000000084500000, 0x0000000084500000, 0x0000000084600000|  0%| F|  |TAMS 0x0000000084500000, 0x0000000084500000| Untracked 
|   6|0x0000000084600000, 0x0000000084600000, 0x0000000084700000|  0%| F|  |TAMS 0x0000000084600000, 0x0000000084600000| Untracked 
|   7|0x0000000084700000, 0x0000000084700000, 0x0000000084800000|  0%| F|  |TAMS 0x0000000084700000, 0x0000000084700000| Untracked 
|   8|0x0000000084800000, 0x0000000084800000, 0x0000000084900000|  0%| F|  |TAMS 0x0000000084800000, 0x0000000084800000| Untracked 
|   9|0x0000000084900000, 0x0000000084900000, 0x0000000084a00000|  0%| F|  |TAMS 0x0000000084900000, 0x0000000084900000| Untracked 
|  10|0x0000000084a00000, 0x0000000084a00000, 0x0000000084b00000|  0%| F|  |TAMS 0x0000000084a00000, 0x0000000084a00000| Untracked 
|  11|0x0000000084b00000, 0x0000000084b00000, 0x0000000084c00000|  0%| F|  |TAMS 0x0000000084b00000, 0x0000000084b00000| Untracked 
|  12|0x0000000084c00000, 0x0000000084c00000, 0x0000000084d00000|  0%| F|  |TAMS 0x0000000084c00000, 0x0000000084c00000| Untracked 
|  13|0x0000000084d00000, 0x0000000084d00000, 0x0000000084e00000|  0%| F|  |TAMS 0x0000000084d00000, 0x0000000084d00000| Untracked 
|  14|0x0000000084e00000, 0x0000000084e00000, 0x0000000084f00000|  0%| F|  |TAMS 0x0000000084e00000, 0x0000000084e00000| Untracked 
|  15|0x0000000084f00000, 0x0000000084f00000, 0x0000000085000000|  0%| F|  |TAMS 0x0000000084f00000, 0x0000000084f00000| Untracked 
|  16|0x0000000085000000, 0x0000000085000000, 0x0000000085100000|  0%| F|  |TAMS 0x0000000085000000, 0x0000000085000000| Untracked 
|  17|0x0000000085100000, 0x0000000085100000, 0x0000000085200000|  0%| F|  |TAMS 0x0000000085100000, 0x0000000085100000| Untracked 
|  18|0x0000000085200000, 0x0000000085200000, 0x0000000085300000|  0%| F|  |TAMS 0x0000000085200000, 0x0000000085200000| Untracked 
|  19|0x0000000085300000, 0x0000000085300000, 0x0000000085400000|  0%| F|  |TAMS 0x0000000085300000, 0x0000000085300000| Untracked 
|  20|0x0000000085400000, 0x0000000085400000, 0x0000000085500000|  0%| F|  |TAMS 0x0000000085400000, 0x0000000085400000| Untracked 
|  21|0x0000000085500000, 0x0000000085500000, 0x0000000085600000|  0%| F|  |TAMS 0x0000000085500000, 0x0000000085500000| Untracked 
|  22|0x0000000085600000, 0x0000000085600000, 0x0000000085700000|  0%| F|  |TAMS 0x0000000085600000, 0x0000000085600000| Untracked 
|  23|0x0000000085700000, 0x0000000085700000, 0x0000000085800000|  0%| F|  |TAMS 0x0000000085700000, 0x0000000085700000| Untracked 
|  24|0x0000000085800000, 0x0000000085800000, 0x0000000085900000|  0%| F|  |TAMS 0x0000000085800000, 0x0000000085800000| Untracked 
|  25|0x0000000085900000, 0x0000000085900000, 0x0000000085a00000|  0%| F|  |TAMS 0x0000000085900000, 0x0000000085900000| Untracked 
|  26|0x0000000085a00000, 0x0000000085a00000, 0x0000000085b00000|  0%| F|  |TAMS 0x0000000085a00000, 0x0000000085a00000| Untracked 
|  27|0x0000000085b00000, 0x0000000085b00000, 0x0000000085c00000|  0%| F|  |TAMS 0x0000000085b00000, 0x0000000085b00000| Untracked 
|  28|0x0000000085c00000, 0x0000000085c00000, 0x0000000085d00000|  0%| F|  |TAMS 0x0000000085c00000, 0x0000000085c00000| Untracked 
|  29|0x0000000085d00000, 0x0000000085d00000, 0x0000000085e00000|  0%| F|  |TAMS 0x0000000085d00000, 0x0000000085d00000| Untracked 
|  30|0x0000000085e00000, 0x0000000085e00000, 0x0000000085f00000|  0%| F|  |TAMS 0x0000000085e00000, 0x0000000085e00000| Untracked 
|  31|0x0000000085f00000, 0x0000000085f00000, 0x0000000086000000|  0%| F|  |TAMS 0x0000000085f00000, 0x0000000085f00000| Untracked 
|  32|0x0000000086000000, 0x0000000086000000, 0x0000000086100000|  0%| F|  |TAMS 0x0000000086000000, 0x0000000086000000| Untracked 
|  33|0x0000000086100000, 0x0000000086100000, 0x0000000086200000|  0%| F|  |TAMS 0x0000000086100000, 0x0000000086100000| Untracked 
|  34|0x0000000086200000, 0x0000000086200000, 0x0000000086300000|  0%| F|  |TAMS 0x0000000086200000, 0x0000000086200000| Untracked 
|  35|0x0000000086300000, 0x0000000086300000, 0x0000000086400000|  0%| F|  |TAMS 0x0000000086300000, 0x0000000086300000| Untracked 
|  36|0x0000000086400000, 0x0000000086400000, 0x0000000086500000|  0%| F|  |TAMS 0x0000000086400000, 0x0000000086400000| Untracked 
|  37|0x0000000086500000, 0x0000000086500000, 0x0000000086600000|  0%| F|  |TAMS 0x0000000086500000, 0x0000000086500000| Untracked 
|  38|0x0000000086600000, 0x0000000086600000, 0x0000000086700000|  0%| F|  |TAMS 0x0000000086600000, 0x0000000086600000| Untracked 
|  39|0x0000000086700000, 0x0000000086700000, 0x0000000086800000|  0%| F|  |TAMS 0x0000000086700000, 0x0000000086700000| Untracked 
|  40|0x0000000086800000, 0x0000000086800000, 0x0000000086900000|  0%| F|  |TAMS 0x0000000086800000, 0x0000000086800000| Untracked 
|  41|0x0000000086900000, 0x0000000086900000, 0x0000000086a00000|  0%| F|  |TAMS 0x0000000086900000, 0x0000000086900000| Untracked 
|  42|0x0000000086a00000, 0x0000000086a00000, 0x0000000086b00000|  0%| F|  |TAMS 0x0000000086a00000, 0x0000000086a00000| Untracked 
|  43|0x0000000086b00000, 0x0000000086b00000, 0x0000000086c00000|  0%| F|  |TAMS 0x0000000086b00000, 0x0000000086b00000| Untracked 
|  44|0x0000000086c00000, 0x0000000086c00000, 0x0000000086d00000|  0%| F|  |TAMS 0x0000000086c00000, 0x0000000086c00000| Untracked 
|  45|0x0000000086d00000, 0x0000000086d00000, 0x0000000086e00000|  0%| F|  |TAMS 0x0000000086d00000, 0x0000000086d00000| Untracked 
|  46|0x0000000086e00000, 0x0000000086e00000, 0x0000000086f00000|  0%| F|  |TAMS 0x0000000086e00000, 0x0000000086e00000| Untracked 
|  47|0x0000000086f00000, 0x0000000086f00000, 0x0000000087000000|  0%| F|  |TAMS 0x0000000086f00000, 0x0000000086f00000| Untracked 
|  48|0x0000000087000000, 0x0000000087000000, 0x0000000087100000|  0%| F|  |TAMS 0x0000000087000000, 0x0000000087000000| Untracked 
|  49|0x0000000087100000, 0x0000000087100000, 0x0000000087200000|  0%| F|  |TAMS 0x0000000087100000, 0x0000000087100000| Untracked 
|  50|0x0000000087200000, 0x0000000087200000, 0x0000000087300000|  0%| F|  |TAMS 0x0000000087200000, 0x0000000087200000| Untracked 
|  51|0x0000000087300000, 0x0000000087300000, 0x0000000087400000|  0%| F|  |TAMS 0x0000000087300000, 0x0000000087300000| Untracked 
|  52|0x0000000087400000, 0x0000000087400000, 0x0000000087500000|  0%| F|  |TAMS 0x0000000087400000, 0x0000000087400000| Untracked 
|  53|0x0000000087500000, 0x0000000087500000, 0x0000000087600000|  0%| F|  |TAMS 0x0000000087500000, 0x0000000087500000| Untracked 
|  54|0x0000000087600000, 0x0000000087600000, 0x0000000087700000|  0%| F|  |TAMS 0x0000000087600000, 0x0000000087600000| Untracked 
|  55|0x0000000087700000, 0x0000000087700000, 0x0000000087800000|  0%| F|  |TAMS 0x0000000087700000, 0x0000000087700000| Untracked 
|  56|0x0000000087800000, 0x0000000087800000, 0x0000000087900000|  0%| F|  |TAMS 0x0000000087800000, 0x0000000087800000| Untracked 
|  57|0x0000000087900000, 0x0000000087900000, 0x0000000087a00000|  0%| F|  |TAMS 0x0000000087900000, 0x0000000087900000| Untracked 
|  58|0x0000000087a00000, 0x0000000087a00000, 0x0000000087b00000|  0%| F|  |TAMS 0x0000000087a00000, 0x0000000087a00000| Untracked 
|  59|0x0000000087b00000, 0x0000000087b00000, 0x0000000087c00000|  0%| F|  |TAMS 0x0000000087b00000, 0x0000000087b00000| Untracked 
|  60|0x0000000087c00000, 0x0000000087c00000, 0x0000000087d00000|  0%| F|  |TAMS 0x0000000087c00000, 0x0000000087c00000| Untracked 
|  61|0x0000000087d00000, 0x0000000087d00000, 0x0000000087e00000|  0%| F|  |TAMS 0x0000000087d00000, 0x0000000087d00000| Untracked 
|  62|0x0000000087e00000, 0x0000000087e00000, 0x0000000087f00000|  0%| F|  |TAMS 0x0000000087e00000, 0x0000000087e00000| Untracked 
|  63|0x0000000087f00000, 0x0000000087f00000, 0x0000000088000000|  0%| F|  |TAMS 0x0000000087f00000, 0x0000000087f00000| Untracked 
|  64|0x0000000088000000, 0x0000000088000000, 0x0000000088100000|  0%| F|  |TAMS 0x0000000088000000, 0x0000000088000000| Untracked 
|  65|0x0000000088100000, 0x0000000088100000, 0x0000000088200000|  0%| F|  |TAMS 0x0000000088100000, 0x0000000088100000| Untracked 
|  66|0x0000000088200000, 0x0000000088200000, 0x0000000088300000|  0%| F|  |TAMS 0x0000000088200000, 0x0000000088200000| Untracked 
|  67|0x0000000088300000, 0x0000000088300000, 0x0000000088400000|  0%| F|  |TAMS 0x0000000088300000, 0x0000000088300000| Untracked 
|  68|0x0000000088400000, 0x0000000088400000, 0x0000000088500000|  0%| F|  |TAMS 0x0000000088400000, 0x0000000088400000| Untracked 
|  69|0x0000000088500000, 0x0000000088500000, 0x0000000088600000|  0%| F|  |TAMS 0x0000000088500000, 0x0000000088500000| Untracked 
|  70|0x0000000088600000, 0x0000000088600000, 0x0000000088700000|  0%| F|  |TAMS 0x0000000088600000, 0x0000000088600000| Untracked 
|  71|0x0000000088700000, 0x0000000088700000, 0x0000000088800000|  0%| F|  |TAMS 0x0000000088700000, 0x0000000088700000| Untracked 
|  72|0x0000000088800000, 0x0000000088800000, 0x0000000088900000|  0%| F|  |TAMS 0x0000000088800000, 0x0000000088800000| Untracked 
|  73|0x0000000088900000, 0x0000000088900000, 0x0000000088a00000|  0%| F|  |TAMS 0x0000000088900000, 0x0000000088900000| Untracked 
|  74|0x0000000088a00000, 0x0000000088a00000, 0x0000000088b00000|  0%| F|  |TAMS 0x0000000088a00000, 0x0000000088a00000| Untracked 
|  75|0x0000000088b00000, 0x0000000088b00000, 0x0000000088c00000|  0%| F|  |TAMS 0x0000000088b00000, 0x0000000088b00000| Untracked 
|  76|0x0000000088c00000, 0x0000000088c00000, 0x0000000088d00000|  0%| F|  |TAMS 0x0000000088c00000, 0x0000000088c00000| Untracked 
|  77|0x0000000088d00000, 0x0000000088d00000, 0x0000000088e00000|  0%| F|  |TAMS 0x0000000088d00000, 0x0000000088d00000| Untracked 
|  78|0x0000000088e00000, 0x0000000088e00000, 0x0000000088f00000|  0%| F|  |TAMS 0x0000000088e00000, 0x0000000088e00000| Untracked 
|  79|0x0000000088f00000, 0x0000000088f00000, 0x0000000089000000|  0%| F|  |TAMS 0x0000000088f00000, 0x0000000088f00000| Untracked 
|  80|0x0000000089000000, 0x0000000089000000, 0x0000000089100000|  0%| F|  |TAMS 0x0000000089000000, 0x0000000089000000| Untracked 
|  81|0x0000000089100000, 0x0000000089100000, 0x0000000089200000|  0%| F|  |TAMS 0x0000000089100000, 0x0000000089100000| Untracked 
|  82|0x0000000089200000, 0x0000000089200000, 0x0000000089300000|  0%| F|  |TAMS 0x0000000089200000, 0x0000000089200000| Untracked 
|  83|0x0000000089300000, 0x0000000089300000, 0x0000000089400000|  0%| F|  |TAMS 0x0000000089300000, 0x0000000089300000| Untracked 
|  84|0x0000000089400000, 0x0000000089400000, 0x0000000089500000|  0%| F|  |TAMS 0x0000000089400000, 0x0000000089400000| Untracked 
|  85|0x0000000089500000, 0x0000000089500000, 0x0000000089600000|  0%| F|  |TAMS 0x0000000089500000, 0x0000000089500000| Untracked 
|  86|0x0000000089600000, 0x0000000089600000, 0x0000000089700000|  0%| F|  |TAMS 0x0000000089600000, 0x0000000089600000| Untracked 
|  87|0x0000000089700000, 0x0000000089700000, 0x0000000089800000|  0%| F|  |TAMS 0x0000000089700000, 0x0000000089700000| Untracked 
|  88|0x0000000089800000, 0x00000000898775e0, 0x0000000089900000| 46%| S|CS|TAMS 0x0000000089800000, 0x0000000089800000| Complete 
|  89|0x0000000089900000, 0x0000000089a00000, 0x0000000089a00000|100%| S|CS|TAMS 0x0000000089900000, 0x0000000089900000| Complete 
|  90|0x0000000089a00000, 0x0000000089a00000, 0x0000000089b00000|  0%| F|  |TAMS 0x0000000089a00000, 0x0000000089a00000| Untracked 
|  91|0x0000000089b00000, 0x0000000089b00000, 0x0000000089c00000|  0%| F|  |TAMS 0x0000000089b00000, 0x0000000089b00000| Untracked 
|  92|0x0000000089c00000, 0x0000000089c00000, 0x0000000089d00000|  0%| F|  |TAMS 0x0000000089c00000, 0x0000000089c00000| Untracked 
|  93|0x0000000089d00000, 0x0000000089d00000, 0x0000000089e00000|  0%| F|  |TAMS 0x0000000089d00000, 0x0000000089d00000| Untracked 
|  94|0x0000000089e00000, 0x0000000089e00000, 0x0000000089f00000|  0%| F|  |TAMS 0x0000000089e00000, 0x0000000089e00000| Untracked 
|  95|0x0000000089f00000, 0x0000000089f00000, 0x000000008a000000|  0%| F|  |TAMS 0x0000000089f00000, 0x0000000089f00000| Untracked 
|  96|0x000000008a000000, 0x000000008a000000, 0x000000008a100000|  0%| F|  |TAMS 0x000000008a000000, 0x000000008a000000| Untracked 
|  97|0x000000008a100000, 0x000000008a100000, 0x000000008a200000|  0%| F|  |TAMS 0x000000008a100000, 0x000000008a100000| Untracked 
|  98|0x000000008a200000, 0x000000008a200000, 0x000000008a300000|  0%| F|  |TAMS 0x000000008a200000, 0x000000008a200000| Untracked 
|  99|0x000000008a300000, 0x000000008a300000, 0x000000008a400000|  0%| F|  |TAMS 0x000000008a300000, 0x000000008a300000| Untracked 
| 100|0x000000008a400000, 0x000000008a400000, 0x000000008a500000|  0%| F|  |TAMS 0x000000008a400000, 0x000000008a400000| Untracked 
| 101|0x000000008a500000, 0x000000008a500000, 0x000000008a600000|  0%| F|  |TAMS 0x000000008a500000, 0x000000008a500000| Untracked 
| 102|0x000000008a600000, 0x000000008a600000, 0x000000008a700000|  0%| F|  |TAMS 0x000000008a600000, 0x000000008a600000| Untracked 
| 103|0x000000008a700000, 0x000000008a700000, 0x000000008a800000|  0%| F|  |TAMS 0x000000008a700000, 0x000000008a700000| Untracked 
| 104|0x000000008a800000, 0x000000008a800000, 0x000000008a900000|  0%| F|  |TAMS 0x000000008a800000, 0x000000008a800000| Untracked 
| 105|0x000000008a900000, 0x000000008a900000, 0x000000008aa00000|  0%| F|  |TAMS 0x000000008a900000, 0x000000008a900000| Untracked 
| 106|0x000000008aa00000, 0x000000008aa00000, 0x000000008ab00000|  0%| F|  |TAMS 0x000000008aa00000, 0x000000008aa00000| Untracked 
| 107|0x000000008ab00000, 0x000000008ab00000, 0x000000008ac00000|  0%| F|  |TAMS 0x000000008ab00000, 0x000000008ab00000| Untracked 
| 108|0x000000008ac00000, 0x000000008ac00000, 0x000000008ad00000|  0%| F|  |TAMS 0x000000008ac00000, 0x000000008ac00000| Untracked 
| 109|0x000000008ad00000, 0x000000008ad00000, 0x000000008ae00000|  0%| F|  |TAMS 0x000000008ad00000, 0x000000008ad00000| Untracked 
| 110|0x000000008ae00000, 0x000000008ae00000, 0x000000008af00000|  0%| F|  |TAMS 0x000000008ae00000, 0x000000008ae00000| Untracked 
| 111|0x000000008af00000, 0x000000008af00000, 0x000000008b000000|  0%| F|  |TAMS 0x000000008af00000, 0x000000008af00000| Untracked 
| 112|0x000000008b000000, 0x000000008b000000, 0x000000008b100000|  0%| F|  |TAMS 0x000000008b000000, 0x000000008b000000| Untracked 
| 113|0x000000008b100000, 0x000000008b100000, 0x000000008b200000|  0%| F|  |TAMS 0x000000008b100000, 0x000000008b100000| Untracked 
| 114|0x000000008b200000, 0x000000008b200000, 0x000000008b300000|  0%| F|  |TAMS 0x000000008b200000, 0x000000008b200000| Untracked 
| 115|0x000000008b300000, 0x000000008b300000, 0x000000008b400000|  0%| F|  |TAMS 0x000000008b300000, 0x000000008b300000| Untracked 
| 116|0x000000008b400000, 0x000000008b400000, 0x000000008b500000|  0%| F|  |TAMS 0x000000008b400000, 0x000000008b400000| Untracked 
| 117|0x000000008b500000, 0x000000008b500000, 0x000000008b600000|  0%| F|  |TAMS 0x000000008b500000, 0x000000008b500000| Untracked 
| 118|0x000000008b600000, 0x000000008b600000, 0x000000008b700000|  0%| F|  |TAMS 0x000000008b600000, 0x000000008b600000| Untracked 
| 119|0x000000008b700000, 0x000000008b700000, 0x000000008b800000|  0%| F|  |TAMS 0x000000008b700000, 0x000000008b700000| Untracked 
| 120|0x000000008b800000, 0x000000008b900000, 0x000000008b900000|100%| E|  |TAMS 0x000000008b800000, 0x000000008b800000| Complete 
| 121|0x000000008b900000, 0x000000008ba00000, 0x000000008ba00000|100%| E|CS|TAMS 0x000000008b900000, 0x000000008b900000| Complete 
| 122|0x000000008ba00000, 0x000000008bb00000, 0x000000008bb00000|100%| E|CS|TAMS 0x000000008ba00000, 0x000000008ba00000| Complete 
| 123|0x000000008bb00000, 0x000000008bc00000, 0x000000008bc00000|100%| E|CS|TAMS 0x000000008bb00000, 0x000000008bb00000| Complete 

Card table byte_map: [0x000002837ec50000,0x000002837f030000] _byte_map_base: 0x000002837e830000

Marking Bits (Prev, Next): (CMBitMap*) 0x0000028376627d20, (CMBitMap*) 0x0000028376627d60
 Prev Bits: [0x000002830f000000, 0x0000028310f00000)
 Next Bits: [0x0000028310f00000, 0x0000028312e00000)

Polling page: 0x0000028374540000

Metaspace:

Usage:
  Non-class:      8.37 MB used.
      Class:      1.10 MB used.
       Both:      9.46 MB used.

Virtual space:
  Non-class space:       64.00 MB reserved,       8.44 MB ( 13%) committed,  1 nodes.
      Class space:        1.00 GB reserved,       1.19 MB ( <1%) committed,  1 nodes.
             Both:        1.06 GB reserved,       9.62 MB ( <1%) committed. 

Chunk freelists:
   Non-Class:  2.03 MB
       Class:  2.83 MB
        Both:  4.86 MB

MaxMetaspaceSize: unlimited
CompressedClassSpaceSize: 1.00 GB
Initial GC threshold: 21.00 MB
Current GC threshold: 21.00 MB
CDS: on
MetaspaceReclaimPolicy: balanced
 - commit_granule_bytes: 65536.
 - commit_granule_words: 8192.
 - virtual_space_node_default_size: 8388608.
 - enlarge_chunks_in_place: 1.
 - new_chunks_are_fully_committed: 0.
 - uncommit_free_chunks: 1.
 - use_allocation_guard: 0.


Internal statistics:

num_allocs_failed_limit: 0.
num_arena_births: 70.
num_arena_deaths: 0.
num_vsnodes_births: 2.
num_vsnodes_deaths: 0.
num_space_committed: 154.
num_space_uncommitted: 0.
num_chunks_returned_to_freelist: 0.
num_chunks_taken_from_freelist: 395.
num_chunk_merges: 0.
num_chunk_splits: 265.
num_chunks_enlarged: 217.
num_inconsistent_stats: 0.

CodeHeap 'non-profiled nmethods': size=120000Kb used=659Kb max_used=659Kb free=119340Kb
 bounds [0x0000028307ad0000, 0x0000028307d40000, 0x000002830f000000]
CodeHeap 'profiled nmethods': size=120000Kb used=3551Kb max_used=3551Kb free=116448Kb
 bounds [0x0000028300000000, 0x0000028300380000, 0x0000028307530000]
CodeHeap 'non-nmethods': size=5760Kb used=1259Kb max_used=1281Kb free=4500Kb
 bounds [0x0000028307530000, 0x00000283077a0000, 0x0000028307ad0000]
 total_blobs=2270 nmethods=1815 adapters=366
 compilation: enabled
              stopped_count=0, restarted_count=0
 full_count=0

Compilation events (20 events):
Event: 2.001 Thread 0x000002837fe7d530 nmethod 1769 0x0000028300360e10 code [0x0000028300361000, 0x00000283003615c8]
Event: 2.001 Thread 0x000002837fe7d530 1772       3       com.google.inject.internal.DeclaredMembers$$Lambda$65/0x0000000801097de8::apply (5 bytes)
Event: 2.001 Thread 0x000002837fe7d530 nmethod 1772 0x0000028300361790 code [0x0000028300361940, 0x0000028300361b38]
Event: 2.001 Thread 0x000002837fe7d530 1773       3       com.google.inject.internal.DeclaredMembers::lambda$getDeclaredMethods$2 (5 bytes)
Event: 2.001 Thread 0x000002837fe7d530 nmethod 1773 0x0000028300361c10 code [0x0000028300361da0, 0x0000028300361f38]
Event: 2.007 Thread 0x000002837fe7d530 1774       3       jdk.internal.reflect.ReflectionFactory::getExecutableSharedParameterTypes (11 bytes)
Event: 2.007 Thread 0x000002837fe7d530 nmethod 1774 0x0000028300362010 code [0x00000283003621c0, 0x0000028300362428]
Event: 2.007 Thread 0x000002837fe7d530 1776       3       java.util.Arrays::copyOf (10 bytes)
Event: 2.007 Thread 0x000002837fe7d530 nmethod 1776 0x0000028300362590 code [0x0000028300362740, 0x0000028300362888]
Event: 2.007 Thread 0x000002837fe7d530 1775       3       java.lang.reflect.ReflectAccess::getExecutableSharedParameterTypes (5 bytes)
Event: 2.007 Thread 0x000002837fe7d530 nmethod 1775 0x0000028300362990 code [0x0000028300362b40, 0x0000028300362d08]
Event: 2.009 Thread 0x000002837fe76f90 1777       4       java.lang.ref.SoftReference::get (29 bytes)
Event: 2.011 Thread 0x000002837fe76f90 nmethod 1777 0x0000028307b73c90 code [0x0000028307b73e20, 0x0000028307b73f18]
Event: 2.018 Thread 0x000002837fe76f90 1778   !   4       java.lang.String::<init> (884 bytes)
Event: 2.023 Thread 0x000002837fe7d530 1780       3       com.google.common.collect.ImmutableCollection::<init> (5 bytes)
Event: 2.024 Thread 0x000002837fe7d530 nmethod 1780 0x0000028300362e10 code [0x0000028300362fc0, 0x0000028300363178]
Event: 2.024 Thread 0x000002837fe7d530 1781       3       sun.invoke.util.BytecodeDescriptor::unparse (24 bytes)
Event: 2.025 Thread 0x000002837fe7d530 nmethod 1781 0x0000028300363290 code [0x0000028300363460, 0x0000028300363668]
Event: 2.026 Thread 0x000002837fe7d530 1782       3       java.lang.reflect.Modifier::isAbstract (14 bytes)
Event: 2.027 Thread 0x000002837fe7d530 nmethod 1782 0x0000028300363710 code [0x00000283003638a0, 0x00000283003639f8]

GC Heap History (4 events):
Event: 1.154 GC heap before
{Heap before GC invocations=0 (full 0):
 garbage-first heap   total 126976K, used 22528K [0x0000000084000000, 0x0000000100000000)
  region size 1024K, 23 young (23552K), 0 survivors (0K)
 Metaspace       used 5588K, committed 5824K, reserved 1114112K
  class space    used 634K, committed 768K, reserved 1048576K
}
Event: 1.166 GC heap after
{Heap after GC invocations=1 (full 0):
 garbage-first heap   total 126976K, used 3808K [0x0000000084000000, 0x0000000100000000)
  region size 1024K, 3 young (3072K), 3 survivors (3072K)
 Metaspace       used 5588K, committed 5824K, reserved 1114112K
  class space    used 634K, committed 768K, reserved 1048576K
}
Event: 1.980 GC heap before
{Heap before GC invocations=1 (full 0):
 garbage-first heap   total 126976K, used 35552K [0x0000000084000000, 0x0000000100000000)
  region size 1024K, 34 young (34816K), 3 survivors (3072K)
 Metaspace       used 9057K, committed 9216K, reserved 1114112K
  class space    used 1051K, committed 1152K, reserved 1048576K
}
Event: 1.989 GC heap after
{Heap after GC invocations=2 (full 0):
 garbage-first heap   total 126976K, used 5312K [0x0000000084000000, 0x0000000100000000)
  region size 1024K, 2 young (2048K), 2 survivors (2048K)
 Metaspace       used 9057K, committed 9216K, reserved 1114112K
  class space    used 1051K, committed 1152K, reserved 1048576K
}

Dll operation events (8 events):
Event: 0.012 Loaded shared library C:\Program Files\Java\jdk-19\bin\java.dll
Event: 0.028 Loaded shared library C:\Program Files\Java\jdk-19\bin\jsvml.dll
Event: 0.080 Loaded shared library C:\Program Files\Java\jdk-19\bin\net.dll
Event: 0.085 Loaded shared library C:\Program Files\Java\jdk-19\bin\nio.dll
Event: 0.092 Loaded shared library C:\Program Files\Java\jdk-19\bin\zip.dll
Event: 0.445 Loaded shared library C:\Program Files\Java\jdk-19\bin\jimage.dll
Event: 0.447 Loaded shared library C:\Users\Boricia\.m2\wrapper\dists\apache-maven-3.9.12\59fe215c0ad6947fea90184bf7add084544567b927287592651fda3782e0e798\lib\jansi-native\Windows\x86_64\jansi.dll
Event: 0.464 Loaded shared library C:\Program Files\Java\jdk-19\bin\verify.dll

Deoptimization events (20 events):
Event: 1.679 Thread 0x00000283765c7bd0 DEOPT PACKING pc=0x000002830029d1e8 sp=0x00000084dd1fd6b0
Event: 1.679 Thread 0x00000283765c7bd0 DEOPT UNPACKING pc=0x000002830759b0e3 sp=0x00000084dd1fcb40 mode 0
Event: 1.680 Thread 0x00000283765c7bd0 DEOPT PACKING pc=0x000002830029d1e8 sp=0x00000084dd1fd6b0
Event: 1.680 Thread 0x00000283765c7bd0 DEOPT UNPACKING pc=0x000002830759b0e3 sp=0x00000084dd1fcb40 mode 0
Event: 1.688 Thread 0x00000283765c7bd0 DEOPT PACKING pc=0x0000028300251243 sp=0x00000084dd1fdbe0
Event: 1.688 Thread 0x00000283765c7bd0 DEOPT UNPACKING pc=0x000002830759b0e3 sp=0x00000084dd1fd178 mode 0
Event: 1.699 Thread 0x00000283765c7bd0 DEOPT PACKING pc=0x000002830005f141 sp=0x00000084dd1fe0a0
Event: 1.699 Thread 0x00000283765c7bd0 DEOPT UNPACKING pc=0x000002830759b0e3 sp=0x00000084dd1fd5a0 mode 0
Event: 1.702 Thread 0x00000283765c7bd0 DEOPT PACKING pc=0x000002830029d1e8 sp=0x00000084dd1fd6b0
Event: 1.702 Thread 0x00000283765c7bd0 DEOPT UNPACKING pc=0x000002830759b0e3 sp=0x00000084dd1fcb40 mode 0
Event: 1.704 Thread 0x00000283765c7bd0 DEOPT PACKING pc=0x000002830029d1e8 sp=0x00000084dd1fd6b0
Event: 1.704 Thread 0x00000283765c7bd0 DEOPT UNPACKING pc=0x000002830759b0e3 sp=0x00000084dd1fcb40 mode 0
Event: 1.710 Thread 0x00000283765c7bd0 DEOPT PACKING pc=0x000002830029d1e8 sp=0x00000084dd1fd6b0
Event: 1.710 Thread 0x00000283765c7bd0 DEOPT UNPACKING pc=0x000002830759b0e3 sp=0x00000084dd1fcb40 mode 0
Event: 1.711 Thread 0x00000283765c7bd0 DEOPT PACKING pc=0x000002830029d1e8 sp=0x00000084dd1fd6b0
Event: 1.711 Thread 0x00000283765c7bd0 DEOPT UNPACKING pc=0x000002830759b0e3 sp=0x00000084dd1fcb40 mode 0
Event: 1.758 Thread 0x00000283765c7bd0 Uncommon trap: trap_request=0xffffffc6 fr.pc=0x0000028307b4978c relative=0x000000000000032c
Event: 1.758 Thread 0x00000283765c7bd0 Uncommon trap: reason=bimorphic_or_optimized_type_check action=maybe_recompile pc=0x0000028307b4978c method=java.util.HashMap.getNode(Ljava/lang/Object;)Ljava/util/HashMap$Node; @ 63 c2
Event: 1.759 Thread 0x00000283765c7bd0 DEOPT PACKING pc=0x0000028307b4978c sp=0x00000084dd1fe5d0
Event: 1.759 Thread 0x00000283765c7bd0 DEOPT UNPACKING pc=0x000002830759a5a3 sp=0x00000084dd1fe558 mode 2

Classes loaded (20 events):
Event: 1.744 Loading class sun/reflect/annotation/AnnotatedTypeFactory$AnnotatedParameterizedTypeImpl
Event: 1.744 Loading class java/lang/reflect/AnnotatedParameterizedType
Event: 1.745 Loading class java/lang/reflect/AnnotatedParameterizedType done
Event: 1.745 Loading class sun/reflect/annotation/AnnotatedTypeFactory$AnnotatedParameterizedTypeImpl done
Event: 1.833 Loading class java/security/NoSuchAlgorithmException
Event: 1.833 Loading class java/security/GeneralSecurityException
Event: 1.833 Loading class java/security/GeneralSecurityException done
Event: 1.833 Loading class java/security/NoSuchAlgorithmException done
Event: 1.878 Loading class java/util/EventObject
Event: 1.879 Loading class java/util/EventObject done
Event: 1.934 Loading class java/util/concurrent/CompletionService
Event: 1.935 Loading class java/util/concurrent/CompletionService done
Event: 1.979 Loading class sun/reflect/generics/scope/ConstructorScope
Event: 1.979 Loading class sun/reflect/generics/scope/ConstructorScope done
Event: 1.979 Loading class sun/reflect/generics/repository/ConstructorRepository
Event: 1.980 Loading class sun/reflect/generics/repository/ConstructorRepository done
Event: 1.980 Loading class sun/reflect/generics/tree/VoidDescriptor
Event: 1.980 Loading class sun/reflect/generics/tree/VoidDescriptor done
Event: 1.980 Loading class sun/reflect/generics/tree/MethodTypeSignature
Event: 1.980 Loading class sun/reflect/generics/tree/MethodTypeSignature done

Classes unloaded (0 events):
No events

Classes redefined (0 events):
No events

Internal exceptions (20 events):
Event: 0.455 Thread 0x00000283765c7bd0 Exception <a 'java/lang/NullPointerException'{0x000000008b649a98}> (0x000000008b649a98) 
thrown [s\open\src\hotspot\share\interpreter\linkResolver.cpp, line 1374]
Event: 0.455 Thread 0x00000283765c7bd0 Exception <a 'java/lang/NullPointerException'{0x000000008b649d78}> (0x000000008b649d78) 
thrown [s\open\src\hotspot\share\interpreter\linkResolver.cpp, line 1374]
Event: 0.455 Thread 0x00000283765c7bd0 Exception <a 'java/lang/NullPointerException'{0x000000008b64a058}> (0x000000008b64a058) 
thrown [s\open\src\hotspot\share\interpreter\linkResolver.cpp, line 1374]
Event: 0.455 Thread 0x00000283765c7bd0 Exception <a 'java/lang/NullPointerException'{0x000000008b64a338}> (0x000000008b64a338) 
thrown [s\open\src\hotspot\share\interpreter\linkResolver.cpp, line 1374]
Event: 0.477 Thread 0x00000283765c7bd0 Exception <a 'java/lang/NoSuchMethodError'{0x000000008b532810}: 'void java.lang.invoke.DirectMethodHandle$Holder.invokeVirtual(java.lang.Object, java.lang.Object)'> (0x000000008b532810) 
thrown [s\open\src\hotspot\share\interpreter\linkResolver.cpp, line 774]
Event: 0.481 Thread 0x00000283765c7bd0 Exception <a 'java/lang/NoSuchMethodError'{0x000000008b54f630}: 'void java.lang.invoke.DirectMethodHandle$Holder.invokeStatic(java.lang.Object, java.lang.Object)'> (0x000000008b54f630) 
thrown [s\open\src\hotspot\share\interpreter\linkResolver.cpp, line 774]
Event: 0.481 Thread 0x00000283765c7bd0 Exception <a 'java/lang/NoSuchMethodError'{0x000000008b552988}: 'void java.lang.invoke.DirectMethodHandle$Holder.invokeStaticInit(java.lang.Object, java.lang.Object)'> (0x000000008b552988) 
thrown [s\open\src\hotspot\share\interpreter\linkResolver.cpp, line 774]
Event: 0.495 Thread 0x00000283765c7bd0 Exception <a 'java/lang/NoSuchMethodError'{0x000000008b5781c8}: 'void java.lang.invoke.DirectMethodHandle$Holder.invokeSpecial(java.lang.Object, java.lang.Object, java.lang.Object, java.lang.Object, java.lang.Object)'> (0x000000008b5781c8) 
thrown [s\open\src\hotspot\share\interpreter\linkResolver.cpp, line 774]
Event: 0.509 Thread 0x00000283765c7bd0 Exception <a 'java/lang/NoSuchMethodError'{0x000000008b5b92e8}: 'void java.lang.invoke.DirectMethodHandle$Holder.invokeStatic(java.lang.Object, java.lang.Object, java.lang.Object)'> (0x000000008b5b92e8) 
thrown [s\open\src\hotspot\share\interpreter\linkResolver.cpp, line 774]
Event: 0.552 Thread 0x00000283765c7bd0 Exception <a 'java/lang/NullPointerException'{0x000000008b466fd8}> (0x000000008b466fd8) 
thrown [s\open\src\hotspot\share\interpreter\linkResolver.cpp, line 1374]
Event: 0.552 Thread 0x00000283765c7bd0 Exception <a 'java/lang/NullPointerException'{0x000000008b46d840}> (0x000000008b46d840) 
thrown [s\open\src\hotspot\share\interpreter\linkResolver.cpp, line 1374]
Event: 0.595 Thread 0x00000283765c7bd0 Exception <a 'java/lang/NoSuchMethodError'{0x000000008b35f4e0}: 'java.lang.Object java.lang.invoke.DirectMethodHandle$Holder.invokeSpecialIFC(java.lang.Object, java.lang.Object, java.lang.Object, java.lang.Object)'> (0x000000008b35f4e0) 
thrown [s\open\src\hotspot\share\interpreter\linkResolver.cpp, line 774]
Event: 0.881 Thread 0x00000283765c7bd0 Exception <a 'java/lang/NoSuchMethodError'{0x000000008ad5f620}: 'void java.lang.invoke.DirectMethodHandle$Holder.invokeSpecial(java.lang.Object, java.lang.Object, java.lang.Object)'> (0x000000008ad5f620) 
thrown [s\open\src\hotspot\share\interpreter\linkResolver.cpp, line 774]
Event: 0.943 Thread 0x00000283765c7bd0 Exception <a 'java/lang/NoSuchMethodError'{0x000000008acd5e50}: 'java.lang.Object java.lang.invoke.DirectMethodHandle$Holder.invokeInterface(java.lang.Object, java.lang.Object)'> (0x000000008acd5e50) 
thrown [s\open\src\hotspot\share\interpreter\linkResolver.cpp, line 774]
Event: 0.967 Thread 0x00000283765c7bd0 Exception <a 'java/lang/NoSuchMethodError'{0x000000008ab823a8}: 'int java.lang.invoke.DirectMethodHandle$Holder.invokeStatic(java.lang.Object, java.lang.Object, java.lang.Object, java.lang.Object)'> (0x000000008ab823a8) 
thrown [s\open\src\hotspot\share\interpreter\linkResolver.cpp, line 774]
Event: 0.967 Thread 0x00000283765c7bd0 Exception <a 'java/lang/NoSuchMethodError'{0x000000008ab85ce8}: 'java.lang.Object java.lang.invoke.Invokers$Holder.invokeExact_MT(java.lang.Object, java.lang.Object, java.lang.Object, java.lang.Object, java.lang.Object, java.lang.Object)'> (0x000000008ab85ce8) 
thrown [s\open\src\hotspot\share\interpreter\linkResolver.cpp, line 774]
Event: 0.971 Thread 0x00000283765c7bd0 Exception <a 'java/lang/NoSuchMethodError'{0x000000008ab96cd0}: 'int java.lang.invoke.DirectMethodHandle$Holder.invokeSpecialIFC(java.lang.Object, java.lang.Object, java.lang.Object, java.lang.Object, java.lang.Object)'> (0x000000008ab96cd0) 
thrown [s\open\src\hotspot\share\interpreter\linkResolver.cpp, line 774]
Event: 1.049 Thread 0x00000283765c7bd0 Exception <a 'java/lang/NoSuchMethodError'{0x000000008a9c6408}: 'java.lang.Object java.lang.invoke.DirectMethodHandle$Holder.newInvokeSpecial(java.lang.Object, java.lang.Object, java.lang.Object, java.lang.Object, java.lang.Object)'> (0x000000008a9c6408) 
thrown [s\open\src\hotspot\share\interpreter\linkResolver.cpp, line 774]
Event: 1.089 Thread 0x00000283765c7bd0 Exception <a 'java/lang/NoSuchMethodError'{0x000000008a8f06a0}: 'int java.lang.invoke.DirectMethodHandle$Holder.invokeStaticInit(java.lang.Object, java.lang.Object)'> (0x000000008a8f06a0) 
thrown [s\open\src\hotspot\share\interpreter\linkResolver.cpp, line 774]
Event: 1.097 Thread 0x00000283765c7bd0 Exception <a 'java/lang/NoClassDefFoundError'{0x000000008a72a7a0}: javax/enterprise/inject/Typed> (0x000000008a72a7a0) 
thrown [s\open\src\hotspot\share\classfile\systemDictionary.cpp, line 244]

VM Operations (20 events):
Event: 0.433 Executing VM operation: HandshakeAllThreads
Event: 0.433 Executing VM operation: HandshakeAllThreads done
Event: 0.452 Executing VM operation: HandshakeAllThreads
Event: 0.452 Executing VM operation: HandshakeAllThreads done
Event: 0.616 Executing VM operation: HandshakeAllThreads
Event: 0.616 Executing VM operation: HandshakeAllThreads done
Event: 1.100 Executing VM operation: ICBufferFull
Event: 1.101 Executing VM operation: ICBufferFull done
Event: 1.154 Executing VM operation: G1CollectForAllocation
Event: 1.166 Executing VM operation: G1CollectForAllocation done
Event: 1.167 Executing VM operation: HandshakeAllThreads
Event: 1.167 Executing VM operation: HandshakeAllThreads done
Event: 1.800 Executing VM operation: HandshakeAllThreads
Event: 1.800 Executing VM operation: HandshakeAllThreads done
Event: 1.897 Executing VM operation: HandshakeAllThreads
Event: 1.897 Executing VM operation: HandshakeAllThreads done
Event: 1.925 Executing VM operation: ICBufferFull
Event: 1.925 Executing VM operation: ICBufferFull done
Event: 1.980 Executing VM operation: G1CollectForAllocation
Event: 1.989 Executing VM operation: G1CollectForAllocation done

Events (16 events):
Event: 0.028 Thread 0x00000283765c7bd0 Thread added: 0x00000283765c7bd0
Event: 0.044 Thread 0x000002837fe58480 Thread added: 0x000002837fe58480
Event: 0.044 Thread 0x000002837fe58fc0 Thread added: 0x000002837fe58fc0
Event: 0.045 Thread 0x000002837fe5df30 Thread added: 0x000002837fe5df30
Event: 0.045 Thread 0x000002837fe5e950 Thread added: 0x000002837fe5e950
Event: 0.045 Thread 0x000002837fe5f370 Thread added: 0x000002837fe5f370
Event: 0.045 Thread 0x000002837fe621b0 Thread added: 0x000002837fe621b0
Event: 0.045 Thread 0x000002837fe76f90 Thread added: 0x000002837fe76f90
Event: 0.045 Thread 0x000002837fe7d530 Thread added: 0x000002837fe7d530
Event: 0.046 Thread 0x000002837fe862c0 Thread added: 0x000002837fe862c0
Event: 0.071 Thread 0x00000283191195f0 Thread added: 0x00000283191195f0
Event: 0.075 Thread 0x00000283191180b0 Thread added: 0x00000283191180b0
Event: 0.441 Thread 0x0000028319118600 Thread added: 0x0000028319118600
Event: 0.634 Thread 0x0000028319567870 Thread added: 0x0000028319567870
Event: 0.891 Thread 0x0000028319567870 Thread exited: 0x0000028319567870
Event: 1.051 Thread 0x0000028319118600 Thread exited: 0x0000028319118600


Dynamic libraries:
0x00007ff7529c0000 - 0x00007ff7529d0000 	C:\Program Files\Java\jdk-19\bin\java.exe
0x00007ffd026f0000 - 0x00007ffd028e8000 	C:\WINDOWS\SYSTEM32\ntdll.dll
0x00007ffd012a0000 - 0x00007ffd01362000 	C:\WINDOWS\System32\KERNEL32.DLL
0x00007ffd00330000 - 0x00007ffd00626000 	C:\WINDOWS\System32\KERNELBASE.dll
0x00007ffcffdb0000 - 0x00007ffcffeb0000 	C:\WINDOWS\System32\ucrtbase.dll
0x00007ffccd4e0000 - 0x00007ffccd4f8000 	C:\Program Files\Java\jdk-19\bin\jli.dll
0x00007ffccd4c0000 - 0x00007ffccd4db000 	C:\Program Files\Java\jdk-19\bin\VCRUNTIME140.dll
0x00007ffd00720000 - 0x00007ffd007d1000 	C:\WINDOWS\System32\ADVAPI32.dll
0x00007ffd01160000 - 0x00007ffd011fe000 	C:\WINDOWS\System32\msvcrt.dll
0x00007ffd01200000 - 0x00007ffd0129f000 	C:\WINDOWS\System32\sechost.dll
0x00007ffd016c0000 - 0x00007ffd017e0000 	C:\WINDOWS\System32\RPCRT4.dll
0x00007ffcffd80000 - 0x00007ffcffda7000 	C:\WINDOWS\System32\bcrypt.dll
0x00007ffd01370000 - 0x00007ffd01511000 	C:\WINDOWS\System32\USER32.dll
0x00007ffd00630000 - 0x00007ffd00652000 	C:\WINDOWS\System32\win32u.dll
0x00007ffd02610000 - 0x00007ffd0263b000 	C:\WINDOWS\System32\GDI32.dll
0x00007ffce8900000 - 0x00007ffce8b9b000 	C:\WINDOWS\WinSxS\amd64_microsoft.windows.common-controls_6595b64144ccf1df_6.0.19041.6456_none_60b8a6cb71f64256\COMCTL32.dll
0x00007ffd00010000 - 0x00007ffd00129000 	C:\WINDOWS\System32\gdi32full.dll
0x00007ffd00130000 - 0x00007ffd001cd000 	C:\WINDOWS\System32\msvcp_win.dll
0x00007ffcf7cb0000 - 0x00007ffcf7cba000 	C:\WINDOWS\SYSTEM32\VERSION.dll
0x00007ffd01010000 - 0x00007ffd0103f000 	C:\WINDOWS\System32\IMM32.DLL
0x00007ffcdd600000 - 0x00007ffcdd60c000 	C:\Program Files\Java\jdk-19\bin\vcruntime140_1.dll
0x00007ffcaee10000 - 0x00007ffcaee9e000 	C:\Program Files\Java\jdk-19\bin\msvcp140.dll
0x00007ffc5a020000 - 0x00007ffc5ace0000 	C:\Program Files\Java\jdk-19\bin\server\jvm.dll
0x00007ffcf9620000 - 0x00007ffcf9629000 	C:\WINDOWS\SYSTEM32\WSOCK32.dll
0x00007ffd01650000 - 0x00007ffd016bb000 	C:\WINDOWS\System32\WS2_32.dll
0x00007ffcfd870000 - 0x00007ffcfd897000 	C:\WINDOWS\SYSTEM32\WINMM.dll
0x00007ffcfe550000 - 0x00007ffcfe562000 	C:\WINDOWS\SYSTEM32\kernel.appcore.dll
0x00007ffcd8d30000 - 0x00007ffcd8d3a000 	C:\Program Files\Java\jdk-19\bin\jimage.dll
0x00007ffcfe320000 - 0x00007ffcfe521000 	C:\WINDOWS\SYSTEM32\DBGHELP.DLL
0x00007ffcfd830000 - 0x00007ffcfd864000 	C:\WINDOWS\SYSTEM32\dbgcore.DLL
0x00007ffcffeb0000 - 0x00007ffcfff32000 	C:\WINDOWS\System32\bcryptPrimitives.dll
0x00007ffccc450000 - 0x00007ffccc476000 	C:\Program Files\Java\jdk-19\bin\java.dll
0x00007ffcad680000 - 0x00007ffcad757000 	C:\Program Files\Java\jdk-19\bin\jsvml.dll
0x00007ffd017e0000 - 0x00007ffd01f50000 	C:\WINDOWS\System32\SHELL32.dll
0x00007ffcfdaa0000 - 0x00007ffcfe245000 	C:\WINDOWS\SYSTEM32\windows.storage.dll
0x00007ffd00cb0000 - 0x00007ffd01004000 	C:\WINDOWS\System32\combase.dll
0x00007ffcff7b0000 - 0x00007ffcff7db000 	C:\WINDOWS\SYSTEM32\Wldp.dll
0x00007ffd00b20000 - 0x00007ffd00bed000 	C:\WINDOWS\System32\OLEAUT32.dll
0x00007ffd00c00000 - 0x00007ffd00cad000 	C:\WINDOWS\System32\SHCORE.dll
0x00007ffd01100000 - 0x00007ffd0115b000 	C:\WINDOWS\System32\shlwapi.dll
0x00007ffcffcb0000 - 0x00007ffcffcd4000 	C:\WINDOWS\SYSTEM32\profapi.dll
0x00007ffccc570000 - 0x00007ffccc583000 	C:\Program Files\Java\jdk-19\bin\net.dll
0x00007ffcfc5a0000 - 0x00007ffcfc6aa000 	C:\WINDOWS\SYSTEM32\WINHTTP.dll
0x00007ffcff4a0000 - 0x00007ffcff50a000 	C:\WINDOWS\system32\mswsock.dll
0x00007ffcc5070000 - 0x00007ffcc5086000 	C:\Program Files\Java\jdk-19\bin\nio.dll
0x00007ffcc4960000 - 0x00007ffcc4978000 	C:\Program Files\Java\jdk-19\bin\zip.dll
0x00007ffcc4720000 - 0x00007ffcc4744000 	C:\Users\Boricia\.m2\wrapper\dists\apache-maven-3.9.12\59fe215c0ad6947fea90184bf7add084544567b927287592651fda3782e0e798\lib\jansi-native\Windows\x86_64\jansi.dll
0x00007ffcd8500000 - 0x00007ffcd8510000 	C:\Program Files\Java\jdk-19\bin\verify.dll

dbghelp: loaded successfully - version: 4.0.5 - missing functions: none
symbol engine: initialized successfully - sym options: 0x614 - pdb path: .;C:\Program Files\Java\jdk-19\bin;C:\WINDOWS\SYSTEM32;C:\WINDOWS\WinSxS\amd64_microsoft.windows.common-controls_6595b64144ccf1df_6.0.19041.6456_none_60b8a6cb71f64256;C:\Program Files\Java\jdk-19\bin\server;C:\Users\Boricia\.m2\wrapper\dists\apache-maven-3.9.12\59fe215c0ad6947fea90184bf7add084544567b927287592651fda3782e0e798\lib\jansi-native\Windows\x86_64

VM Arguments:
jvm_args: --enable-native-access=ALL-UNNAMED -Dclassworlds.conf=C:\Users\Boricia\.m2\wrapper\dists\apache-maven-3.9.12\59fe215c0ad6947fea90184bf7add084544567b927287592651fda3782e0e798\bin\m2.conf -Dmaven.home=C:\Users\Boricia\.m2\wrapper\dists\apache-maven-3.9.12\59fe215c0ad6947fea90184bf7add084544567b927287592651fda3782e0e798 -Dlibrary.jansi.path=C:\Users\Boricia\.m2\wrapper\dists\apache-maven-3.9.12\59fe215c0ad6947fea90184bf7add084544567b927287592651fda3782e0e798\lib\jansi-native -Dmaven.multiModuleProjectDirectory=C:\Users\Boricia\Documents\Projet spring\ecommerce 
java_command: org.codehaus.plexus.classworlds.launcher.Launcher -Didea.version=2025.2.5 -Dmaven.ext.class.path=C:\Program Files\JetBrains\IntelliJ IDEA Community Edition 2025.2.5\plugins\maven\lib\maven-event-listener.jar -Djansi.passthrough=true -Dstyle.color=always -Dmaven.repo.local=C:\Users\Boricia\.m2\repository spring-boot:run
java_class_path (initial): C:\Users\Boricia\.m2\wrapper\dists\apache-maven-3.9.12\59fe215c0ad6947fea90184bf7add084544567b927287592651fda3782e0e798\boot\plexus-classworlds-2.9.0.jar
Launcher Type: SUN_STANDARD

[Global flags]
     intx CICompilerCount                          = 4                                         {product} {ergonomic}
     uint ConcGCThreads                            = 2                                         {product} {ergonomic}
     uint G1ConcRefinementThreads                  = 8                                         {product} {ergonomic}
   size_t G1HeapRegionSize                         = 1048576                                   {product} {ergonomic}
    uintx GCDrainStackTargetSize                   = 64                                        {product} {ergonomic}
   size_t InitialHeapSize                          = 130023424                                 {product} {ergonomic}
   size_t MarkStackSize                            = 4194304                                   {product} {ergonomic}
   size_t MaxHeapSize                              = 2080374784                                {product} {ergonomic}
   size_t MaxNewSize                               = 1247805440                                {product} {ergonomic}
   size_t MinHeapDeltaBytes                        = 1048576                                   {product} {ergonomic}
   size_t MinHeapSize                              = 8388608                                   {product} {ergonomic}
    uintx NonNMethodCodeHeapSize                   = 5839372                                {pd product} {ergonomic}
    uintx NonProfiledCodeHeapSize                  = 122909434                              {pd product} {ergonomic}
    uintx ProfiledCodeHeapSize                     = 122909434                              {pd product} {ergonomic}
    uintx ReservedCodeCacheSize                    = 251658240                              {pd product} {ergonomic}
     bool SegmentedCodeCache                       = true                                      {product} {ergonomic}
   size_t SoftMaxHeapSize                          = 2080374784                             {manageable} {ergonomic}
     bool UseCompressedClassPointers               = true                           {product lp64_product} {ergonomic}
     bool UseCompressedOops                        = true                           {product lp64_product} {ergonomic}
     bool UseG1GC                                  = true                                      {product} {ergonomic}
     bool UseLargePagesIndividualAllocation        = false                                  {pd product} {ergonomic}

Logging:
Log output configuration:
 #0: stdout all=warning uptime,level,tags foldmultilines=false
 #1: stderr all=off uptime,level,tags foldmultilines=false

Environment Variables:
JAVA_HOME=C:\Program Files\Java\jdk-19
PATH=C:\Program Files\Common Files\Oracle\Java\javapath;C:\WINDOWS\system32;C:\WINDOWS;C:\WINDOWS\System32\Wbem;C:\WINDOWS\System32\WindowsPowerShell\v1.0\;C:\WINDOWS\System32\OpenSSH\;C:\Program Files\dotnet\;C:\Program Files\Microsoft SQL Server\150\Tools\Binn\;C:\Program Files\Microsoft SQL Server\Client SDK\ODBC\170\Tools\Binn\;C:\Program Files\MongoDB\Server\6.0\bin;C:\Program Files\Git\cmd;C:\Program Files\nodejs\;C:\Program Files\wkhtmltopdf\bin;C:\Program Files\Docker\Docker\resources\bin;C:\Program Files (x86)\Microsoft SQL Server\160\Tools\Binn\;C:\Program Files\Microsoft SQL Server\160\Tools\Binn\;C:\Program Files\Microsoft SQL Server\160\DTS\Binn\;C:\Program Files (x86)\Microsoft SQL Server\160\DTS\Binn\;C:\Program Files\Azure Data Studio\bin;C:\Program Files\MATLAB\R2023b\bin;C:\Program Files\IBM\SPSS\Statistics\25\JRE\bin;C:\Windows\System32\cmd.exe;C:\Users\Boricia\AppData\Local\Microsoft\WindowsApps;C:\Users\Boricia\.dotnet\tools;C:\Users\Boricia\AppData\Local\Packages\PythonSoftwareFoundation.Python.3.10_qbz5n2kfra8p0\LocalCache\Roaming\Python\Scripts;C:\Users\Boricia\AppData\Roaming\npm;C:\Users\Boricia\AppData\Local\Programs\Microsoft VS Code\bin;
USERNAME=Boricia
OS=Windows_NT
PROCESSOR_IDENTIFIER=Intel64 Family 6 Model 140 Stepping 1, GenuineIntel
TMP=C:\Users\Boricia\AppData\Local\Temp
TEMP=C:\Users\Boricia\AppData\Local\Temp



---------------  S Y S T E M  ---------------

OS:
 Windows 10 , 64 bit Build 19041 (10.0.19041.5915)
OS uptime: 7 days 2:16 hours
Hyper-V role detected

CPU: total 8 (initial active 8) (4 cores per cpu, 2 threads per core) family 6 model 140 stepping 1 microcode 0xa4, cx8, cmov, fxsr, ht, mmx, 3dnowpref, sse, sse2, sse3, ssse3, sse4.1, sse4.2, popcnt, lzcnt, tsc, tscinvbit, avx, avx2, aes, erms, clmul, bmi1, bmi2, adx, avx512f, avx512dq, avx512cd, avx512bw, avx512vl, sha, fma, vzeroupper, avx512_vpopcntdq, avx512_vpclmulqdq, avx512_vaes, avx512_vnni, clflush, clflushopt, clwb, avx512_vbmi2, avx512_vbmi, hv, rdtscp, rdpid, fsrm, gfni, avx512_bitalg

Memory: 4k page, system-wide physical 7930M (363M free)
TotalPageFile size 32506M (AvailPageFile size 0M)
current process WorkingSet (physical memory assigned to process): 98M, peak: 98M
current process commit charge ("private bytes"): 229M, peak: 230M

vm_info: Java HotSpot(TM) 64-Bit Server VM (19.0.2+7-44) for windows-amd64 JRE (19.0.2+7-44), built on 2022-11-30T18:02:09Z by "mach5one" with MS VC++ 17.1 (VS2022)

END.
