#
# There is insufficient memory for the Java Runtime Environment to continue.
# Native memory allocation (malloc) failed to allocate 1104336 bytes for Chunk::new
# Possible reasons:
#   The system is out of physical RAM or swap space
#   The process is running with CompressedOops enabled, and the Java Heap may be blocking the growth of the native heap
# Possible solutions:
#   Reduce memory load on the system
#   Increase physical memory or swap space
#   Check if swap backing store is full
#   Decrease Java heap size (-Xmx/-Xms)
#   Decrease number of Java threads
#   Decrease Java thread stack sizes (-Xss)
#   Set larger code cache with -XX:ReservedCodeCacheSize=
#   JVM is running with Unscaled Compressed Oops mode in which the Java heap is
#     placed in the first 4GB address space. The Java Heap base address is the
#     maximum limit for the native heap growth. Please use -XX:HeapBaseMinAddress
#     to set the Java Heap base and to place the Java Heap above 4GB virtual address.
# This output file may be truncated or incomplete.
#
#  Out of Memory Error (arena.cpp:184), pid=16248, tid=19236
#
# JRE version: Java(TM) SE Runtime Environment (19.0.2+7) (build 19.0.2+7-44)
# Java VM: Java HotSpot(TM) 64-Bit Server VM (19.0.2+7-44, mixed mode, sharing, tiered, compressed oops, compressed class ptrs, g1 gc, windows-amd64)
# No core dump will be written. Minidumps are not enabled by default on client versions of Windows
#

---------------  S U M M A R Y ------------

Command Line: --enable-native-access=ALL-UNNAMED -Dclassworlds.conf=C:\Users\Boricia\.m2\wrapper\dists\apache-maven-3.9.12\59fe215c0ad6947fea90184bf7add084544567b927287592651fda3782e0e798\bin\m2.conf -Dmaven.home=C:\Users\Boricia\.m2\wrapper\dists\apache-maven-3.9.12\59fe215c0ad6947fea90184bf7add084544567b927287592651fda3782e0e798 -Dlibrary.jansi.path=C:\Users\Boricia\.m2\wrapper\dists\apache-maven-3.9.12\59fe215c0ad6947fea90184bf7add084544567b927287592651fda3782e0e798\lib\jansi-native -Dmaven.multiModuleProjectDirectory=C:\Users\Boricia\Documents\Projet spring\ecommerce org.codehaus.plexus.classworlds.launcher.Launcher -Didea.version=2025.2.5 -Dmaven.ext.class.path=C:\Program Files\JetBrains\IntelliJ IDEA Community Edition 2025.2.5\plugins\maven\lib\maven-event-listener.jar -Djansi.passthrough=true -Dstyle.color=always -Dmaven.repo.local=C:\Users\Boricia\.m2\repository spring-boot:run

Host: 11th Gen Intel(R) Core(TM) i5-11300H @ 3.10GHz, 8 cores, 7G,  Windows 10 , 64 bit Build 19041 (10.0.19041.5915)
Time: Fri Mar 13 21:38:45 2026 Europe de l , 64 bit Build 19041 (10.0.19041.5915) elapsed time: 29.656355 seconds (0d 0h 0m 29s)

---------------  T H R E A D  ---------------

Current thread (0x000001bd3af45f80):  JavaThread "C2 CompilerThread0" daemon [_thread_in_native, id=19236, stack(0x000000a1f0500000,0x000000a1f0600000)]


Current CompileTask:
C2:  29656 4506       4       org.eclipse.aether.util.graph.transformer.ConflictResolver$State::push (457 bytes)

Stack: [0x000000a1f0500000,0x000000a1f0600000]
Native frames: (J=compiled Java code, j=interpreted, Vv=VM code, C=native code)
V  [jvm.dll+0x6ee21a]
V  [jvm.dll+0x85765e]
V  [jvm.dll+0x85904e]
V  [jvm.dll+0x859703]
V  [jvm.dll+0x28298f]
V  [jvm.dll+0xc9adf]
V  [jvm.dll+0xc9e65]
V  [jvm.dll+0x3bca12]
V  [jvm.dll+0x3860e1]
V  [jvm.dll+0x38555a]
V  [jvm.dll+0x24c3d9]
V  [jvm.dll+0x24b781]
V  [jvm.dll+0x1d6ce1]
V  [jvm.dll+0x25b25a]
V  [jvm.dll+0x2596e8]
V  [jvm.dll+0x807588]
V  [jvm.dll+0x80125a]
V  [jvm.dll+0x6ecf0b]
C  [ucrtbase.dll+0x21bb2]
C  [KERNEL32.DLL+0x17374]
C  [ntdll.dll+0x4cc91]


---------------  P R O C E S S  ---------------

Threads class SMR info:
_java_thread_list=0x000001bd3fe450c0, length=13, elements={
0x000001bd1c8c6410, 0x000001bd3af2f0e0, 0x000001bd3af2fa10, 0x000001bd3af33d60,
0x000001bd3af34690, 0x000001bd3af34fc0, 0x000001bd3af411c0, 0x000001bd3af45f80,
0x000001bd3af468f0, 0x000001bd3af49270, 0x000001bd3f217320, 0x000001bd3f218330,
0x000001bd3ff3ee90
}

Java Threads: ( => current thread )
  0x000001bd1c8c6410 JavaThread "main" [_thread_in_native, id=11696, stack(0x000000a1ef800000,0x000000a1ef900000)]
  0x000001bd3af2f0e0 JavaThread "Reference Handler" daemon [_thread_blocked, id=30204, stack(0x000000a1eff00000,0x000000a1f0000000)]
  0x000001bd3af2fa10 JavaThread "Finalizer" daemon [_thread_blocked, id=32008, stack(0x000000a1f0000000,0x000000a1f0100000)]
  0x000001bd3af33d60 JavaThread "Signal Dispatcher" daemon [_thread_blocked, id=29740, stack(0x000000a1f0100000,0x000000a1f0200000)]
  0x000001bd3af34690 JavaThread "Attach Listener" daemon [_thread_blocked, id=30460, stack(0x000000a1f0200000,0x000000a1f0300000)]
  0x000001bd3af34fc0 JavaThread "Service Thread" daemon [_thread_blocked, id=21276, stack(0x000000a1f0300000,0x000000a1f0400000)]
  0x000001bd3af411c0 JavaThread "Monitor Deflation Thread" daemon [_thread_blocked, id=256, stack(0x000000a1f0400000,0x000000a1f0500000)]
=>0x000001bd3af45f80 JavaThread "C2 CompilerThread0" daemon [_thread_in_native, id=19236, stack(0x000000a1f0500000,0x000000a1f0600000)]
  0x000001bd3af468f0 JavaThread "C1 CompilerThread0" daemon [_thread_blocked, id=24224, stack(0x000000a1f0600000,0x000000a1f0700000)]
  0x000001bd3af49270 JavaThread "Sweeper thread" daemon [_thread_blocked, id=23460, stack(0x000000a1f0700000,0x000000a1f0800000)]
  0x000001bd3f217320 JavaThread "Notification Thread" daemon [_thread_blocked, id=29244, stack(0x000000a1f0800000,0x000000a1f0900000)]
  0x000001bd3f218330 JavaThread "Common-Cleaner" daemon [_thread_blocked, id=4008, stack(0x000000a1f0a00000,0x000000a1f0b00000)]
  0x000001bd3ff3ee90 JavaThread "Thread-1" daemon [_thread_blocked, id=22548, stack(0x000000a1f1200000,0x000000a1f1300000)]

Other Threads:
  0x000001bd3af15be0 VMThread "VM Thread" [stack: 0x000000a1efe00000,0x000000a1eff00000] [id=18016]
  0x000001bd3f217860 WatcherThread "VM Periodic Task Thread" [stack: 0x000000a1f0900000,0x000000a1f0a00000] [id=25336]
  0x000001bd1c925c40 WorkerThread "GC Thread#0" [stack: 0x000000a1ef900000,0x000000a1efa00000] [id=29412]
  0x000001bd3f75af60 WorkerThread "GC Thread#1" [stack: 0x000000a1f0b00000,0x000000a1f0c00000] [id=24764]
  0x000001bd3f75bd70 WorkerThread "GC Thread#2" [stack: 0x000000a1f0c00000,0x000000a1f0d00000] [id=33896]
  0x000001bd3f75b230 WorkerThread "GC Thread#3" [stack: 0x000000a1f0d00000,0x000000a1f0e00000] [id=30228]
  0x000001bd3f75ac90 WorkerThread "GC Thread#4" [stack: 0x000000a1f0e00000,0x000000a1f0f00000] [id=28752]
  0x000001bd3f75b500 WorkerThread "GC Thread#5" [stack: 0x000000a1f0f00000,0x000000a1f1000000] [id=22380]
  0x000001bd3f75a6f0 WorkerThread "GC Thread#6" [stack: 0x000000a1f1000000,0x000000a1f1100000] [id=16796]
  0x000001bd3f75b7d0 WorkerThread "GC Thread#7" [stack: 0x000000a1f1100000,0x000000a1f1200000] [id=26268]
  0x000001bd1c9372c0 ConcurrentGCThread "G1 Main Marker" [stack: 0x000000a1efa00000,0x000000a1efb00000] [id=16220]
  0x000001bd1c937c00 WorkerThread "G1 Conc#0" [stack: 0x000000a1efb00000,0x000000a1efc00000] [id=22348]
  0x000001bd1c98e1d0 ConcurrentGCThread "G1 Refine#0" [stack: 0x000000a1efc00000,0x000000a1efd00000] [id=13808]
  0x000001bd1c98eb20 ConcurrentGCThread "G1 Service" [stack: 0x000000a1efd00000,0x000000a1efe00000] [id=19932]

Threads with active compile tasks:
C2 CompilerThread0    29785 4506       4       org.eclipse.aether.util.graph.transformer.ConflictResolver$State::push (457 bytes)

VM state: not at safepoint (normal execution)

VM Mutex/Monitor currently owned by a thread: None

Heap address: 0x0000000084000000, size: 1984 MB, Compressed Oops mode: 32-bit

CDS archive(s) mapped at: [0x0000000800000000-0x0000000800c40000-0x0000000800c40000), size 12845056, SharedBaseAddress: 0x0000000800000000, ArchiveRelocationMode: 0.
Compressed class space mapped at: 0x0000000801000000-0x0000000841000000, reserved size: 1073741824
Narrow klass base: 0x0000000800000000, Narrow klass shift: 0, Narrow klass range: 0x100000000

GC Precious Log:
 CardTable entry size: 512
 Card Set container configuration: InlinePtr #cards 5 size 8 Array Of Cards #cards 12 size 40 Howl #buckets 4 coarsen threshold 1843 Howl Bitmap #cards 512 size 80 coarsen threshold 460 Card regions per heap region 1 cards per card region 2048
 CPUs: 8 total, 8 available
 Memory: 7930M
 Large Page Support: Disabled
 NUMA Support: Disabled
 Compressed Oops: Enabled (32-bit)
 Heap Region Size: 1M
 Heap Min Capacity: 8M
 Heap Initial Capacity: 124M
 Heap Max Capacity: 1984M
 Pre-touch: Disabled
 Parallel Workers: 8
 Concurrent Workers: 2
 Concurrent Refinement Workers: 8
 Periodic GC: Disabled

Heap:
 garbage-first heap   total 126976K, used 47257K [0x0000000084000000, 0x0000000100000000)
  region size 1024K, 44 young (45056K), 10 survivors (10240K)
 Metaspace       used 16528K, committed 16832K, reserved 1114112K
  class space    used 1827K, committed 1920K, reserved 1048576K

Heap Regions: E=young(eden), S=young(survivor), O=old, HS=humongous(starts), HC=humongous(continues), CS=collection set, F=free, OA=open archive, CA=closed archive, TAMS=top-at-mark-start (previous, next)
|   0|0x0000000084000000, 0x0000000084100000, 0x0000000084100000|100%| O|  |TAMS 0x0000000084000000, 0x0000000084000000| Untracked 
|   1|0x0000000084100000, 0x0000000084200000, 0x0000000084200000|100%| O|  |TAMS 0x0000000084100000, 0x0000000084100000| Untracked 
|   2|0x0000000084200000, 0x0000000084300000, 0x0000000084300000|100%| O|  |TAMS 0x0000000084200000, 0x0000000084200000| Untracked 
|   3|0x0000000084300000, 0x0000000084389e00, 0x0000000084400000| 53%| O|  |TAMS 0x0000000084300000, 0x0000000084300000| Untracked 
|   4|0x0000000084400000, 0x0000000084400000, 0x0000000084500000|  0%| F|  |TAMS 0x0000000084400000, 0x0000000084400000| Untracked 
|   5|0x0000000084500000, 0x0000000084500000, 0x0000000084600000|  0%| F|  |TAMS 0x0000000084500000, 0x0000000084500000| Untracked 
|   6|0x0000000084600000, 0x0000000084600000, 0x0000000084700000|  0%| F|  |TAMS 0x0000000084600000, 0x0000000084600000| Untracked 
|   7|0x0000000084700000, 0x0000000084700000, 0x0000000084800000|  0%| F|  |TAMS 0x0000000084700000, 0x0000000084700000| Untracked 
|   8|0x0000000084800000, 0x0000000084800000, 0x0000000084900000|  0%| F|  |TAMS 0x0000000084800000, 0x0000000084800000| Untracked 
|   9|0x0000000084900000, 0x0000000084900000, 0x0000000084a00000|  0%| F|  |TAMS 0x0000000084900000, 0x0000000084900000| Untracked 
|  10|0x0000000084a00000, 0x0000000084a00000, 0x0000000084b00000|  0%| F|  |TAMS 0x0000000084a00000, 0x0000000084a00000| Untracked 
|  11|0x0000000084b00000, 0x0000000084b00000, 0x0000000084c00000|  0%| F|  |TAMS 0x0000000084b00000, 0x0000000084b00000| Untracked 
|  12|0x0000000084c00000, 0x0000000084c00000, 0x0000000084d00000|  0%| F|  |TAMS 0x0000000084c00000, 0x0000000084c00000| Untracked 
|  13|0x0000000084d00000, 0x0000000084d00000, 0x0000000084e00000|  0%| F|  |TAMS 0x0000000084d00000, 0x0000000084d00000| Untracked 
|  14|0x0000000084e00000, 0x0000000084e00000, 0x0000000084f00000|  0%| F|  |TAMS 0x0000000084e00000, 0x0000000084e00000| Untracked 
|  15|0x0000000084f00000, 0x0000000084f00000, 0x0000000085000000|  0%| F|  |TAMS 0x0000000084f00000, 0x0000000084f00000| Untracked 
|  16|0x0000000085000000, 0x0000000085000000, 0x0000000085100000|  0%| F|  |TAMS 0x0000000085000000, 0x0000000085000000| Untracked 
|  17|0x0000000085100000, 0x0000000085100000, 0x0000000085200000|  0%| F|  |TAMS 0x0000000085100000, 0x0000000085100000| Untracked 
|  18|0x0000000085200000, 0x0000000085200000, 0x0000000085300000|  0%| F|  |TAMS 0x0000000085200000, 0x0000000085200000| Untracked 
|  19|0x0000000085300000, 0x0000000085300000, 0x0000000085400000|  0%| F|  |TAMS 0x0000000085300000, 0x0000000085300000| Untracked 
|  20|0x0000000085400000, 0x0000000085400000, 0x0000000085500000|  0%| F|  |TAMS 0x0000000085400000, 0x0000000085400000| Untracked 
|  21|0x0000000085500000, 0x0000000085500000, 0x0000000085600000|  0%| F|  |TAMS 0x0000000085500000, 0x0000000085500000| Untracked 
|  22|0x0000000085600000, 0x0000000085600000, 0x0000000085700000|  0%| F|  |TAMS 0x0000000085600000, 0x0000000085600000| Untracked 
|  23|0x0000000085700000, 0x0000000085700000, 0x0000000085800000|  0%| F|  |TAMS 0x0000000085700000, 0x0000000085700000| Untracked 
|  24|0x0000000085800000, 0x0000000085800000, 0x0000000085900000|  0%| F|  |TAMS 0x0000000085800000, 0x0000000085800000| Untracked 
|  25|0x0000000085900000, 0x0000000085900000, 0x0000000085a00000|  0%| F|  |TAMS 0x0000000085900000, 0x0000000085900000| Untracked 
|  26|0x0000000085a00000, 0x0000000085a00000, 0x0000000085b00000|  0%| F|  |TAMS 0x0000000085a00000, 0x0000000085a00000| Untracked 
|  27|0x0000000085b00000, 0x0000000085b00000, 0x0000000085c00000|  0%| F|  |TAMS 0x0000000085b00000, 0x0000000085b00000| Untracked 
|  28|0x0000000085c00000, 0x0000000085c00000, 0x0000000085d00000|  0%| F|  |TAMS 0x0000000085c00000, 0x0000000085c00000| Untracked 
|  29|0x0000000085d00000, 0x0000000085d00000, 0x0000000085e00000|  0%| F|  |TAMS 0x0000000085d00000, 0x0000000085d00000| Untracked 
|  30|0x0000000085e00000, 0x0000000085e00000, 0x0000000085f00000|  0%| F|  |TAMS 0x0000000085e00000, 0x0000000085e00000| Untracked 
|  31|0x0000000085f00000, 0x0000000085f00000, 0x0000000086000000|  0%| F|  |TAMS 0x0000000085f00000, 0x0000000085f00000| Untracked 
|  32|0x0000000086000000, 0x0000000086000000, 0x0000000086100000|  0%| F|  |TAMS 0x0000000086000000, 0x0000000086000000| Untracked 
|  33|0x0000000086100000, 0x0000000086100000, 0x0000000086200000|  0%| F|  |TAMS 0x0000000086100000, 0x0000000086100000| Untracked 
|  34|0x0000000086200000, 0x0000000086200000, 0x0000000086300000|  0%| F|  |TAMS 0x0000000086200000, 0x0000000086200000| Untracked 
|  35|0x0000000086300000, 0x0000000086300000, 0x0000000086400000|  0%| F|  |TAMS 0x0000000086300000, 0x0000000086300000| Untracked 
|  36|0x0000000086400000, 0x0000000086400000, 0x0000000086500000|  0%| F|  |TAMS 0x0000000086400000, 0x0000000086400000| Untracked 
|  37|0x0000000086500000, 0x0000000086500000, 0x0000000086600000|  0%| F|  |TAMS 0x0000000086500000, 0x0000000086500000| Untracked 
|  38|0x0000000086600000, 0x0000000086600000, 0x0000000086700000|  0%| F|  |TAMS 0x0000000086600000, 0x0000000086600000| Untracked 
|  39|0x0000000086700000, 0x0000000086700000, 0x0000000086800000|  0%| F|  |TAMS 0x0000000086700000, 0x0000000086700000| Untracked 
|  40|0x0000000086800000, 0x000000008689c780, 0x0000000086900000| 61%| S|CS|TAMS 0x0000000086800000, 0x0000000086800000| Complete 
|  41|0x0000000086900000, 0x0000000086a00000, 0x0000000086a00000|100%| S|CS|TAMS 0x0000000086900000, 0x0000000086900000| Complete 
|  42|0x0000000086a00000, 0x0000000086b00000, 0x0000000086b00000|100%| S|CS|TAMS 0x0000000086a00000, 0x0000000086a00000| Complete 
|  43|0x0000000086b00000, 0x0000000086c00000, 0x0000000086c00000|100%| S|CS|TAMS 0x0000000086b00000, 0x0000000086b00000| Complete 
|  44|0x0000000086c00000, 0x0000000086d00000, 0x0000000086d00000|100%| S|CS|TAMS 0x0000000086c00000, 0x0000000086c00000| Complete 
|  45|0x0000000086d00000, 0x0000000086e00000, 0x0000000086e00000|100%| S|CS|TAMS 0x0000000086d00000, 0x0000000086d00000| Complete 
|  46|0x0000000086e00000, 0x0000000086f00000, 0x0000000086f00000|100%| S|CS|TAMS 0x0000000086e00000, 0x0000000086e00000| Complete 
|  47|0x0000000086f00000, 0x0000000087000000, 0x0000000087000000|100%| S|CS|TAMS 0x0000000086f00000, 0x0000000086f00000| Complete 
|  48|0x0000000087000000, 0x0000000087100000, 0x0000000087100000|100%| S|CS|TAMS 0x0000000087000000, 0x0000000087000000| Complete 
|  49|0x0000000087100000, 0x0000000087200000, 0x0000000087200000|100%| S|CS|TAMS 0x0000000087100000, 0x0000000087100000| Complete 
|  50|0x0000000087200000, 0x0000000087200000, 0x0000000087300000|  0%| F|  |TAMS 0x0000000087200000, 0x0000000087200000| Untracked 
|  51|0x0000000087300000, 0x0000000087300000, 0x0000000087400000|  0%| F|  |TAMS 0x0000000087300000, 0x0000000087300000| Untracked 
|  52|0x0000000087400000, 0x0000000087400000, 0x0000000087500000|  0%| F|  |TAMS 0x0000000087400000, 0x0000000087400000| Untracked 
|  53|0x0000000087500000, 0x0000000087500000, 0x0000000087600000|  0%| F|  |TAMS 0x0000000087500000, 0x0000000087500000| Untracked 
|  54|0x0000000087600000, 0x0000000087600000, 0x0000000087700000|  0%| F|  |TAMS 0x0000000087600000, 0x0000000087600000| Untracked 
|  55|0x0000000087700000, 0x0000000087700000, 0x0000000087800000|  0%| F|  |TAMS 0x0000000087700000, 0x0000000087700000| Untracked 
|  56|0x0000000087800000, 0x0000000087800000, 0x0000000087900000|  0%| F|  |TAMS 0x0000000087800000, 0x0000000087800000| Untracked 
|  57|0x0000000087900000, 0x0000000087900000, 0x0000000087a00000|  0%| F|  |TAMS 0x0000000087900000, 0x0000000087900000| Untracked 
|  58|0x0000000087a00000, 0x0000000087a00000, 0x0000000087b00000|  0%| F|  |TAMS 0x0000000087a00000, 0x0000000087a00000| Untracked 
|  59|0x0000000087b00000, 0x0000000087b00000, 0x0000000087c00000|  0%| F|  |TAMS 0x0000000087b00000, 0x0000000087b00000| Untracked 
|  60|0x0000000087c00000, 0x0000000087c00000, 0x0000000087d00000|  0%| F|  |TAMS 0x0000000087c00000, 0x0000000087c00000| Untracked 
|  61|0x0000000087d00000, 0x0000000087d00000, 0x0000000087e00000|  0%| F|  |TAMS 0x0000000087d00000, 0x0000000087d00000| Untracked 
|  62|0x0000000087e00000, 0x0000000087e00000, 0x0000000087f00000|  0%| F|  |TAMS 0x0000000087e00000, 0x0000000087e00000| Untracked 
|  63|0x0000000087f00000, 0x0000000087f00000, 0x0000000088000000|  0%| F|  |TAMS 0x0000000087f00000, 0x0000000087f00000| Untracked 
|  64|0x0000000088000000, 0x0000000088000000, 0x0000000088100000|  0%| F|  |TAMS 0x0000000088000000, 0x0000000088000000| Untracked 
|  65|0x0000000088100000, 0x0000000088100000, 0x0000000088200000|  0%| F|  |TAMS 0x0000000088100000, 0x0000000088100000| Untracked 
|  66|0x0000000088200000, 0x0000000088200000, 0x0000000088300000|  0%| F|  |TAMS 0x0000000088200000, 0x0000000088200000| Untracked 
|  67|0x0000000088300000, 0x0000000088300000, 0x0000000088400000|  0%| F|  |TAMS 0x0000000088300000, 0x0000000088300000| Untracked 
|  68|0x0000000088400000, 0x0000000088400000, 0x0000000088500000|  0%| F|  |TAMS 0x0000000088400000, 0x0000000088400000| Untracked 
|  69|0x0000000088500000, 0x0000000088500000, 0x0000000088600000|  0%| F|  |TAMS 0x0000000088500000, 0x0000000088500000| Untracked 
|  70|0x0000000088600000, 0x0000000088600000, 0x0000000088700000|  0%| F|  |TAMS 0x0000000088600000, 0x0000000088600000| Untracked 
|  71|0x0000000088700000, 0x0000000088700000, 0x0000000088800000|  0%| F|  |TAMS 0x0000000088700000, 0x0000000088700000| Untracked 
|  72|0x0000000088800000, 0x0000000088800000, 0x0000000088900000|  0%| F|  |TAMS 0x0000000088800000, 0x0000000088800000| Untracked 
|  73|0x0000000088900000, 0x0000000088900000, 0x0000000088a00000|  0%| F|  |TAMS 0x0000000088900000, 0x0000000088900000| Untracked 
|  74|0x0000000088a00000, 0x0000000088a00000, 0x0000000088b00000|  0%| F|  |TAMS 0x0000000088a00000, 0x0000000088a00000| Untracked 
|  75|0x0000000088b00000, 0x0000000088b00000, 0x0000000088c00000|  0%| F|  |TAMS 0x0000000088b00000, 0x0000000088b00000| Untracked 
|  76|0x0000000088c00000, 0x0000000088c00000, 0x0000000088d00000|  0%| F|  |TAMS 0x0000000088c00000, 0x0000000088c00000| Untracked 
|  77|0x0000000088d00000, 0x0000000088d00000, 0x0000000088e00000|  0%| F|  |TAMS 0x0000000088d00000, 0x0000000088d00000| Untracked 
|  78|0x0000000088e00000, 0x0000000088e00000, 0x0000000088f00000|  0%| F|  |TAMS 0x0000000088e00000, 0x0000000088e00000| Untracked 
|  79|0x0000000088f00000, 0x0000000088f00000, 0x0000000089000000|  0%| F|  |TAMS 0x0000000088f00000, 0x0000000088f00000| Untracked 
|  80|0x0000000089000000, 0x0000000089000000, 0x0000000089100000|  0%| F|  |TAMS 0x0000000089000000, 0x0000000089000000| Untracked 
|  81|0x0000000089100000, 0x0000000089100000, 0x0000000089200000|  0%| F|  |TAMS 0x0000000089100000, 0x0000000089100000| Untracked 
|  82|0x0000000089200000, 0x0000000089200000, 0x0000000089300000|  0%| F|  |TAMS 0x0000000089200000, 0x0000000089200000| Untracked 
|  83|0x0000000089300000, 0x0000000089300000, 0x0000000089400000|  0%| F|  |TAMS 0x0000000089300000, 0x0000000089300000| Untracked 
|  84|0x0000000089400000, 0x0000000089400000, 0x0000000089500000|  0%| F|  |TAMS 0x0000000089400000, 0x0000000089400000| Untracked 
|  85|0x0000000089500000, 0x0000000089500000, 0x0000000089600000|  0%| F|  |TAMS 0x0000000089500000, 0x0000000089500000| Untracked 
|  86|0x0000000089600000, 0x0000000089600000, 0x0000000089700000|  0%| F|  |TAMS 0x0000000089600000, 0x0000000089600000| Untracked 
|  87|0x0000000089700000, 0x0000000089700000, 0x0000000089800000|  0%| F|  |TAMS 0x0000000089700000, 0x0000000089700000| Untracked 
|  88|0x0000000089800000, 0x0000000089800000, 0x0000000089900000|  0%| F|  |TAMS 0x0000000089800000, 0x0000000089800000| Untracked 
|  89|0x0000000089900000, 0x0000000089900000, 0x0000000089a00000|  0%| F|  |TAMS 0x0000000089900000, 0x0000000089900000| Untracked 
|  90|0x0000000089a00000, 0x0000000089b00000, 0x0000000089b00000|100%| E|  |TAMS 0x0000000089a00000, 0x0000000089a00000| Complete 
|  91|0x0000000089b00000, 0x0000000089c00000, 0x0000000089c00000|100%| E|CS|TAMS 0x0000000089b00000, 0x0000000089b00000| Complete 
|  92|0x0000000089c00000, 0x0000000089d00000, 0x0000000089d00000|100%| E|CS|TAMS 0x0000000089c00000, 0x0000000089c00000| Complete 
|  93|0x0000000089d00000, 0x0000000089e00000, 0x0000000089e00000|100%| E|CS|TAMS 0x0000000089d00000, 0x0000000089d00000| Complete 
|  94|0x0000000089e00000, 0x0000000089f00000, 0x0000000089f00000|100%| E|CS|TAMS 0x0000000089e00000, 0x0000000089e00000| Complete 
|  95|0x0000000089f00000, 0x000000008a000000, 0x000000008a000000|100%| E|CS|TAMS 0x0000000089f00000, 0x0000000089f00000| Complete 
|  96|0x000000008a000000, 0x000000008a100000, 0x000000008a100000|100%| E|CS|TAMS 0x000000008a000000, 0x000000008a000000| Complete 
|  97|0x000000008a100000, 0x000000008a200000, 0x000000008a200000|100%| E|CS|TAMS 0x000000008a100000, 0x000000008a100000| Complete 
|  98|0x000000008a200000, 0x000000008a300000, 0x000000008a300000|100%| E|CS|TAMS 0x000000008a200000, 0x000000008a200000| Complete 
|  99|0x000000008a300000, 0x000000008a400000, 0x000000008a400000|100%| E|CS|TAMS 0x000000008a300000, 0x000000008a300000| Complete 
| 100|0x000000008a400000, 0x000000008a500000, 0x000000008a500000|100%| E|CS|TAMS 0x000000008a400000, 0x000000008a400000| Complete 
| 101|0x000000008a500000, 0x000000008a600000, 0x000000008a600000|100%| E|CS|TAMS 0x000000008a500000, 0x000000008a500000| Complete 
| 102|0x000000008a600000, 0x000000008a700000, 0x000000008a700000|100%| E|CS|TAMS 0x000000008a600000, 0x000000008a600000| Complete 
| 103|0x000000008a700000, 0x000000008a800000, 0x000000008a800000|100%| E|CS|TAMS 0x000000008a700000, 0x000000008a700000| Complete 
| 104|0x000000008a800000, 0x000000008a900000, 0x000000008a900000|100%| E|CS|TAMS 0x000000008a800000, 0x000000008a800000| Complete 
| 105|0x000000008a900000, 0x000000008aa00000, 0x000000008aa00000|100%| E|CS|TAMS 0x000000008a900000, 0x000000008a900000| Complete 
| 106|0x000000008aa00000, 0x000000008ab00000, 0x000000008ab00000|100%| E|CS|TAMS 0x000000008aa00000, 0x000000008aa00000| Complete 
| 107|0x000000008ab00000, 0x000000008ac00000, 0x000000008ac00000|100%| E|CS|TAMS 0x000000008ab00000, 0x000000008ab00000| Complete 
| 108|0x000000008ac00000, 0x000000008ad00000, 0x000000008ad00000|100%| E|CS|TAMS 0x000000008ac00000, 0x000000008ac00000| Complete 
| 109|0x000000008ad00000, 0x000000008ae00000, 0x000000008ae00000|100%| E|CS|TAMS 0x000000008ad00000, 0x000000008ad00000| Complete 
| 110|0x000000008ae00000, 0x000000008af00000, 0x000000008af00000|100%| E|CS|TAMS 0x000000008ae00000, 0x000000008ae00000| Complete 
| 111|0x000000008af00000, 0x000000008b000000, 0x000000008b000000|100%| E|CS|TAMS 0x000000008af00000, 0x000000008af00000| Complete 
| 112|0x000000008b000000, 0x000000008b100000, 0x000000008b100000|100%| E|CS|TAMS 0x000000008b000000, 0x000000008b000000| Complete 
| 113|0x000000008b100000, 0x000000008b200000, 0x000000008b200000|100%| E|CS|TAMS 0x000000008b100000, 0x000000008b100000| Complete 
| 114|0x000000008b200000, 0x000000008b300000, 0x000000008b300000|100%| E|CS|TAMS 0x000000008b200000, 0x000000008b200000| Complete 
| 115|0x000000008b300000, 0x000000008b400000, 0x000000008b400000|100%| E|CS|TAMS 0x000000008b300000, 0x000000008b300000| Complete 
| 116|0x000000008b400000, 0x000000008b500000, 0x000000008b500000|100%| E|CS|TAMS 0x000000008b400000, 0x000000008b400000| Complete 
| 117|0x000000008b500000, 0x000000008b600000, 0x000000008b600000|100%| E|CS|TAMS 0x000000008b500000, 0x000000008b500000| Complete 
| 118|0x000000008b600000, 0x000000008b700000, 0x000000008b700000|100%| E|CS|TAMS 0x000000008b600000, 0x000000008b600000| Complete 
| 119|0x000000008b700000, 0x000000008b800000, 0x000000008b800000|100%| E|CS|TAMS 0x000000008b700000, 0x000000008b700000| Complete 
| 120|0x000000008b800000, 0x000000008b900000, 0x000000008b900000|100%| E|CS|TAMS 0x000000008b800000, 0x000000008b800000| Complete 
| 121|0x000000008b900000, 0x000000008ba00000, 0x000000008ba00000|100%| E|CS|TAMS 0x000000008b900000, 0x000000008b900000| Complete 
| 122|0x000000008ba00000, 0x000000008bb00000, 0x000000008bb00000|100%| E|CS|TAMS 0x000000008ba00000, 0x000000008ba00000| Complete 
| 123|0x000000008bb00000, 0x000000008bc00000, 0x000000008bc00000|100%| E|CS|TAMS 0x000000008bb00000, 0x000000008bb00000| Complete 

Card table byte_map: [0x000001bd33f40000,0x000001bd34320000] _byte_map_base: 0x000001bd33b20000

Marking Bits (Prev, Next): (CMBitMap*) 0x000001bd1c927190, (CMBitMap*) 0x000001bd1c9271d0
 Prev Bits: [0x000001bd34700000, 0x000001bd36600000)
 Next Bits: [0x000001bd36600000, 0x000001bd38500000)

Polling page: 0x000001bd1a800000

Metaspace:

Usage:
  Non-class:     14.36 MB used.
      Class:      1.78 MB used.
       Both:     16.14 MB used.

Virtual space:
  Non-class space:       64.00 MB reserved,      14.56 MB ( 23%) committed,  1 nodes.
      Class space:        1.00 GB reserved,       1.88 MB ( <1%) committed,  1 nodes.
             Both:        1.06 GB reserved,      16.44 MB (  2%) committed. 

Chunk freelists:
   Non-Class:  1.23 MB
       Class:  1.94 MB
        Both:  3.17 MB

MaxMetaspaceSize: unlimited
CompressedClassSpaceSize: 1.00 GB
Initial GC threshold: 21.00 MB
Current GC threshold: 21.00 MB
CDS: on
MetaspaceReclaimPolicy: balanced
 - commit_granule_bytes: 65536.
 - commit_granule_words: 8192.
 - virtual_space_node_default_size: 8388608.
 - enlarge_chunks_in_place: 1.
 - new_chunks_are_fully_committed: 0.
 - uncommit_free_chunks: 1.
 - use_allocation_guard: 0.


Internal statistics:

num_allocs_failed_limit: 0.
num_arena_births: 150.
num_arena_deaths: 0.
num_vsnodes_births: 2.
num_vsnodes_deaths: 0.
num_space_committed: 263.
num_space_uncommitted: 0.
num_chunks_returned_to_freelist: 0.
num_chunks_taken_from_freelist: 744.
num_chunk_merges: 0.
num_chunk_splits: 498.
num_chunks_enlarged: 385.
num_inconsistent_stats: 0.

CodeHeap 'non-profiled nmethods': size=120000Kb used=2161Kb max_used=2161Kb free=117838Kb
 bounds [0x000001bd2c300000, 0x000001bd2c570000, 0x000001bd33830000]
CodeHeap 'profiled nmethods': size=120000Kb used=9717Kb max_used=9717Kb free=110282Kb
 bounds [0x000001bd24830000, 0x000001bd251b0000, 0x000001bd2bd60000]
CodeHeap 'non-nmethods': size=5760Kb used=1282Kb max_used=1332Kb free=4477Kb
 bounds [0x000001bd2bd60000, 0x000001bd2bfd0000, 0x000001bd2c300000]
 total_blobs=5023 nmethods=4545 adapters=388
 compilation: enabled
              stopped_count=0, restarted_count=0
 full_count=0

Compilation events (20 events):
Event: 29.451 Thread 0x000001bd3af468f0 4543       3       org.eclipse.aether.AbstractRepositoryListener::artifactResolving (1 bytes)
Event: 29.451 Thread 0x000001bd3af468f0 nmethod 4543 0x000001bd2519c990 code [0x000001bd2519cb20, 0x000001bd2519cc38]
Event: 29.451 Thread 0x000001bd3af468f0 4544       3       org.eclipse.aether.repository.LocalArtifactResult::setFile (7 bytes)
Event: 29.452 Thread 0x000001bd3af468f0 nmethod 4544 0x000001bd2519cd10 code [0x000001bd2519cea0, 0x000001bd2519cff8]
Event: 29.453 Thread 0x000001bd3af468f0 4545       3       org.eclipse.aether.repository.LocalArtifactResult::setAvailable (7 bytes)
Event: 29.453 Thread 0x000001bd3af468f0 nmethod 4545 0x000001bd2519d090 code [0x000001bd2519d220, 0x000001bd2519d338]
Event: 29.453 Thread 0x000001bd3af468f0 4546       3       org.eclipse.aether.repository.LocalArtifactResult::setRepository (7 bytes)
Event: 29.453 Thread 0x000001bd3af468f0 nmethod 4546 0x000001bd2519d410 code [0x000001bd2519d5a0, 0x000001bd2519d6f8]
Event: 29.453 Thread 0x000001bd3af468f0 4547       3       org.eclipse.aether.resolution.ArtifactResult::setArtifact (7 bytes)
Event: 29.454 Thread 0x000001bd3af468f0 nmethod 4547 0x000001bd2519d790 code [0x000001bd2519d920, 0x000001bd2519da78]
Event: 29.507 Thread 0x000001bd3af45f80 nmethod 4504 0x000001bd2c514f90 code [0x000001bd2c5153a0, 0x000001bd2c5185f8]
Event: 29.507 Thread 0x000001bd3af45f80 4501       4       java.util.IdentityHashMap::put (137 bytes)
Event: 29.524 Thread 0x000001bd3af45f80 nmethod 4501 0x000001bd2c51ad90 code [0x000001bd2c51af60, 0x000001bd2c51b788]
Event: 29.524 Thread 0x000001bd3af45f80 4494       4       java.lang.Integer::hashCode (8 bytes)
Event: 29.525 Thread 0x000001bd3af45f80 nmethod 4494 0x000001bd2c51bb90 code [0x000001bd2c51bd00, 0x000001bd2c51bd78]
Event: 29.525 Thread 0x000001bd3af45f80 4489       4       java.util.IdentityHashMap::maskNull (12 bytes)
Event: 29.525 Thread 0x000001bd3af45f80 nmethod 4489 0x000001bd2c51be90 code [0x000001bd2c51c000, 0x000001bd2c51c078]
Event: 29.525 Thread 0x000001bd3af45f80 4505       4       java.lang.Integer::equals (29 bytes)
Event: 29.526 Thread 0x000001bd3af45f80 nmethod 4505 0x000001bd2c51c190 code [0x000001bd2c51c320, 0x000001bd2c51c3d8]
Event: 29.527 Thread 0x000001bd3af45f80 4506       4       org.eclipse.aether.util.graph.transformer.ConflictResolver$State::push (457 bytes)

GC Heap History (6 events):
Event: 9.000 GC heap before
{Heap before GC invocations=0 (full 0):
 garbage-first heap   total 126976K, used 22528K [0x0000000084000000, 0x0000000100000000)
  region size 1024K, 23 young (23552K), 0 survivors (0K)
 Metaspace       used 5602K, committed 5824K, reserved 1114112K
  class space    used 636K, committed 768K, reserved 1048576K
}
Event: 9.030 GC heap after
{Heap after GC invocations=1 (full 0):
 garbage-first heap   total 126976K, used 3836K [0x0000000084000000, 0x0000000100000000)
  region size 1024K, 3 young (3072K), 3 survivors (3072K)
 Metaspace       used 5602K, committed 5824K, reserved 1114112K
  class space    used 636K, committed 768K, reserved 1048576K
}
Event: 12.380 GC heap before
{Heap before GC invocations=1 (full 0):
 garbage-first heap   total 126976K, used 34556K [0x0000000084000000, 0x0000000100000000)
  region size 1024K, 33 young (33792K), 3 survivors (3072K)
 Metaspace       used 9214K, committed 9344K, reserved 1114112K
  class space    used 1068K, committed 1152K, reserved 1048576K
}
Event: 12.395 GC heap after
{Heap after GC invocations=2 (full 0):
 garbage-first heap   total 126976K, used 5114K [0x0000000084000000, 0x0000000100000000)
  region size 1024K, 2 young (2048K), 2 survivors (2048K)
 Metaspace       used 9214K, committed 9344K, reserved 1114112K
  class space    used 1068K, committed 1152K, reserved 1048576K
}
Event: 23.791 GC heap before
{Heap before GC invocations=2 (full 0):
 garbage-first heap   total 126976K, used 78842K [0x0000000084000000, 0x0000000100000000)
  region size 1024K, 74 young (75776K), 2 survivors (2048K)
 Metaspace       used 15894K, committed 16192K, reserved 1114112K
  class space    used 1811K, committed 1920K, reserved 1048576K
}
Event: 23.835 GC heap after
{Heap after GC invocations=3 (full 0):
 garbage-first heap   total 126976K, used 13465K [0x0000000084000000, 0x0000000100000000)
  region size 1024K, 10 young (10240K), 10 survivors (10240K)
 Metaspace       used 15894K, committed 16192K, reserved 1114112K
  class space    used 1811K, committed 1920K, reserved 1048576K
}

Dll operation events (8 events):
Event: 0.018 Loaded shared library C:\Program Files\Java\jdk-19\bin\java.dll
Event: 0.591 Loaded shared library C:\Program Files\Java\jdk-19\bin\jsvml.dll
Event: 3.336 Loaded shared library C:\Program Files\Java\jdk-19\bin\net.dll
Event: 3.344 Loaded shared library C:\Program Files\Java\jdk-19\bin\nio.dll
Event: 3.366 Loaded shared library C:\Program Files\Java\jdk-19\bin\zip.dll
Event: 4.001 Loaded shared library C:\Users\Boricia\.m2\wrapper\dists\apache-maven-3.9.12\59fe215c0ad6947fea90184bf7add084544567b927287592651fda3782e0e798\lib\jansi-native\Windows\x86_64\jansi.dll
Event: 4.075 Loaded shared library C:\Program Files\Java\jdk-19\bin\jimage.dll
Event: 4.235 Loaded shared library C:\Program Files\Java\jdk-19\bin\verify.dll

Deoptimization events (20 events):
Event: 28.874 Thread 0x000001bd1c8c6410 DEOPT PACKING pc=0x000001bd2c344134 sp=0x000000a1ef8fc970
Event: 28.875 Thread 0x000001bd1c8c6410 DEOPT UNPACKING pc=0x000001bd2bdca5a3 sp=0x000000a1ef8fc8e0 mode 2
Event: 29.259 Thread 0x000001bd1c8c6410 Uncommon trap: trap_request=0xffffff45 fr.pc=0x000001bd2c4ba1d8 relative=0x0000000000001458
Event: 29.259 Thread 0x000001bd1c8c6410 Uncommon trap: reason=unstable_if action=reinterpret pc=0x000001bd2c4ba1d8 method=java.util.HashMap.putVal(ILjava/lang/Object;Ljava/lang/Object;ZZ)Ljava/lang/Object; @ 193 c2
Event: 29.259 Thread 0x000001bd1c8c6410 DEOPT PACKING pc=0x000001bd2c4ba1d8 sp=0x000000a1ef8fd170
Event: 29.259 Thread 0x000001bd1c8c6410 DEOPT UNPACKING pc=0x000001bd2bdca5a3 sp=0x000000a1ef8fd028 mode 2
Event: 29.290 Thread 0x000001bd1c8c6410 Uncommon trap: trap_request=0xffffff45 fr.pc=0x000001bd2c4a7e04 relative=0x0000000000000264
Event: 29.290 Thread 0x000001bd1c8c6410 Uncommon trap: reason=unstable_if action=reinterpret pc=0x000001bd2c4a7e04 method=java.util.HashMap.getNode(Ljava/lang/Object;)Ljava/util/HashMap$Node; @ 57 c2
Event: 29.290 Thread 0x000001bd1c8c6410 DEOPT PACKING pc=0x000001bd2c4a7e04 sp=0x000000a1ef8fd610
Event: 29.290 Thread 0x000001bd1c8c6410 DEOPT UNPACKING pc=0x000001bd2bdca5a3 sp=0x000000a1ef8fd520 mode 2
Event: 29.290 Thread 0x000001bd1c8c6410 Uncommon trap: trap_request=0xffffff45 fr.pc=0x000001bd2c49046c relative=0x000000000000024c
Event: 29.290 Thread 0x000001bd1c8c6410 Uncommon trap: reason=unstable_if action=reinterpret pc=0x000001bd2c49046c method=java.util.HashMap.getNode(Ljava/lang/Object;)Ljava/util/HashMap$Node; @ 57 c2
Event: 29.290 Thread 0x000001bd1c8c6410 DEOPT PACKING pc=0x000001bd2c49046c sp=0x000000a1ef8fd5a0
Event: 29.290 Thread 0x000001bd1c8c6410 DEOPT UNPACKING pc=0x000001bd2bdca5a3 sp=0x000000a1ef8fd520 mode 2
Event: 29.290 Thread 0x000001bd1c8c6410 Uncommon trap: trap_request=0xffffff45 fr.pc=0x000001bd2c3afd38 relative=0x0000000000000098
Event: 29.290 Thread 0x000001bd1c8c6410 Uncommon trap: reason=unstable_if action=reinterpret pc=0x000001bd2c3afd38 method=java.util.HashMap.hash(Ljava/lang/Object;)I @ 1 c2
Event: 29.290 Thread 0x000001bd1c8c6410 DEOPT PACKING pc=0x000001bd2c3afd38 sp=0x000000a1ef8fd510
Event: 29.290 Thread 0x000001bd1c8c6410 DEOPT UNPACKING pc=0x000001bd2bdca5a3 sp=0x000000a1ef8fd4a8 mode 2
Event: 29.631 Thread 0x000001bd1c8c6410 DEOPT PACKING pc=0x000001bd248fe1d1 sp=0x000000a1ef8fd370
Event: 29.631 Thread 0x000001bd1c8c6410 DEOPT UNPACKING pc=0x000001bd2bdcb0e3 sp=0x000000a1ef8fc860 mode 0

Classes loaded (20 events):
Event: 17.715 Loading class sun/util/resources/Bundles$2
Event: 17.738 Loading class sun/util/resources/Bundles$2 done
Event: 18.038 Loading class sun/invoke/util/ValueConversions$1
Event: 18.060 Loading class sun/invoke/util/ValueConversions$1 done
Event: 18.062 Loading class java/lang/invoke/BoundMethodHandle$Species_LI
Event: 18.062 Loading class java/lang/invoke/BoundMethodHandle$Species_LI done
Event: 18.814 Loading class java/util/stream/Streams$RangeIntSpliterator
Event: 18.819 Loading class java/util/stream/Streams$RangeIntSpliterator done
Event: 21.344 Loading class java/util/stream/MatchOps$MatchKind
Event: 21.355 Loading class java/util/stream/MatchOps$MatchKind done
Event: 21.355 Loading class java/util/stream/MatchOps
Event: 21.367 Loading class java/util/stream/MatchOps done
Event: 21.367 Loading class java/util/stream/MatchOps$MatchOp
Event: 21.401 Loading class java/util/stream/MatchOps$MatchOp done
Event: 21.401 Loading class java/util/stream/MatchOps$BooleanTerminalSink
Event: 21.413 Loading class java/util/stream/MatchOps$BooleanTerminalSink done
Event: 21.414 Loading class java/util/stream/MatchOps$1MatchSink
Event: 21.438 Loading class java/util/stream/MatchOps$1MatchSink done
Event: 28.689 Loading class sun/nio/cs/ISO_8859_1$Decoder
Event: 28.690 Loading class sun/nio/cs/ISO_8859_1$Decoder done

Classes unloaded (0 events):
No events

Classes redefined (0 events):
No events

Internal exceptions (20 events):
Event: 12.968 Thread 0x000001bd1c8c6410 Exception <a 'java/lang/NoSuchMethodError'{0x000000008b4d76e0}: 'java.lang.Object java.lang.invoke.Invokers$Holder.invokeExact_MT(java.lang.Object, int, java.lang.Object)'> (0x000000008b4d76e0) 
thrown [s\open\src\hotspot\share\interpreter\linkResolver.cpp, line 774]
Event: 13.375 Thread 0x000001bd1c8c6410 Exception <a 'java/lang/NoSuchMethodError'{0x000000008ab6cd10}: 'void java.lang.invoke.Invokers$Holder.invokeExact_MT(java.lang.Object, java.lang.Object, java.lang.Object, java.lang.Object)'> (0x000000008ab6cd10) 
thrown [s\open\src\hotspot\share\interpreter\linkResolver.cpp, line 774]
Event: 13.434 Thread 0x000001bd1c8c6410 Exception <a 'java/lang/NoClassDefFoundError'{0x000000008aa03508}: com/google/inject/servlet/ServletModuleTargetVisitor> (0x000000008aa03508) 
thrown [s\open\src\hotspot\share\classfile\systemDictionary.cpp, line 244]
Event: 14.519 Thread 0x000001bd1c8c6410 Exception <a 'java/lang/NoSuchMethodError'{0x000000008a729e40}: 'java.lang.Object java.lang.invoke.DirectMethodHandle$Holder.invokeStaticInit(java.lang.Object, int, int, int, int)'> (0x000000008a729e40) 
thrown [s\open\src\hotspot\share\interpreter\linkResolver.cpp, line 774]
Event: 15.800 Thread 0x000001bd1c8c6410 Implicit null exception at 0x000001bd2c32ecf2 to 0x000001bd2c32f248
Event: 15.800 Thread 0x000001bd1c8c6410 Implicit null exception at 0x000001bd2c327272 to 0x000001bd2c3277c0
Event: 16.921 Thread 0x000001bd1c8c6410 Implicit null exception at 0x000001bd2c3af41e to 0x000001bd2c3af5d0
Event: 16.953 Thread 0x000001bd1c8c6410 Exception <a 'java/lang/NoSuchMethodError'{0x000000008a2326a0}: 'void java.lang.invoke.DirectMethodHandle$Holder.invokeSpecial(java.lang.Object, java.lang.Object, java.lang.Object, java.lang.Object, java.lang.Object, java.lang.Object)'> (0x000000008a2326a0) 
thrown [s\open\src\hotspot\share\interpreter\linkResolver.cpp, line 774]
Event: 17.558 Thread 0x000001bd1c8c6410 Exception <a 'java/lang/NoSuchMethodError'{0x000000008a175f30}: 'java.lang.Object java.lang.invoke.DirectMethodHandle$Holder.invokeVirtual(java.lang.Object, java.lang.Object, java.lang.Object)'> (0x000000008a175f30) 
thrown [s\open\src\hotspot\share\interpreter\linkResolver.cpp, line 774]
Event: 18.038 Thread 0x000001bd1c8c6410 Exception <a 'java/lang/NoSuchMethodError'{0x0000000089f66320}: 'void java.lang.invoke.DirectMethodHandle$Holder.invokeVirtual(java.lang.Object, java.lang.Object, int)'> (0x0000000089f66320) 
thrown [s\open\src\hotspot\share\interpreter\linkResolver.cpp, line 774]
Event: 18.061 Thread 0x000001bd1c8c6410 Exception <a 'java/lang/NoSuchMethodError'{0x0000000089f6a738}: 'int java.lang.invoke.DirectMethodHandle$Holder.invokeSpecial(java.lang.Object, java.lang.Object, java.lang.Object, int)'> (0x0000000089f6a738) 
thrown [s\open\src\hotspot\share\interpreter\linkResolver.cpp, line 774]
Event: 18.064 Thread 0x000001bd1c8c6410 Exception <a 'java/lang/NoSuchMethodError'{0x0000000089f7d0d0}: 'java.lang.Object java.lang.invoke.DirectMethodHandle$Holder.invokeStatic(java.lang.Object, java.lang.Object, java.lang.Object, java.lang.Object, int)'> (0x0000000089f7d0d0) 
thrown [s\open\src\hotspot\share\interpreter\linkResolver.cpp, line 774]
Event: 18.065 Thread 0x000001bd1c8c6410 Exception <a 'java/lang/NoSuchMethodError'{0x0000000089f856d8}: 'void java.lang.invoke.DirectMethodHandle$Holder.invokeSpecial(java.lang.Object, java.lang.Object, java.lang.Object, int)'> (0x0000000089f856d8) 
thrown [s\open\src\hotspot\share\interpreter\linkResolver.cpp, line 774]
Event: 18.065 Thread 0x000001bd1c8c6410 Exception <a 'java/lang/NoSuchMethodError'{0x0000000089f89028}: 'void java.lang.invoke.DelegatingMethodHandle$Holder.reinvoke_L(java.lang.Object, java.lang.Object, int)'> (0x0000000089f89028) 
thrown [s\open\src\hotspot\share\interpreter\linkResolver.cpp, line 774]
Event: 22.438 Thread 0x000001bd1c8c6410 Implicit null exception at 0x000001bd2c4195c0 to 0x000001bd2c41ade4
Event: 22.438 Thread 0x000001bd1c8c6410 Implicit null exception at 0x000001bd2c3c05ec to 0x000001bd2c3c07dc
Event: 22.438 Thread 0x000001bd1c8c6410 Implicit null exception at 0x000001bd2c40b95e to 0x000001bd2c40c294
Event: 22.440 Thread 0x000001bd1c8c6410 Exception <a 'java/lang/NoSuchMethodError'{0x000000008832c490}: 'void java.lang.invoke.DirectMethodHandle$Holder.invokeStatic(java.lang.Object, java.lang.Object, java.lang.Object, java.lang.Object)'> (0x000000008832c490) 
thrown [s\open\src\hotspot\share\interpreter\linkResolver.cpp, line 774]
Event: 22.458 Thread 0x000001bd1c8c6410 Exception <a 'java/lang/NoSuchMethodError'{0x00000000883abf70}: 'int java.lang.invoke.DirectMethodHandle$Holder.invokeSpecialIFC(java.lang.Object, java.lang.Object, java.lang.Object, java.lang.Object)'> (0x00000000883abf70) 
thrown [s\open\src\hotspot\share\interpreter\linkResolver.cpp, line 774]
Event: 29.290 Thread 0x000001bd1c8c6410 Implicit null exception at 0x000001bd2c3afcaf to 0x000001bd2c3afd29

VM Operations (20 events):
Event: 19.838 Executing VM operation: HandshakeAllThreads
Event: 19.838 Executing VM operation: HandshakeAllThreads done
Event: 20.845 Executing VM operation: Cleanup
Event: 20.845 Executing VM operation: Cleanup done
Event: 21.859 Executing VM operation: Cleanup
Event: 21.859 Executing VM operation: Cleanup done
Event: 22.871 Executing VM operation: Cleanup
Event: 22.874 Executing VM operation: Cleanup done
Event: 23.791 Executing VM operation: G1CollectForAllocation
Event: 23.835 Executing VM operation: G1CollectForAllocation done
Event: 24.838 Executing VM operation: Cleanup
Event: 24.838 Executing VM operation: Cleanup done
Event: 25.848 Executing VM operation: Cleanup
Event: 25.848 Executing VM operation: Cleanup done
Event: 26.849 Executing VM operation: Cleanup
Event: 26.849 Executing VM operation: Cleanup done
Event: 27.863 Executing VM operation: Cleanup
Event: 27.863 Executing VM operation: Cleanup done
Event: 28.877 Executing VM operation: Cleanup
Event: 28.877 Executing VM operation: Cleanup done

Events (15 events):
Event: 0.629 Thread 0x000001bd1c8c6410 Thread added: 0x000001bd1c8c6410
Event: 2.977 Thread 0x000001bd3af2f0e0 Thread added: 0x000001bd3af2f0e0
Event: 2.977 Thread 0x000001bd3af2fa10 Thread added: 0x000001bd3af2fa10
Event: 3.020 Thread 0x000001bd3af33d60 Thread added: 0x000001bd3af33d60
Event: 3.020 Thread 0x000001bd3af34690 Thread added: 0x000001bd3af34690
Event: 3.021 Thread 0x000001bd3af34fc0 Thread added: 0x000001bd3af34fc0
Event: 3.033 Thread 0x000001bd3af411c0 Thread added: 0x000001bd3af411c0
Event: 3.035 Thread 0x000001bd3af45f80 Thread added: 0x000001bd3af45f80
Event: 3.035 Thread 0x000001bd3af468f0 Thread added: 0x000001bd3af468f0
Event: 3.035 Thread 0x000001bd3af49270 Thread added: 0x000001bd3af49270
Event: 3.289 Thread 0x000001bd3f217320 Thread added: 0x000001bd3f217320
Event: 3.315 Thread 0x000001bd3f218330 Thread added: 0x000001bd3f218330
Event: 3.990 Thread 0x000001bd3f4be2b0 Thread added: 0x000001bd3f4be2b0
Event: 8.694 Thread 0x000001bd3f4be2b0 Thread exited: 0x000001bd3f4be2b0
Event: 14.971 Thread 0x000001bd3ff3ee90 Thread added: 0x000001bd3ff3ee90


Dynamic libraries:
0x00007ff7b8510000 - 0x00007ff7b8520000 	C:\Program Files\Java\jdk-19\bin\java.exe
0x00007ffd1f3d0000 - 0x00007ffd1f5c8000 	C:\WINDOWS\SYSTEM32\ntdll.dll
0x00007ffd1f070000 - 0x00007ffd1f132000 	C:\WINDOWS\System32\KERNEL32.DLL
0x00007ffd1ca60000 - 0x00007ffd1cd56000 	C:\WINDOWS\System32\KERNELBASE.dll
0x00007ffd1d0a0000 - 0x00007ffd1d1a0000 	C:\WINDOWS\System32\ucrtbase.dll
0x00007ffcf6e80000 - 0x00007ffcf6e98000 	C:\Program Files\Java\jdk-19\bin\jli.dll
0x00007ffd1e830000 - 0x00007ffd1e8e1000 	C:\WINDOWS\System32\ADVAPI32.dll
0x00007ffd1e700000 - 0x00007ffd1e79e000 	C:\WINDOWS\System32\msvcrt.dll
0x00007ffceeb20000 - 0x00007ffceeb3b000 	C:\Program Files\Java\jdk-19\bin\VCRUNTIME140.dll
0x00007ffd1e380000 - 0x00007ffd1e41f000 	C:\WINDOWS\System32\sechost.dll
0x00007ffd1de90000 - 0x00007ffd1dfb0000 	C:\WINDOWS\System32\RPCRT4.dll
0x00007ffd1d220000 - 0x00007ffd1d247000 	C:\WINDOWS\System32\bcrypt.dll
0x00007ffd1dce0000 - 0x00007ffd1de81000 	C:\WINDOWS\System32\USER32.dll
0x00007ffd1cf10000 - 0x00007ffd1cf32000 	C:\WINDOWS\System32\win32u.dll
0x00007ffd1db90000 - 0x00007ffd1dbbb000 	C:\WINDOWS\System32\GDI32.dll
0x00007ffd1cdf0000 - 0x00007ffd1cf09000 	C:\WINDOWS\System32\gdi32full.dll
0x00007ffd1d250000 - 0x00007ffd1d2ed000 	C:\WINDOWS\System32\msvcp_win.dll
0x00007ffd043e0000 - 0x00007ffd0467b000 	C:\WINDOWS\WinSxS\amd64_microsoft.windows.common-controls_6595b64144ccf1df_6.0.19041.6456_none_60b8a6cb71f64256\COMCTL32.dll
0x00007ffd11df0000 - 0x00007ffd11dfa000 	C:\WINDOWS\SYSTEM32\VERSION.dll
0x00007ffd1d5a0000 - 0x00007ffd1d5cf000 	C:\WINDOWS\System32\IMM32.DLL
0x00007ffcf75b0000 - 0x00007ffcf75bc000 	C:\Program Files\Java\jdk-19\bin\vcruntime140_1.dll
0x00007ffcd57a0000 - 0x00007ffcd582e000 	C:\Program Files\Java\jdk-19\bin\msvcp140.dll
0x00007ffc86720000 - 0x00007ffc873e0000 	C:\Program Files\Java\jdk-19\bin\server\jvm.dll
0x00007ffcf3360000 - 0x00007ffcf3369000 	C:\WINDOWS\SYSTEM32\WSOCK32.dll
0x00007ffd1e420000 - 0x00007ffd1e48b000 	C:\WINDOWS\System32\WS2_32.dll
0x00007ffd1a530000 - 0x00007ffd1a557000 	C:\WINDOWS\SYSTEM32\WINMM.dll
0x00007ffd1b230000 - 0x00007ffd1b242000 	C:\WINDOWS\SYSTEM32\kernel.appcore.dll
0x00007ffceeed0000 - 0x00007ffceeeda000 	C:\Program Files\Java\jdk-19\bin\jimage.dll
0x00007ffd1b000000 - 0x00007ffd1b201000 	C:\WINDOWS\SYSTEM32\DBGHELP.DLL
0x00007ffd1a4f0000 - 0x00007ffd1a524000 	C:\WINDOWS\SYSTEM32\dbgcore.DLL
0x00007ffd1cd60000 - 0x00007ffd1cde2000 	C:\WINDOWS\System32\bcryptPrimitives.dll
0x00007ffceeaf0000 - 0x00007ffceeb16000 	C:\Program Files\Java\jdk-19\bin\java.dll
0x00007ffccc170000 - 0x00007ffccc247000 	C:\Program Files\Java\jdk-19\bin\jsvml.dll
0x00007ffd1e900000 - 0x00007ffd1f070000 	C:\WINDOWS\System32\SHELL32.dll
0x00007ffd1a780000 - 0x00007ffd1af25000 	C:\WINDOWS\SYSTEM32\windows.storage.dll
0x00007ffd1e020000 - 0x00007ffd1e374000 	C:\WINDOWS\System32\combase.dll
0x00007ffd1c490000 - 0x00007ffd1c4bb000 	C:\WINDOWS\SYSTEM32\Wldp.dll
0x00007ffd1e630000 - 0x00007ffd1e6fd000 	C:\WINDOWS\System32\OLEAUT32.dll
0x00007ffd1e4a0000 - 0x00007ffd1e54d000 	C:\WINDOWS\System32\SHCORE.dll
0x00007ffd1f200000 - 0x00007ffd1f25b000 	C:\WINDOWS\System32\shlwapi.dll
0x00007ffd1c990000 - 0x00007ffd1c9b4000 	C:\WINDOWS\SYSTEM32\profapi.dll
0x00007ffce7ed0000 - 0x00007ffce7ee3000 	C:\Program Files\Java\jdk-19\bin\net.dll
0x00007ffd18830000 - 0x00007ffd1893a000 	C:\WINDOWS\SYSTEM32\WINHTTP.dll
0x00007ffd1c1f0000 - 0x00007ffd1c25a000 	C:\WINDOWS\system32\mswsock.dll
0x00007ffce7eb0000 - 0x00007ffce7ec6000 	C:\Program Files\Java\jdk-19\bin\nio.dll
0x00007ffce20b0000 - 0x00007ffce20c8000 	C:\Program Files\Java\jdk-19\bin\zip.dll
0x00007ffce2080000 - 0x00007ffce20a4000 	C:\Users\Boricia\.m2\wrapper\dists\apache-maven-3.9.12\59fe215c0ad6947fea90184bf7add084544567b927287592651fda3782e0e798\lib\jansi-native\Windows\x86_64\jansi.dll
0x00007ffce8c40000 - 0x00007ffce8c50000 	C:\Program Files\Java\jdk-19\bin\verify.dll

dbghelp: loaded successfully - version: 4.0.5 - missing functions: none
symbol engine: initialized successfully - sym options: 0x614 - pdb path: .;C:\Program Files\Java\jdk-19\bin;C:\WINDOWS\SYSTEM32;C:\WINDOWS\WinSxS\amd64_microsoft.windows.common-controls_6595b64144ccf1df_6.0.19041.6456_none_60b8a6cb71f64256;C:\Program Files\Java\jdk-19\bin\server;C:\Users\Boricia\.m2\wrapper\dists\apache-maven-3.9.12\59fe215c0ad6947fea90184bf7add084544567b927287592651fda3782e0e798\lib\jansi-native\Windows\x86_64

VM Arguments:
jvm_args: --enable-native-access=ALL-UNNAMED -Dclassworlds.conf=C:\Users\Boricia\.m2\wrapper\dists\apache-maven-3.9.12\59fe215c0ad6947fea90184bf7add084544567b927287592651fda3782e0e798\bin\m2.conf -Dmaven.home=C:\Users\Boricia\.m2\wrapper\dists\apache-maven-3.9.12\59fe215c0ad6947fea90184bf7add084544567b927287592651fda3782e0e798 -Dlibrary.jansi.path=C:\Users\Boricia\.m2\wrapper\dists\apache-maven-3.9.12\59fe215c0ad6947fea90184bf7add084544567b927287592651fda3782e0e798\lib\jansi-native -Dmaven.multiModuleProjectDirectory=C:\Users\Boricia\Documents\Projet spring\ecommerce 
java_command: org.codehaus.plexus.classworlds.launcher.Launcher -Didea.version=2025.2.5 -Dmaven.ext.class.path=C:\Program Files\JetBrains\IntelliJ IDEA Community Edition 2025.2.5\plugins\maven\lib\maven-event-listener.jar -Djansi.passthrough=true -Dstyle.color=always -Dmaven.repo.local=C:\Users\Boricia\.m2\repository spring-boot:run
java_class_path (initial): C:\Users\Boricia\.m2\wrapper\dists\apache-maven-3.9.12\59fe215c0ad6947fea90184bf7add084544567b927287592651fda3782e0e798\boot\plexus-classworlds-2.9.0.jar
Launcher Type: SUN_STANDARD

[Global flags]
     intx CICompilerCount                          = 4                                         {product} {ergonomic}
     uint ConcGCThreads                            = 2                                         {product} {ergonomic}
     uint G1ConcRefinementThreads                  = 8                                         {product} {ergonomic}
   size_t G1HeapRegionSize                         = 1048576                                   {product} {ergonomic}
    uintx GCDrainStackTargetSize                   = 64                                        {product} {ergonomic}
   size_t InitialHeapSize                          = 130023424                                 {product} {ergonomic}
   size_t MarkStackSize                            = 4194304                                   {product} {ergonomic}
   size_t MaxHeapSize                              = 2080374784                                {product} {ergonomic}
   size_t MaxNewSize                               = 1247805440                                {product} {ergonomic}
   size_t MinHeapDeltaBytes                        = 1048576                                   {product} {ergonomic}
   size_t MinHeapSize                              = 8388608                                   {product} {ergonomic}
    uintx NonNMethodCodeHeapSize                   = 5839372                                {pd product} {ergonomic}
    uintx NonProfiledCodeHeapSize                  = 122909434                              {pd product} {ergonomic}
    uintx ProfiledCodeHeapSize                     = 122909434                              {pd product} {ergonomic}
    uintx ReservedCodeCacheSize                    = 251658240                              {pd product} {ergonomic}
     bool SegmentedCodeCache                       = true                                      {product} {ergonomic}
   size_t SoftMaxHeapSize                          = 2080374784                             {manageable} {ergonomic}
     bool UseCompressedClassPointers               = true                           {product lp64_product} {ergonomic}
     bool UseCompressedOops                        = true                           {product lp64_product} {ergonomic}
     bool UseG1GC                                  = true                                      {product} {ergonomic}
     bool UseLargePagesIndividualAllocation        = false                                  {pd product} {ergonomic}

Logging:
Log output configuration:
 #0: stdout all=warning uptime,level,tags foldmultilines=false
 #1: stderr all=off uptime,level,tags foldmultilines=false

Environment Variables:
JAVA_HOME=C:\Program Files\Java\jdk-19
PATH=C:\Program Files\Common Files\Oracle\Java\javapath;C:\WINDOWS\system32;C:\WINDOWS;C:\WINDOWS\System32\Wbem;C:\WINDOWS\System32\WindowsPowerShell\v1.0\;C:\WINDOWS\System32\OpenSSH\;C:\Program Files\dotnet\;C:\Program Files\Microsoft SQL Server\150\Tools\Binn\;C:\Program Files\Microsoft SQL Server\Client SDK\ODBC\170\Tools\Binn\;C:\Program Files\MongoDB\Server\6.0\bin;C:\Program Files\Git\cmd;C:\Program Files\nodejs\;C:\Program Files\wkhtmltopdf\bin;C:\Program Files\Docker\Docker\resources\bin;C:\Program Files (x86)\Microsoft SQL Server\160\Tools\Binn\;C:\Program Files\Microsoft SQL Server\160\Tools\Binn\;C:\Program Files\Microsoft SQL Server\160\DTS\Binn\;C:\Program Files (x86)\Microsoft SQL Server\160\DTS\Binn\;C:\Program Files\Azure Data Studio\bin;C:\Program Files\MATLAB\R2023b\bin;C:\Program Files\IBM\SPSS\Statistics\25\JRE\bin;C:\Windows\System32\cmd.exe;C:\Users\Boricia\AppData\Local\Microsoft\WindowsApps;C:\Users\Boricia\.dotnet\tools;C:\Users\Boricia\AppData\Local\Packages\PythonSoftwareFoundation.Python.3.10_qbz5n2kfra8p0\LocalCache\Roaming\Python\Scripts;C:\Users\Boricia\AppData\Roaming\npm;C:\Users\Boricia\AppData\Local\Programs\Microsoft VS Code\bin;
USERNAME=Boricia
OS=Windows_NT
PROCESSOR_IDENTIFIER=Intel64 Family 6 Model 140 Stepping 1, GenuineIntel
TMP=C:\Users\Boricia\AppData\Local\Temp
TEMP=C:\Users\Boricia\AppData\Local\Temp



---------------  S Y S T E M  ---------------

OS:
 Windows 10 , 64 bit Build 19041 (10.0.19041.5915)
OS uptime: 2 days 11:24 hours
Hyper-V role detected

CPU: total 8 (initial active 8) (4 cores per cpu, 2 threads per core) family 6 model 140 stepping 1 microcode 0xa4, cx8, cmov, fxsr, ht, mmx, 3dnowpref, sse, sse2, sse3, ssse3, sse4.1, sse4.2, popcnt, lzcnt, tsc, tscinvbit, avx, avx2, aes, erms, clmul, bmi1, bmi2, adx, avx512f, avx512dq, avx512cd, avx512bw, avx512vl, sha, fma, vzeroupper, avx512_vpopcntdq, avx512_vpclmulqdq, avx512_vaes, avx512_vnni, clflush, clflushopt, clwb, avx512_vbmi2, avx512_vbmi, hv, rdtscp, rdpid, fsrm, gfni, avx512_bitalg

Memory: 4k page, system-wide physical 7930M (151M free)
TotalPageFile size 32506M (AvailPageFile size 5M)
current process WorkingSet (physical memory assigned to process): 164M, peak: 178M
current process commit charge ("private bytes"): 247M, peak: 262M

vm_info: Java HotSpot(TM) 64-Bit Server VM (19.0.2+7-44) for windows-amd64 JRE (19.0.2+7-44), built on 2022-11-30T18:02:09Z by "mach5one" with MS VC++ 17.1 (VS2022)

END.
