#
# There is insufficient memory for the Java Runtime Environment to continue.
# Native memory allocation (malloc) failed to allocate 32744 bytes for Chunk::new
# Possible reasons:
#   The system is out of physical RAM or swap space
#   The process is running with CompressedOops enabled, and the Java Heap may be blocking the growth of the native heap
# Possible solutions:
#   Reduce memory load on the system
#   Increase physical memory or swap space
#   Check if swap backing store is full
#   Decrease Java heap size (-Xmx/-Xms)
#   Decrease number of Java threads
#   Decrease Java thread stack sizes (-Xss)
#   Set larger code cache with -XX:ReservedCodeCacheSize=
#   JVM is running with Unscaled Compressed Oops mode in which the Java heap is
#     placed in the first 4GB address space. The Java Heap base address is the
#     maximum limit for the native heap growth. Please use -XX:HeapBaseMinAddress
#     to set the Java Heap base and to place the Java Heap above 4GB virtual address.
# This output file may be truncated or incomplete.
#
#  Out of Memory Error (arena.cpp:184), pid=7156, tid=27508
#
# JRE version: Java(TM) SE Runtime Environment (19.0.2+7) (build 19.0.2+7-44)
# Java VM: Java HotSpot(TM) 64-Bit Server VM (19.0.2+7-44, mixed mode, sharing, tiered, compressed oops, compressed class ptrs, g1 gc, windows-amd64)
# No core dump will be written. Minidumps are not enabled by default on client versions of Windows
#

---------------  S U M M A R Y ------------

Command Line: --enable-native-access=ALL-UNNAMED -Dclassworlds.conf=C:\Users\Boricia\.m2\wrapper\dists\apache-maven-3.9.12\59fe215c0ad6947fea90184bf7add084544567b927287592651fda3782e0e798\bin\m2.conf -Dmaven.home=C:\Users\Boricia\.m2\wrapper\dists\apache-maven-3.9.12\59fe215c0ad6947fea90184bf7add084544567b927287592651fda3782e0e798 -Dlibrary.jansi.path=C:\Users\Boricia\.m2\wrapper\dists\apache-maven-3.9.12\59fe215c0ad6947fea90184bf7add084544567b927287592651fda3782e0e798\lib\jansi-native -Dmaven.multiModuleProjectDirectory=C:\Users\Boricia\Documents\Projet spring\ecommerce org.codehaus.plexus.classworlds.launcher.Launcher -Didea.version=2025.2.5 -Dmaven.ext.class.path=C:\Program Files\JetBrains\IntelliJ IDEA Community Edition 2025.2.5\plugins\maven\lib\maven-event-listener.jar -Djansi.passthrough=true -Dstyle.color=always -Dmaven.repo.local=C:\Users\Boricia\.m2\repository spring-boot:run

Host: 11th Gen Intel(R) Core(TM) i5-11300H @ 3.10GHz, 8 cores, 7G,  Windows 10 , 64 bit Build 19041 (10.0.19041.5915)
Time: Thu Mar 19 16:38:05 2026 Europe de l , 64 bit Build 19041 (10.0.19041.5915) elapsed time: 1.619490 seconds (0d 0h 0m 1s)

---------------  T H R E A D  ---------------

Current thread (0x000001d2eadd4a70):  JavaThread "C1 CompilerThread0" daemon [_thread_in_native, id=27508, stack(0x0000004ba5d00000,0x0000004ba5e00000)]


Current CompileTask:
C1:   1619  848       3       java.net.URLStreamHandler::parseURL (1124 bytes)

Stack: [0x0000004ba5d00000,0x0000004ba5e00000]
Native frames: (J=compiled Java code, j=interpreted, Vv=VM code, C=native code)
V  [jvm.dll+0x6ee21a]
V  [jvm.dll+0x85765e]
V  [jvm.dll+0x85904e]
V  [jvm.dll+0x859703]
V  [jvm.dll+0x28298f]
V  [jvm.dll+0xc9adf]
V  [jvm.dll+0xc9e65]
V  [jvm.dll+0x148bb5]
V  [jvm.dll+0x1a6fcd]
V  [jvm.dll+0x1a7ba3]
V  [jvm.dll+0x1616d3]
V  [jvm.dll+0x160fb2]
V  [jvm.dll+0x161208]
V  [jvm.dll+0x160666]
V  [jvm.dll+0x16235d]
V  [jvm.dll+0x25b25a]
V  [jvm.dll+0x2596e8]
V  [jvm.dll+0x807588]
V  [jvm.dll+0x80125a]
V  [jvm.dll+0x6ecf0b]
C  [ucrtbase.dll+0x21bb2]
C  [KERNEL32.DLL+0x17374]
C  [ntdll.dll+0x4cc91]


---------------  P R O C E S S  ---------------

Threads class SMR info:
_java_thread_list=0x000001d2ef495320, length=12, elements={
0x000001d2ca78bf70, 0x000001d2eadc6860, 0x000001d2eadc7190, 0x000001d2eadc82a0,
0x000001d2eadcabb0, 0x000001d2eadcb290, 0x000001d2eadcdac0, 0x000001d2eadd44f0,
0x000001d2eadd4a70, 0x000001d2eadd6000, 0x000001d2ef0ecdb0, 0x000001d2ef0edfc0
}

Java Threads: ( => current thread )
  0x000001d2ca78bf70 JavaThread "main" [_thread_in_vm, id=10528, stack(0x0000004ba4f00000,0x0000004ba5000000)]
  0x000001d2eadc6860 JavaThread "Reference Handler" daemon [_thread_blocked, id=13860, stack(0x0000004ba5600000,0x0000004ba5700000)]
  0x000001d2eadc7190 JavaThread "Finalizer" daemon [_thread_blocked, id=17484, stack(0x0000004ba5700000,0x0000004ba5800000)]
  0x000001d2eadc82a0 JavaThread "Signal Dispatcher" daemon [_thread_blocked, id=25476, stack(0x0000004ba5800000,0x0000004ba5900000)]
  0x000001d2eadcabb0 JavaThread "Attach Listener" daemon [_thread_blocked, id=19996, stack(0x0000004ba5900000,0x0000004ba5a00000)]
  0x000001d2eadcb290 JavaThread "Service Thread" daemon [_thread_blocked, id=20008, stack(0x0000004ba5a00000,0x0000004ba5b00000)]
  0x000001d2eadcdac0 JavaThread "Monitor Deflation Thread" daemon [_thread_blocked, id=21600, stack(0x0000004ba5b00000,0x0000004ba5c00000)]
  0x000001d2eadd44f0 JavaThread "C2 CompilerThread0" daemon [_thread_blocked, id=27504, stack(0x0000004ba5c00000,0x0000004ba5d00000)]
=>0x000001d2eadd4a70 JavaThread "C1 CompilerThread0" daemon [_thread_in_native, id=27508, stack(0x0000004ba5d00000,0x0000004ba5e00000)]
  0x000001d2eadd6000 JavaThread "Sweeper thread" daemon [_thread_blocked, id=5092, stack(0x0000004ba5e00000,0x0000004ba5f00000)]
  0x000001d2ef0ecdb0 JavaThread "Notification Thread" daemon [_thread_blocked, id=17844, stack(0x0000004ba5f00000,0x0000004ba6000000)]
  0x000001d2ef0edfc0 JavaThread "Common-Cleaner" daemon [_thread_blocked, id=27296, stack(0x0000004ba6100000,0x0000004ba6200000)]

Other Threads:
  0x000001d2eada9920 VMThread "VM Thread" [stack: 0x0000004ba5500000,0x0000004ba5600000] [id=600]
  0x000001d2ef0ed2f0 WatcherThread "VM Periodic Task Thread" [stack: 0x0000004ba6000000,0x0000004ba6100000] [id=18096]
  0x000001d2cc7ca1d0 WorkerThread "GC Thread#0" [stack: 0x0000004ba5000000,0x0000004ba5100000] [id=4992]
  0x000001d2cc7db9f0 ConcurrentGCThread "G1 Main Marker" [stack: 0x0000004ba5100000,0x0000004ba5200000] [id=6644]
  0x000001d2cc7dc330 WorkerThread "G1 Conc#0" [stack: 0x0000004ba5200000,0x0000004ba5300000] [id=7492]
  0x000001d2cc82e820 ConcurrentGCThread "G1 Refine#0" [stack: 0x0000004ba5300000,0x0000004ba5400000] [id=5900]
  0x000001d2eac63940 ConcurrentGCThread "G1 Service" [stack: 0x0000004ba5400000,0x0000004ba5500000] [id=3596]

Threads with active compile tasks:
C1 CompilerThread0     2571  848       3       java.net.URLStreamHandler::parseURL (1124 bytes)

VM state: not at safepoint (normal execution)

VM Mutex/Monitor currently owned by a thread: None

Heap address: 0x0000000084000000, size: 1984 MB, Compressed Oops mode: 32-bit

CDS archive(s) mapped at: [0x0000000800000000-0x0000000800c40000-0x0000000800c40000), size 12845056, SharedBaseAddress: 0x0000000800000000, ArchiveRelocationMode: 0.
Compressed class space mapped at: 0x0000000801000000-0x0000000841000000, reserved size: 1073741824
Narrow klass base: 0x0000000800000000, Narrow klass shift: 0, Narrow klass range: 0x100000000

GC Precious Log:
 CardTable entry size: 512
 Card Set container configuration: InlinePtr #cards 5 size 8 Array Of Cards #cards 12 size 40 Howl #buckets 4 coarsen threshold 1843 Howl Bitmap #cards 512 size 80 coarsen threshold 460 Card regions per heap region 1 cards per card region 2048
 CPUs: 8 total, 8 available
 Memory: 7930M
 Large Page Support: Disabled
 NUMA Support: Disabled
 Compressed Oops: Enabled (32-bit)
 Heap Region Size: 1M
 Heap Min Capacity: 8M
 Heap Initial Capacity: 124M
 Heap Max Capacity: 1984M
 Pre-touch: Disabled
 Parallel Workers: 8
 Concurrent Workers: 2
 Concurrent Refinement Workers: 8
 Periodic GC: Disabled

Heap:
 garbage-first heap   total 126976K, used 16384K [0x0000000084000000, 0x0000000100000000)
  region size 1024K, 17 young (17408K), 0 survivors (0K)
 Metaspace       used 4175K, committed 4288K, reserved 1114112K
  class space    used 432K, committed 512K, reserved 1048576K

Heap Regions: E=young(eden), S=young(survivor), O=old, HS=humongous(starts), HC=humongous(continues), CS=collection set, F=free, OA=open archive, CA=closed archive, TAMS=top-at-mark-start (previous, next)
|   0|0x0000000084000000, 0x0000000084000000, 0x0000000084100000|  0%| F|  |TAMS 0x0000000084000000, 0x0000000084000000| Untracked 
|   1|0x0000000084100000, 0x0000000084100000, 0x0000000084200000|  0%| F|  |TAMS 0x0000000084100000, 0x0000000084100000| Untracked 
|   2|0x0000000084200000, 0x0000000084200000, 0x0000000084300000|  0%| F|  |TAMS 0x0000000084200000, 0x0000000084200000| Untracked 
|   3|0x0000000084300000, 0x0000000084300000, 0x0000000084400000|  0%| F|  |TAMS 0x0000000084300000, 0x0000000084300000| Untracked 
|   4|0x0000000084400000, 0x0000000084400000, 0x0000000084500000|  0%| F|  |TAMS 0x0000000084400000, 0x0000000084400000| Untracked 
|   5|0x0000000084500000, 0x0000000084500000, 0x0000000084600000|  0%| F|  |TAMS 0x0000000084500000, 0x0000000084500000| Untracked 
|   6|0x0000000084600000, 0x0000000084600000, 0x0000000084700000|  0%| F|  |TAMS 0x0000000084600000, 0x0000000084600000| Untracked 
|   7|0x0000000084700000, 0x0000000084700000, 0x0000000084800000|  0%| F|  |TAMS 0x0000000084700000, 0x0000000084700000| Untracked 
|   8|0x0000000084800000, 0x0000000084800000, 0x0000000084900000|  0%| F|  |TAMS 0x0000000084800000, 0x0000000084800000| Untracked 
|   9|0x0000000084900000, 0x0000000084900000, 0x0000000084a00000|  0%| F|  |TAMS 0x0000000084900000, 0x0000000084900000| Untracked 
|  10|0x0000000084a00000, 0x0000000084a00000, 0x0000000084b00000|  0%| F|  |TAMS 0x0000000084a00000, 0x0000000084a00000| Untracked 
|  11|0x0000000084b00000, 0x0000000084b00000, 0x0000000084c00000|  0%| F|  |TAMS 0x0000000084b00000, 0x0000000084b00000| Untracked 
|  12|0x0000000084c00000, 0x0000000084c00000, 0x0000000084d00000|  0%| F|  |TAMS 0x0000000084c00000, 0x0000000084c00000| Untracked 
|  13|0x0000000084d00000, 0x0000000084d00000, 0x0000000084e00000|  0%| F|  |TAMS 0x0000000084d00000, 0x0000000084d00000| Untracked 
|  14|0x0000000084e00000, 0x0000000084e00000, 0x0000000084f00000|  0%| F|  |TAMS 0x0000000084e00000, 0x0000000084e00000| Untracked 
|  15|0x0000000084f00000, 0x0000000084f00000, 0x0000000085000000|  0%| F|  |TAMS 0x0000000084f00000, 0x0000000084f00000| Untracked 
|  16|0x0000000085000000, 0x0000000085000000, 0x0000000085100000|  0%| F|  |TAMS 0x0000000085000000, 0x0000000085000000| Untracked 
|  17|0x0000000085100000, 0x0000000085100000, 0x0000000085200000|  0%| F|  |TAMS 0x0000000085100000, 0x0000000085100000| Untracked 
|  18|0x0000000085200000, 0x0000000085200000, 0x0000000085300000|  0%| F|  |TAMS 0x0000000085200000, 0x0000000085200000| Untracked 
|  19|0x0000000085300000, 0x0000000085300000, 0x0000000085400000|  0%| F|  |TAMS 0x0000000085300000, 0x0000000085300000| Untracked 
|  20|0x0000000085400000, 0x0000000085400000, 0x0000000085500000|  0%| F|  |TAMS 0x0000000085400000, 0x0000000085400000| Untracked 
|  21|0x0000000085500000, 0x0000000085500000, 0x0000000085600000|  0%| F|  |TAMS 0x0000000085500000, 0x0000000085500000| Untracked 
|  22|0x0000000085600000, 0x0000000085600000, 0x0000000085700000|  0%| F|  |TAMS 0x0000000085600000, 0x0000000085600000| Untracked 
|  23|0x0000000085700000, 0x0000000085700000, 0x0000000085800000|  0%| F|  |TAMS 0x0000000085700000, 0x0000000085700000| Untracked 
|  24|0x0000000085800000, 0x0000000085800000, 0x0000000085900000|  0%| F|  |TAMS 0x0000000085800000, 0x0000000085800000| Untracked 
|  25|0x0000000085900000, 0x0000000085900000, 0x0000000085a00000|  0%| F|  |TAMS 0x0000000085900000, 0x0000000085900000| Untracked 
|  26|0x0000000085a00000, 0x0000000085a00000, 0x0000000085b00000|  0%| F|  |TAMS 0x0000000085a00000, 0x0000000085a00000| Untracked 
|  27|0x0000000085b00000, 0x0000000085b00000, 0x0000000085c00000|  0%| F|  |TAMS 0x0000000085b00000, 0x0000000085b00000| Untracked 
|  28|0x0000000085c00000, 0x0000000085c00000, 0x0000000085d00000|  0%| F|  |TAMS 0x0000000085c00000, 0x0000000085c00000| Untracked 
|  29|0x0000000085d00000, 0x0000000085d00000, 0x0000000085e00000|  0%| F|  |TAMS 0x0000000085d00000, 0x0000000085d00000| Untracked 
|  30|0x0000000085e00000, 0x0000000085e00000, 0x0000000085f00000|  0%| F|  |TAMS 0x0000000085e00000, 0x0000000085e00000| Untracked 
|  31|0x0000000085f00000, 0x0000000085f00000, 0x0000000086000000|  0%| F|  |TAMS 0x0000000085f00000, 0x0000000085f00000| Untracked 
|  32|0x0000000086000000, 0x0000000086000000, 0x0000000086100000|  0%| F|  |TAMS 0x0000000086000000, 0x0000000086000000| Untracked 
|  33|0x0000000086100000, 0x0000000086100000, 0x0000000086200000|  0%| F|  |TAMS 0x0000000086100000, 0x0000000086100000| Untracked 
|  34|0x0000000086200000, 0x0000000086200000, 0x0000000086300000|  0%| F|  |TAMS 0x0000000086200000, 0x0000000086200000| Untracked 
|  35|0x0000000086300000, 0x0000000086300000, 0x0000000086400000|  0%| F|  |TAMS 0x0000000086300000, 0x0000000086300000| Untracked 
|  36|0x0000000086400000, 0x0000000086400000, 0x0000000086500000|  0%| F|  |TAMS 0x0000000086400000, 0x0000000086400000| Untracked 
|  37|0x0000000086500000, 0x0000000086500000, 0x0000000086600000|  0%| F|  |TAMS 0x0000000086500000, 0x0000000086500000| Untracked 
|  38|0x0000000086600000, 0x0000000086600000, 0x0000000086700000|  0%| F|  |TAMS 0x0000000086600000, 0x0000000086600000| Untracked 
|  39|0x0000000086700000, 0x0000000086700000, 0x0000000086800000|  0%| F|  |TAMS 0x0000000086700000, 0x0000000086700000| Untracked 
|  40|0x0000000086800000, 0x0000000086800000, 0x0000000086900000|  0%| F|  |TAMS 0x0000000086800000, 0x0000000086800000| Untracked 
|  41|0x0000000086900000, 0x0000000086900000, 0x0000000086a00000|  0%| F|  |TAMS 0x0000000086900000, 0x0000000086900000| Untracked 
|  42|0x0000000086a00000, 0x0000000086a00000, 0x0000000086b00000|  0%| F|  |TAMS 0x0000000086a00000, 0x0000000086a00000| Untracked 
|  43|0x0000000086b00000, 0x0000000086b00000, 0x0000000086c00000|  0%| F|  |TAMS 0x0000000086b00000, 0x0000000086b00000| Untracked 
|  44|0x0000000086c00000, 0x0000000086c00000, 0x0000000086d00000|  0%| F|  |TAMS 0x0000000086c00000, 0x0000000086c00000| Untracked 
|  45|0x0000000086d00000, 0x0000000086d00000, 0x0000000086e00000|  0%| F|  |TAMS 0x0000000086d00000, 0x0000000086d00000| Untracked 
|  46|0x0000000086e00000, 0x0000000086e00000, 0x0000000086f00000|  0%| F|  |TAMS 0x0000000086e00000, 0x0000000086e00000| Untracked 
|  47|0x0000000086f00000, 0x0000000086f00000, 0x0000000087000000|  0%| F|  |TAMS 0x0000000086f00000, 0x0000000086f00000| Untracked 
|  48|0x0000000087000000, 0x0000000087000000, 0x0000000087100000|  0%| F|  |TAMS 0x0000000087000000, 0x0000000087000000| Untracked 
|  49|0x0000000087100000, 0x0000000087100000, 0x0000000087200000|  0%| F|  |TAMS 0x0000000087100000, 0x0000000087100000| Untracked 
|  50|0x0000000087200000, 0x0000000087200000, 0x0000000087300000|  0%| F|  |TAMS 0x0000000087200000, 0x0000000087200000| Untracked 
|  51|0x0000000087300000, 0x0000000087300000, 0x0000000087400000|  0%| F|  |TAMS 0x0000000087300000, 0x0000000087300000| Untracked 
|  52|0x0000000087400000, 0x0000000087400000, 0x0000000087500000|  0%| F|  |TAMS 0x0000000087400000, 0x0000000087400000| Untracked 
|  53|0x0000000087500000, 0x0000000087500000, 0x0000000087600000|  0%| F|  |TAMS 0x0000000087500000, 0x0000000087500000| Untracked 
|  54|0x0000000087600000, 0x0000000087600000, 0x0000000087700000|  0%| F|  |TAMS 0x0000000087600000, 0x0000000087600000| Untracked 
|  55|0x0000000087700000, 0x0000000087700000, 0x0000000087800000|  0%| F|  |TAMS 0x0000000087700000, 0x0000000087700000| Untracked 
|  56|0x0000000087800000, 0x0000000087800000, 0x0000000087900000|  0%| F|  |TAMS 0x0000000087800000, 0x0000000087800000| Untracked 
|  57|0x0000000087900000, 0x0000000087900000, 0x0000000087a00000|  0%| F|  |TAMS 0x0000000087900000, 0x0000000087900000| Untracked 
|  58|0x0000000087a00000, 0x0000000087a00000, 0x0000000087b00000|  0%| F|  |TAMS 0x0000000087a00000, 0x0000000087a00000| Untracked 
|  59|0x0000000087b00000, 0x0000000087b00000, 0x0000000087c00000|  0%| F|  |TAMS 0x0000000087b00000, 0x0000000087b00000| Untracked 
|  60|0x0000000087c00000, 0x0000000087c00000, 0x0000000087d00000|  0%| F|  |TAMS 0x0000000087c00000, 0x0000000087c00000| Untracked 
|  61|0x0000000087d00000, 0x0000000087d00000, 0x0000000087e00000|  0%| F|  |TAMS 0x0000000087d00000, 0x0000000087d00000| Untracked 
|  62|0x0000000087e00000, 0x0000000087e00000, 0x0000000087f00000|  0%| F|  |TAMS 0x0000000087e00000, 0x0000000087e00000| Untracked 
|  63|0x0000000087f00000, 0x0000000087f00000, 0x0000000088000000|  0%| F|  |TAMS 0x0000000087f00000, 0x0000000087f00000| Untracked 
|  64|0x0000000088000000, 0x0000000088000000, 0x0000000088100000|  0%| F|  |TAMS 0x0000000088000000, 0x0000000088000000| Untracked 
|  65|0x0000000088100000, 0x0000000088100000, 0x0000000088200000|  0%| F|  |TAMS 0x0000000088100000, 0x0000000088100000| Untracked 
|  66|0x0000000088200000, 0x0000000088200000, 0x0000000088300000|  0%| F|  |TAMS 0x0000000088200000, 0x0000000088200000| Untracked 
|  67|0x0000000088300000, 0x0000000088300000, 0x0000000088400000|  0%| F|  |TAMS 0x0000000088300000, 0x0000000088300000| Untracked 
|  68|0x0000000088400000, 0x0000000088400000, 0x0000000088500000|  0%| F|  |TAMS 0x0000000088400000, 0x0000000088400000| Untracked 
|  69|0x0000000088500000, 0x0000000088500000, 0x0000000088600000|  0%| F|  |TAMS 0x0000000088500000, 0x0000000088500000| Untracked 
|  70|0x0000000088600000, 0x0000000088600000, 0x0000000088700000|  0%| F|  |TAMS 0x0000000088600000, 0x0000000088600000| Untracked 
|  71|0x0000000088700000, 0x0000000088700000, 0x0000000088800000|  0%| F|  |TAMS 0x0000000088700000, 0x0000000088700000| Untracked 
|  72|0x0000000088800000, 0x0000000088800000, 0x0000000088900000|  0%| F|  |TAMS 0x0000000088800000, 0x0000000088800000| Untracked 
|  73|0x0000000088900000, 0x0000000088900000, 0x0000000088a00000|  0%| F|  |TAMS 0x0000000088900000, 0x0000000088900000| Untracked 
|  74|0x0000000088a00000, 0x0000000088a00000, 0x0000000088b00000|  0%| F|  |TAMS 0x0000000088a00000, 0x0000000088a00000| Untracked 
|  75|0x0000000088b00000, 0x0000000088b00000, 0x0000000088c00000|  0%| F|  |TAMS 0x0000000088b00000, 0x0000000088b00000| Untracked 
|  76|0x0000000088c00000, 0x0000000088c00000, 0x0000000088d00000|  0%| F|  |TAMS 0x0000000088c00000, 0x0000000088c00000| Untracked 
|  77|0x0000000088d00000, 0x0000000088d00000, 0x0000000088e00000|  0%| F|  |TAMS 0x0000000088d00000, 0x0000000088d00000| Untracked 
|  78|0x0000000088e00000, 0x0000000088e00000, 0x0000000088f00000|  0%| F|  |TAMS 0x0000000088e00000, 0x0000000088e00000| Untracked 
|  79|0x0000000088f00000, 0x0000000088f00000, 0x0000000089000000|  0%| F|  |TAMS 0x0000000088f00000, 0x0000000088f00000| Untracked 
|  80|0x0000000089000000, 0x0000000089000000, 0x0000000089100000|  0%| F|  |TAMS 0x0000000089000000, 0x0000000089000000| Untracked 
|  81|0x0000000089100000, 0x0000000089100000, 0x0000000089200000|  0%| F|  |TAMS 0x0000000089100000, 0x0000000089100000| Untracked 
|  82|0x0000000089200000, 0x0000000089200000, 0x0000000089300000|  0%| F|  |TAMS 0x0000000089200000, 0x0000000089200000| Untracked 
|  83|0x0000000089300000, 0x0000000089300000, 0x0000000089400000|  0%| F|  |TAMS 0x0000000089300000, 0x0000000089300000| Untracked 
|  84|0x0000000089400000, 0x0000000089400000, 0x0000000089500000|  0%| F|  |TAMS 0x0000000089400000, 0x0000000089400000| Untracked 
|  85|0x0000000089500000, 0x0000000089500000, 0x0000000089600000|  0%| F|  |TAMS 0x0000000089500000, 0x0000000089500000| Untracked 
|  86|0x0000000089600000, 0x0000000089600000, 0x0000000089700000|  0%| F|  |TAMS 0x0000000089600000, 0x0000000089600000| Untracked 
|  87|0x0000000089700000, 0x0000000089700000, 0x0000000089800000|  0%| F|  |TAMS 0x0000000089700000, 0x0000000089700000| Untracked 
|  88|0x0000000089800000, 0x0000000089800000, 0x0000000089900000|  0%| F|  |TAMS 0x0000000089800000, 0x0000000089800000| Untracked 
|  89|0x0000000089900000, 0x0000000089900000, 0x0000000089a00000|  0%| F|  |TAMS 0x0000000089900000, 0x0000000089900000| Untracked 
|  90|0x0000000089a00000, 0x0000000089a00000, 0x0000000089b00000|  0%| F|  |TAMS 0x0000000089a00000, 0x0000000089a00000| Untracked 
|  91|0x0000000089b00000, 0x0000000089b00000, 0x0000000089c00000|  0%| F|  |TAMS 0x0000000089b00000, 0x0000000089b00000| Untracked 
|  92|0x0000000089c00000, 0x0000000089c00000, 0x0000000089d00000|  0%| F|  |TAMS 0x0000000089c00000, 0x0000000089c00000| Untracked 
|  93|0x0000000089d00000, 0x0000000089d00000, 0x0000000089e00000|  0%| F|  |TAMS 0x0000000089d00000, 0x0000000089d00000| Untracked 
|  94|0x0000000089e00000, 0x0000000089e00000, 0x0000000089f00000|  0%| F|  |TAMS 0x0000000089e00000, 0x0000000089e00000| Untracked 
|  95|0x0000000089f00000, 0x0000000089f00000, 0x000000008a000000|  0%| F|  |TAMS 0x0000000089f00000, 0x0000000089f00000| Untracked 
|  96|0x000000008a000000, 0x000000008a000000, 0x000000008a100000|  0%| F|  |TAMS 0x000000008a000000, 0x000000008a000000| Untracked 
|  97|0x000000008a100000, 0x000000008a100000, 0x000000008a200000|  0%| F|  |TAMS 0x000000008a100000, 0x000000008a100000| Untracked 
|  98|0x000000008a200000, 0x000000008a200000, 0x000000008a300000|  0%| F|  |TAMS 0x000000008a200000, 0x000000008a200000| Untracked 
|  99|0x000000008a300000, 0x000000008a300000, 0x000000008a400000|  0%| F|  |TAMS 0x000000008a300000, 0x000000008a300000| Untracked 
| 100|0x000000008a400000, 0x000000008a400000, 0x000000008a500000|  0%| F|  |TAMS 0x000000008a400000, 0x000000008a400000| Untracked 
| 101|0x000000008a500000, 0x000000008a500000, 0x000000008a600000|  0%| F|  |TAMS 0x000000008a500000, 0x000000008a500000| Untracked 
| 102|0x000000008a600000, 0x000000008a600000, 0x000000008a700000|  0%| F|  |TAMS 0x000000008a600000, 0x000000008a600000| Untracked 
| 103|0x000000008a700000, 0x000000008a700000, 0x000000008a800000|  0%| F|  |TAMS 0x000000008a700000, 0x000000008a700000| Untracked 
| 104|0x000000008a800000, 0x000000008a800000, 0x000000008a900000|  0%| F|  |TAMS 0x000000008a800000, 0x000000008a800000| Untracked 
| 105|0x000000008a900000, 0x000000008a900000, 0x000000008aa00000|  0%| F|  |TAMS 0x000000008a900000, 0x000000008a900000| Untracked 
| 106|0x000000008aa00000, 0x000000008aa00000, 0x000000008ab00000|  0%| F|  |TAMS 0x000000008aa00000, 0x000000008aa00000| Untracked 
| 107|0x000000008ab00000, 0x000000008ab77f78, 0x000000008ac00000| 46%| E|  |TAMS 0x000000008ab00000, 0x000000008ab00000| Complete 
| 108|0x000000008ac00000, 0x000000008ad00000, 0x000000008ad00000|100%| E|CS|TAMS 0x000000008ac00000, 0x000000008ac00000| Complete 
| 109|0x000000008ad00000, 0x000000008ae00000, 0x000000008ae00000|100%| E|CS|TAMS 0x000000008ad00000, 0x000000008ad00000| Complete 
| 110|0x000000008ae00000, 0x000000008af00000, 0x000000008af00000|100%| E|CS|TAMS 0x000000008ae00000, 0x000000008ae00000| Complete 
| 111|0x000000008af00000, 0x000000008b000000, 0x000000008b000000|100%| E|CS|TAMS 0x000000008af00000, 0x000000008af00000| Complete 
| 112|0x000000008b000000, 0x000000008b100000, 0x000000008b100000|100%| E|CS|TAMS 0x000000008b000000, 0x000000008b000000| Complete 
| 113|0x000000008b100000, 0x000000008b200000, 0x000000008b200000|100%| E|CS|TAMS 0x000000008b100000, 0x000000008b100000| Complete 
| 114|0x000000008b200000, 0x000000008b300000, 0x000000008b300000|100%| E|CS|TAMS 0x000000008b200000, 0x000000008b200000| Complete 
| 115|0x000000008b300000, 0x000000008b400000, 0x000000008b400000|100%| E|CS|TAMS 0x000000008b300000, 0x000000008b300000| Complete 
| 116|0x000000008b400000, 0x000000008b500000, 0x000000008b500000|100%| E|CS|TAMS 0x000000008b400000, 0x000000008b400000| Complete 
| 117|0x000000008b500000, 0x000000008b600000, 0x000000008b600000|100%| E|CS|TAMS 0x000000008b500000, 0x000000008b500000| Complete 
| 118|0x000000008b600000, 0x000000008b700000, 0x000000008b700000|100%| E|CS|TAMS 0x000000008b600000, 0x000000008b600000| Complete 
| 119|0x000000008b700000, 0x000000008b800000, 0x000000008b800000|100%| E|CS|TAMS 0x000000008b700000, 0x000000008b700000| Complete 
| 120|0x000000008b800000, 0x000000008b900000, 0x000000008b900000|100%| E|CS|TAMS 0x000000008b800000, 0x000000008b800000| Complete 
| 121|0x000000008b900000, 0x000000008ba00000, 0x000000008ba00000|100%| E|CS|TAMS 0x000000008b900000, 0x000000008b900000| Complete 
| 122|0x000000008ba00000, 0x000000008bb00000, 0x000000008bb00000|100%| E|CS|TAMS 0x000000008ba00000, 0x000000008ba00000| Complete 
| 123|0x000000008bb00000, 0x000000008bc00000, 0x000000008bc00000|100%| E|CS|TAMS 0x000000008bb00000, 0x000000008bb00000| Complete 

Card table byte_map: [0x000001d2e3de0000,0x000001d2e41c0000] _byte_map_base: 0x000001d2e39c0000

Marking Bits (Prev, Next): (CMBitMap*) 0x000001d2cc7cb720, (CMBitMap*) 0x000001d2cc7cb760
 Prev Bits: [0x000001d2e45a0000, 0x000001d2e64a0000)
 Next Bits: [0x000001d2e64a0000, 0x000001d2e83a0000)

Polling page: 0x000001d2ca670000

Metaspace:

Usage:
  Non-class:      3.71 MB used.
      Class:    450.27 KB used.
       Both:      4.15 MB used.

Virtual space:
  Non-class space:       64.00 MB reserved,       3.75 MB (  6%) committed,  1 nodes.
      Class space:        1.00 GB reserved,     512.00 KB ( <1%) committed,  1 nodes.
             Both:        1.06 GB reserved,       4.25 MB ( <1%) committed. 

Chunk freelists:
   Non-Class:  1.88 MB
       Class:  3.44 MB
        Both:  5.31 MB

MaxMetaspaceSize: unlimited
CompressedClassSpaceSize: 1.00 GB
Initial GC threshold: 21.00 MB
Current GC threshold: 21.00 MB
CDS: on
MetaspaceReclaimPolicy: balanced
 - commit_granule_bytes: 65536.
 - commit_granule_words: 8192.
 - virtual_space_node_default_size: 8388608.
 - enlarge_chunks_in_place: 1.
 - new_chunks_are_fully_committed: 0.
 - uncommit_free_chunks: 1.
 - use_allocation_guard: 0.


Internal statistics:

num_allocs_failed_limit: 0.
num_arena_births: 48.
num_arena_deaths: 0.
num_vsnodes_births: 2.
num_vsnodes_deaths: 0.
num_space_committed: 68.
num_space_uncommitted: 0.
num_chunks_returned_to_freelist: 0.
num_chunks_taken_from_freelist: 173.
num_chunk_merges: 0.
num_chunk_splits: 108.
num_chunks_enlarged: 86.
num_inconsistent_stats: 0.

CodeHeap 'non-profiled nmethods': size=120000Kb used=284Kb max_used=284Kb free=119715Kb
 bounds [0x000001d2dc1a0000, 0x000001d2dc410000, 0x000001d2e36d0000]
CodeHeap 'profiled nmethods': size=120000Kb used=1536Kb max_used=1536Kb free=118463Kb
 bounds [0x000001d2d46d0000, 0x000001d2d4940000, 0x000001d2dbc00000]
CodeHeap 'non-nmethods': size=5760Kb used=1253Kb max_used=1267Kb free=4506Kb
 bounds [0x000001d2dbc00000, 0x000001d2dbe70000, 0x000001d2dc1a0000]
 total_blobs=1302 nmethods=853 adapters=360
 compilation: enabled
              stopped_count=0, restarted_count=0
 full_count=0

Compilation events (20 events):
Event: 1.181 Thread 0x000001d2eadd4a70 nmethod 837 0x000001d2d484c290 code [0x000001d2d484c440, 0x000001d2d484c658]
Event: 1.207 Thread 0x000001d2eadd4a70  838       3       java.util.zip.ZipUtils::LOCNAM (7 bytes)
Event: 1.207 Thread 0x000001d2eadd4a70 nmethod 838 0x000001d2d484c710 code [0x000001d2d484c8c0, 0x000001d2d484ca78]
Event: 1.207 Thread 0x000001d2eadd4a70  839       3       java.util.zip.ZipUtils::LOCEXT (7 bytes)
Event: 1.207 Thread 0x000001d2eadd4a70 nmethod 839 0x000001d2d484cb90 code [0x000001d2d484cd40, 0x000001d2d484cef8]
Event: 1.207 Thread 0x000001d2eadd4a70  840   !   3       java.util.zip.ZipFile$Source::readAt (39 bytes)
Event: 1.208 Thread 0x000001d2eadd4a70 nmethod 840 0x000001d2d484d010 code [0x000001d2d484d1e0, 0x000001d2d484d4f8]
Event: 1.208 Thread 0x000001d2eadd4a70  841   !   3       java.util.zip.Inflater::setInput (56 bytes)
Event: 1.208 Thread 0x000001d2eadd4a70 nmethod 841 0x000001d2d484d710 code [0x000001d2d484d8e0, 0x000001d2d484dcc8]
Event: 1.208 Thread 0x000001d2eadd4a70  842   !   3       java.util.zip.ZipFile$ZipFileInflaterInputStream::close (67 bytes)
Event: 1.209 Thread 0x000001d2eadd4a70 nmethod 842 0x000001d2d484de90 code [0x000001d2d484e0c0, 0x000001d2d484e918]
Event: 1.209 Thread 0x000001d2eadd4a70  843       3       java.util.ArrayDeque::add (7 bytes)
Event: 1.209 Thread 0x000001d2eadd4a70 nmethod 843 0x000001d2d484ec90 code [0x000001d2d484ee40, 0x000001d2d484ef88]
Event: 1.231 Thread 0x000001d2eadd4a70  844       3       java.util.zip.ZipFile$InflaterCleanupAction::run (12 bytes)
Event: 1.231 Thread 0x000001d2eadd4a70 nmethod 844 0x000001d2d484f010 code [0x000001d2d484f1c0, 0x000001d2d484f328]
Event: 1.231 Thread 0x000001d2eadd4a70  845   !   3       java.util.zip.ZipFile$CleanableResource::releaseInflater (53 bytes)
Event: 1.231 Thread 0x000001d2eadd4a70 nmethod 845 0x000001d2d484f410 code [0x000001d2d484f600, 0x000001d2d484fa28]
Event: 1.231 Thread 0x000001d2eadd4a70  846   !   3       java.util.zip.Inflater::reset (64 bytes)
Event: 1.232 Thread 0x000001d2eadd4a70 nmethod 846 0x000001d2d484fc10 code [0x000001d2d484fde0, 0x000001d2d4850158]
Event: 1.331 Thread 0x000001d2eadd4a70  848       3       java.net.URLStreamHandler::parseURL (1124 bytes)

GC Heap History (0 events):
No events

Dll operation events (8 events):
Event: 0.007 Loaded shared library C:\Program Files\Java\jdk-19\bin\java.dll
Event: 0.018 Loaded shared library C:\Program Files\Java\jdk-19\bin\jsvml.dll
Event: 0.064 Loaded shared library C:\Program Files\Java\jdk-19\bin\net.dll
Event: 0.068 Loaded shared library C:\Program Files\Java\jdk-19\bin\nio.dll
Event: 0.074 Loaded shared library C:\Program Files\Java\jdk-19\bin\zip.dll
Event: 0.264 Loaded shared library C:\Program Files\Java\jdk-19\bin\jimage.dll
Event: 0.265 Loaded shared library C:\Users\Boricia\.m2\wrapper\dists\apache-maven-3.9.12\59fe215c0ad6947fea90184bf7add084544567b927287592651fda3782e0e798\lib\jansi-native\Windows\x86_64\jansi.dll
Event: 0.277 Loaded shared library C:\Program Files\Java\jdk-19\bin\verify.dll

Deoptimization events (20 events):
Event: 0.525 Thread 0x000001d2ca78bf70 Uncommon trap: trap_request=0xffffff45 fr.pc=0x000001d2dc1d74a4 relative=0x00000000000005a4
Event: 0.525 Thread 0x000001d2ca78bf70 Uncommon trap: reason=unstable_if action=reinterpret pc=0x000001d2dc1d74a4 method=java.util.regex.Matcher.search(I)Z @ 30 c2
Event: 0.525 Thread 0x000001d2ca78bf70 DEOPT PACKING pc=0x000001d2dc1d74a4 sp=0x0000004ba4ffdf30
Event: 0.525 Thread 0x000001d2ca78bf70 DEOPT UNPACKING pc=0x000001d2dbc6a5a3 sp=0x0000004ba4ffdf20 mode 2
Event: 0.533 Thread 0x000001d2ca78bf70 Uncommon trap: trap_request=0xffffff45 fr.pc=0x000001d2dc1ad814 relative=0x00000000000003d4
Event: 0.533 Thread 0x000001d2ca78bf70 Uncommon trap: reason=unstable_if action=reinterpret pc=0x000001d2dc1ad814 method=java.lang.StringLatin1.canEncode(I)Z @ 4 c2
Event: 0.533 Thread 0x000001d2ca78bf70 DEOPT PACKING pc=0x000001d2dc1ad814 sp=0x0000004ba4ffe520
Event: 0.533 Thread 0x000001d2ca78bf70 DEOPT UNPACKING pc=0x000001d2dbc6a5a3 sp=0x0000004ba4ffe448 mode 2
Event: 0.533 Thread 0x000001d2ca78bf70 Uncommon trap: trap_request=0xffffff45 fr.pc=0x000001d2dc1ae580 relative=0x00000000000003c0
Event: 0.533 Thread 0x000001d2ca78bf70 Uncommon trap: reason=unstable_if action=reinterpret pc=0x000001d2dc1ae580 method=java.lang.AbstractStringBuilder.isLatin1()Z @ 10 c2
Event: 0.533 Thread 0x000001d2ca78bf70 DEOPT PACKING pc=0x000001d2dc1ae580 sp=0x0000004ba4ffe530
Event: 0.533 Thread 0x000001d2ca78bf70 DEOPT UNPACKING pc=0x000001d2dbc6a5a3 sp=0x0000004ba4ffe4b0 mode 2
Event: 0.542 Thread 0x000001d2ca78bf70 Uncommon trap: trap_request=0xffffff45 fr.pc=0x000001d2dc1aa138 relative=0x0000000000000038
Event: 0.542 Thread 0x000001d2ca78bf70 Uncommon trap: reason=unstable_if action=reinterpret pc=0x000001d2dc1aa138 method=java.lang.StringLatin1.canEncode(I)Z @ 4 c2
Event: 0.542 Thread 0x000001d2ca78bf70 DEOPT PACKING pc=0x000001d2dc1aa138 sp=0x0000004ba4ffe4b0
Event: 0.542 Thread 0x000001d2ca78bf70 DEOPT UNPACKING pc=0x000001d2dbc6a5a3 sp=0x0000004ba4ffe440 mode 2
Event: 0.558 Thread 0x000001d2ca78bf70 DEOPT PACKING pc=0x000001d2d46ee73e sp=0x0000004ba4ffd0b0
Event: 0.558 Thread 0x000001d2ca78bf70 DEOPT UNPACKING pc=0x000001d2dbc6b0e3 sp=0x0000004ba4ffc528 mode 0
Event: 0.566 Thread 0x000001d2ca78bf70 DEOPT PACKING pc=0x000001d2d4703068 sp=0x0000004ba4ffd530
Event: 0.566 Thread 0x000001d2ca78bf70 DEOPT UNPACKING pc=0x000001d2dbc6b0e3 sp=0x0000004ba4ffc9c0 mode 0

Classes loaded (20 events):
Event: 0.479 Loading class sun/util/calendar/ZoneInfoFile$Checksum
Event: 0.479 Loading class sun/util/calendar/ZoneInfoFile$Checksum done
Event: 0.485 Loading class jdk/internal/module/ModulePatcher$PatchedModuleReader
Event: 0.485 Loading class jdk/internal/module/ModulePatcher$PatchedModuleReader done
Event: 0.486 Loading class sun/net/www/protocol/jrt/Handler
Event: 0.486 Loading class sun/net/www/protocol/jrt/Handler done
Event: 0.528 Loading class sun/text/resources/cldr/FormatData_en
Event: 0.529 Loading class sun/text/resources/cldr/FormatData_en done
Event: 0.530 Loading class sun/text/resources/cldr/FormatData_en_US
Event: 0.530 Loading class sun/text/resources/cldr/FormatData_en_US done
Event: 0.581 Loading class java/io/FilterReader
Event: 0.581 Loading class java/io/FilterReader done
Event: 0.687 Loading class java/util/concurrent/TimeUnit$1
Event: 0.706 Loading class java/util/concurrent/TimeUnit$1 done
Event: 0.952 Loading class java/io/InvalidObjectException
Event: 0.952 Loading class java/io/ObjectStreamException
Event: 0.957 Loading class java/io/ObjectStreamException done
Event: 0.957 Loading class java/io/InvalidObjectException done
Event: 1.235 Loading class java/util/NoSuchElementException
Event: 1.279 Loading class java/util/NoSuchElementException done

Classes unloaded (0 events):
No events

Classes redefined (0 events):
No events

Internal exceptions (20 events):
Event: 0.135 Thread 0x000001d2ca78bf70 Exception <a 'java/lang/NoSuchMethodError'{0x000000008b922738}: 'int java.lang.invoke.DirectMethodHandle$Holder.invokeSpecial(java.lang.Object, java.lang.Object, java.lang.Object)'> (0x000000008b922738) 
thrown [s\open\src\hotspot\share\interpreter\linkResolver.cpp, line 774]
Event: 0.236 Thread 0x000001d2ca78bf70 Exception <a 'java/lang/NoSuchMethodError'{0x000000008b7938b8}: 'java.lang.Object java.lang.invoke.Invokers$Holder.invokeExact_MT(java.lang.Object, java.lang.Object, java.lang.Object, java.lang.Object, java.lang.Object)'> (0x000000008b7938b8) 
thrown [s\open\src\hotspot\share\interpreter\linkResolver.cpp, line 774]
Event: 0.245 Thread 0x000001d2ca78bf70 Exception <a 'java/lang/NoSuchMethodError'{0x000000008b7c64f0}: 'java.lang.Object java.lang.invoke.DirectMethodHandle$Holder.invokeStaticInit(java.lang.Object)'> (0x000000008b7c64f0) 
thrown [s\open\src\hotspot\share\interpreter\linkResolver.cpp, line 774]
Event: 0.255 Thread 0x000001d2ca78bf70 Exception <a 'java/lang/NullPointerException'{0x000000008b60dca8}> (0x000000008b60dca8) 
thrown [s\open\src\hotspot\share\interpreter\linkResolver.cpp, line 1374]
Event: 0.267 Thread 0x000001d2ca78bf70 Exception <a 'java/lang/NullPointerException'{0x000000008b62e3d0}> (0x000000008b62e3d0) 
thrown [s\open\src\hotspot\share\interpreter\linkResolver.cpp, line 1374]
Event: 0.267 Thread 0x000001d2ca78bf70 Exception <a 'java/lang/NullPointerException'{0x000000008b62e6b0}> (0x000000008b62e6b0) 
thrown [s\open\src\hotspot\share\interpreter\linkResolver.cpp, line 1374]
Event: 0.267 Thread 0x000001d2ca78bf70 Exception <a 'java/lang/NullPointerException'{0x000000008b62e990}> (0x000000008b62e990) 
thrown [s\open\src\hotspot\share\interpreter\linkResolver.cpp, line 1374]
Event: 0.268 Thread 0x000001d2ca78bf70 Exception <a 'java/lang/NullPointerException'{0x000000008b634f10}> (0x000000008b634f10) 
thrown [s\open\src\hotspot\share\interpreter\linkResolver.cpp, line 1374]
Event: 0.270 Thread 0x000001d2ca78bf70 Exception <a 'java/lang/NullPointerException'{0x000000008b649320}> (0x000000008b649320) 
thrown [s\open\src\hotspot\share\interpreter\linkResolver.cpp, line 1374]
Event: 0.270 Thread 0x000001d2ca78bf70 Exception <a 'java/lang/NullPointerException'{0x000000008b649600}> (0x000000008b649600) 
thrown [s\open\src\hotspot\share\interpreter\linkResolver.cpp, line 1374]
Event: 0.270 Thread 0x000001d2ca78bf70 Exception <a 'java/lang/NullPointerException'{0x000000008b6498e0}> (0x000000008b6498e0) 
thrown [s\open\src\hotspot\share\interpreter\linkResolver.cpp, line 1374]
Event: 0.270 Thread 0x000001d2ca78bf70 Exception <a 'java/lang/NullPointerException'{0x000000008b649bc0}> (0x000000008b649bc0) 
thrown [s\open\src\hotspot\share\interpreter\linkResolver.cpp, line 1374]
Event: 0.289 Thread 0x000001d2ca78bf70 Exception <a 'java/lang/NoSuchMethodError'{0x000000008b532810}: 'void java.lang.invoke.DirectMethodHandle$Holder.invokeVirtual(java.lang.Object, java.lang.Object)'> (0x000000008b532810) 
thrown [s\open\src\hotspot\share\interpreter\linkResolver.cpp, line 774]
Event: 0.293 Thread 0x000001d2ca78bf70 Exception <a 'java/lang/NoSuchMethodError'{0x000000008b54f630}: 'void java.lang.invoke.DirectMethodHandle$Holder.invokeStatic(java.lang.Object, java.lang.Object)'> (0x000000008b54f630) 
thrown [s\open\src\hotspot\share\interpreter\linkResolver.cpp, line 774]
Event: 0.294 Thread 0x000001d2ca78bf70 Exception <a 'java/lang/NoSuchMethodError'{0x000000008b552988}: 'void java.lang.invoke.DirectMethodHandle$Holder.invokeStaticInit(java.lang.Object, java.lang.Object)'> (0x000000008b552988) 
thrown [s\open\src\hotspot\share\interpreter\linkResolver.cpp, line 774]
Event: 0.308 Thread 0x000001d2ca78bf70 Exception <a 'java/lang/NoSuchMethodError'{0x000000008b5ede00}: 'void java.lang.invoke.DirectMethodHandle$Holder.invokeSpecial(java.lang.Object, java.lang.Object, java.lang.Object, java.lang.Object, java.lang.Object)'> (0x000000008b5ede00) 
thrown [s\open\src\hotspot\share\interpreter\linkResolver.cpp, line 774]
Event: 0.324 Thread 0x000001d2ca78bf70 Exception <a 'java/lang/NoSuchMethodError'{0x000000008b42f750}: 'void java.lang.invoke.DirectMethodHandle$Holder.invokeStatic(java.lang.Object, java.lang.Object, java.lang.Object)'> (0x000000008b42f750) 
thrown [s\open\src\hotspot\share\interpreter\linkResolver.cpp, line 774]
Event: 0.372 Thread 0x000001d2ca78bf70 Exception <a 'java/lang/NullPointerException'{0x000000008b4dcde0}> (0x000000008b4dcde0) 
thrown [s\open\src\hotspot\share\interpreter\linkResolver.cpp, line 1374]
Event: 0.373 Thread 0x000001d2ca78bf70 Exception <a 'java/lang/NullPointerException'{0x000000008b4e3648}> (0x000000008b4e3648) 
thrown [s\open\src\hotspot\share\interpreter\linkResolver.cpp, line 1374]
Event: 0.450 Thread 0x000001d2ca78bf70 Exception <a 'java/lang/NoSuchMethodError'{0x000000008b3d35a8}: 'java.lang.Object java.lang.invoke.DirectMethodHandle$Holder.invokeSpecialIFC(java.lang.Object, java.lang.Object, java.lang.Object, java.lang.Object)'> (0x000000008b3d35a8) 
thrown [s\open\src\hotspot\share\interpreter\linkResolver.cpp, line 774]

VM Operations (8 events):
Event: 0.076 Executing VM operation: HandshakeAllThreads
Event: 0.076 Executing VM operation: HandshakeAllThreads done
Event: 0.253 Executing VM operation: HandshakeAllThreads
Event: 0.253 Executing VM operation: HandshakeAllThreads done
Event: 0.271 Executing VM operation: HandshakeAllThreads
Event: 0.271 Executing VM operation: HandshakeAllThreads done
Event: 0.464 Executing VM operation: HandshakeAllThreads
Event: 0.464 Executing VM operation: HandshakeAllThreads done

Events (14 events):
Event: 0.018 Thread 0x000001d2ca78bf70 Thread added: 0x000001d2ca78bf70
Event: 0.032 Thread 0x000001d2eadc6860 Thread added: 0x000001d2eadc6860
Event: 0.032 Thread 0x000001d2eadc7190 Thread added: 0x000001d2eadc7190
Event: 0.032 Thread 0x000001d2eadc82a0 Thread added: 0x000001d2eadc82a0
Event: 0.032 Thread 0x000001d2eadcabb0 Thread added: 0x000001d2eadcabb0
Event: 0.032 Thread 0x000001d2eadcb290 Thread added: 0x000001d2eadcb290
Event: 0.032 Thread 0x000001d2eadcdac0 Thread added: 0x000001d2eadcdac0
Event: 0.032 Thread 0x000001d2eadd44f0 Thread added: 0x000001d2eadd44f0
Event: 0.032 Thread 0x000001d2eadd4a70 Thread added: 0x000001d2eadd4a70
Event: 0.032 Thread 0x000001d2eadd6000 Thread added: 0x000001d2eadd6000
Event: 0.048 Thread 0x000001d2ef0ecdb0 Thread added: 0x000001d2ef0ecdb0
Event: 0.056 Thread 0x000001d2ef0edfc0 Thread added: 0x000001d2ef0edfc0
Event: 0.260 Thread 0x000001d2ef488cf0 Thread added: 0x000001d2ef488cf0
Event: 0.304 Thread 0x000001d2ef488cf0 Thread exited: 0x000001d2ef488cf0


Dynamic libraries:
0x00007ff745d60000 - 0x00007ff745d70000 	C:\Program Files\Java\jdk-19\bin\java.exe
0x00007ffa7b9b0000 - 0x00007ffa7bba8000 	C:\WINDOWS\SYSTEM32\ntdll.dll
0x00007ffa79ae0000 - 0x00007ffa79ba2000 	C:\WINDOWS\System32\KERNEL32.DLL
0x00007ffa792f0000 - 0x00007ffa795e6000 	C:\WINDOWS\System32\KERNELBASE.dll
0x00007ffa791f0000 - 0x00007ffa792f0000 	C:\WINDOWS\System32\ucrtbase.dll
0x00007ffa417e0000 - 0x00007ffa417fb000 	C:\Program Files\Java\jdk-19\bin\VCRUNTIME140.dll
0x00007ffa44dd0000 - 0x00007ffa44de8000 	C:\Program Files\Java\jdk-19\bin\jli.dll
0x00007ffa7a090000 - 0x00007ffa7a141000 	C:\WINDOWS\System32\ADVAPI32.dll
0x00007ffa7b8d0000 - 0x00007ffa7b96e000 	C:\WINDOWS\System32\msvcrt.dll
0x00007ffa7b830000 - 0x00007ffa7b8cf000 	C:\WINDOWS\System32\sechost.dll
0x00007ffa7b320000 - 0x00007ffa7b440000 	C:\WINDOWS\System32\RPCRT4.dll
0x00007ffa79870000 - 0x00007ffa79897000 	C:\WINDOWS\System32\bcrypt.dll
0x00007ffa7aed0000 - 0x00007ffa7b071000 	C:\WINDOWS\System32\USER32.dll
0x00007ffa799a0000 - 0x00007ffa799c2000 	C:\WINDOWS\System32\win32u.dll
0x00007ffa62510000 - 0x00007ffa627ab000 	C:\WINDOWS\WinSxS\amd64_microsoft.windows.common-controls_6595b64144ccf1df_6.0.19041.6456_none_60b8a6cb71f64256\COMCTL32.dll
0x00007ffa7a930000 - 0x00007ffa7a95b000 	C:\WINDOWS\System32\GDI32.dll
0x00007ffa790d0000 - 0x00007ffa791e9000 	C:\WINDOWS\System32\gdi32full.dll
0x00007ffa79750000 - 0x00007ffa797ed000 	C:\WINDOWS\System32\msvcp_win.dll
0x00007ffa71b60000 - 0x00007ffa71b6a000 	C:\WINDOWS\SYSTEM32\VERSION.dll
0x00007ffa7ac90000 - 0x00007ffa7acbf000 	C:\WINDOWS\System32\IMM32.DLL
0x00007ffa5b500000 - 0x00007ffa5b50c000 	C:\Program Files\Java\jdk-19\bin\vcruntime140_1.dll
0x00007ffa36190000 - 0x00007ffa3621e000 	C:\Program Files\Java\jdk-19\bin\msvcp140.dll
0x00007ff9edc40000 - 0x00007ff9ee900000 	C:\Program Files\Java\jdk-19\bin\server\jvm.dll
0x00007ffa72400000 - 0x00007ffa72409000 	C:\WINDOWS\SYSTEM32\WSOCK32.dll
0x00007ffa73140000 - 0x00007ffa73167000 	C:\WINDOWS\SYSTEM32\WINMM.dll
0x00007ffa7a8c0000 - 0x00007ffa7a92b000 	C:\WINDOWS\System32\WS2_32.dll
0x00007ffa77810000 - 0x00007ffa77822000 	C:\WINDOWS\SYSTEM32\kernel.appcore.dll
0x00007ffa5b4a0000 - 0x00007ffa5b4aa000 	C:\Program Files\Java\jdk-19\bin\jimage.dll
0x00007ffa775e0000 - 0x00007ffa777e1000 	C:\WINDOWS\SYSTEM32\DBGHELP.DLL
0x00007ffa73100000 - 0x00007ffa73134000 	C:\WINDOWS\SYSTEM32\dbgcore.DLL
0x00007ffa79040000 - 0x00007ffa790c2000 	C:\WINDOWS\System32\bcryptPrimitives.dll
0x00007ffa3b740000 - 0x00007ffa3b766000 	C:\Program Files\Java\jdk-19\bin\java.dll
0x00007ffa0ff20000 - 0x00007ffa0fff7000 	C:\Program Files\Java\jdk-19\bin\jsvml.dll
0x00007ffa7a150000 - 0x00007ffa7a8c0000 	C:\WINDOWS\System32\SHELL32.dll
0x00007ffa76d60000 - 0x00007ffa77505000 	C:\WINDOWS\SYSTEM32\windows.storage.dll
0x00007ffa7b450000 - 0x00007ffa7b7a4000 	C:\WINDOWS\System32\combase.dll
0x00007ffa78a70000 - 0x00007ffa78a9b000 	C:\WINDOWS\SYSTEM32\Wldp.dll
0x00007ffa7acc0000 - 0x00007ffa7ad8d000 	C:\WINDOWS\System32\OLEAUT32.dll
0x00007ffa799d0000 - 0x00007ffa79a7d000 	C:\WINDOWS\System32\SHCORE.dll
0x00007ffa7a020000 - 0x00007ffa7a07b000 	C:\WINDOWS\System32\shlwapi.dll
0x00007ffa78f70000 - 0x00007ffa78f94000 	C:\WINDOWS\SYSTEM32\profapi.dll
0x00007ffa3cb40000 - 0x00007ffa3cb53000 	C:\Program Files\Java\jdk-19\bin\net.dll
0x00007ffa75ea0000 - 0x00007ffa75faa000 	C:\WINDOWS\SYSTEM32\WINHTTP.dll
0x00007ffa787d0000 - 0x00007ffa7883a000 	C:\WINDOWS\system32\mswsock.dll
0x00007ffa3b720000 - 0x00007ffa3b736000 	C:\Program Files\Java\jdk-19\bin\nio.dll
0x00007ffa3a6f0000 - 0x00007ffa3a708000 	C:\Program Files\Java\jdk-19\bin\zip.dll
0x00007ffa28dd0000 - 0x00007ffa28df4000 	C:\Users\Boricia\.m2\wrapper\dists\apache-maven-3.9.12\59fe215c0ad6947fea90184bf7add084544567b927287592651fda3782e0e798\lib\jansi-native\Windows\x86_64\jansi.dll
0x00007ffa56250000 - 0x00007ffa56260000 	C:\Program Files\Java\jdk-19\bin\verify.dll

dbghelp: loaded successfully - version: 4.0.5 - missing functions: none
symbol engine: initialized successfully - sym options: 0x614 - pdb path: .;C:\Program Files\Java\jdk-19\bin;C:\WINDOWS\SYSTEM32;C:\WINDOWS\WinSxS\amd64_microsoft.windows.common-controls_6595b64144ccf1df_6.0.19041.6456_none_60b8a6cb71f64256;C:\Program Files\Java\jdk-19\bin\server;C:\Users\Boricia\.m2\wrapper\dists\apache-maven-3.9.12\59fe215c0ad6947fea90184bf7add084544567b927287592651fda3782e0e798\lib\jansi-native\Windows\x86_64

VM Arguments:
jvm_args: --enable-native-access=ALL-UNNAMED -Dclassworlds.conf=C:\Users\Boricia\.m2\wrapper\dists\apache-maven-3.9.12\59fe215c0ad6947fea90184bf7add084544567b927287592651fda3782e0e798\bin\m2.conf -Dmaven.home=C:\Users\Boricia\.m2\wrapper\dists\apache-maven-3.9.12\59fe215c0ad6947fea90184bf7add084544567b927287592651fda3782e0e798 -Dlibrary.jansi.path=C:\Users\Boricia\.m2\wrapper\dists\apache-maven-3.9.12\59fe215c0ad6947fea90184bf7add084544567b927287592651fda3782e0e798\lib\jansi-native -Dmaven.multiModuleProjectDirectory=C:\Users\Boricia\Documents\Projet spring\ecommerce 
java_command: org.codehaus.plexus.classworlds.launcher.Launcher -Didea.version=2025.2.5 -Dmaven.ext.class.path=C:\Program Files\JetBrains\IntelliJ IDEA Community Edition 2025.2.5\plugins\maven\lib\maven-event-listener.jar -Djansi.passthrough=true -Dstyle.color=always -Dmaven.repo.local=C:\Users\Boricia\.m2\repository spring-boot:run
java_class_path (initial): C:\Users\Boricia\.m2\wrapper\dists\apache-maven-3.9.12\59fe215c0ad6947fea90184bf7add084544567b927287592651fda3782e0e798\boot\plexus-classworlds-2.9.0.jar
Launcher Type: SUN_STANDARD

[Global flags]
     intx CICompilerCount                          = 4                                         {product} {ergonomic}
     uint ConcGCThreads                            = 2                                         {product} {ergonomic}
     uint G1ConcRefinementThreads                  = 8                                         {product} {ergonomic}
   size_t G1HeapRegionSize                         = 1048576                                   {product} {ergonomic}
    uintx GCDrainStackTargetSize                   = 64                                        {product} {ergonomic}
   size_t InitialHeapSize                          = 130023424                                 {product} {ergonomic}
   size_t MarkStackSize                            = 4194304                                   {product} {ergonomic}
   size_t MaxHeapSize                              = 2080374784                                {product} {ergonomic}
   size_t MaxNewSize                               = 1247805440                                {product} {ergonomic}
   size_t MinHeapDeltaBytes                        = 1048576                                   {product} {ergonomic}
   size_t MinHeapSize                              = 8388608                                   {product} {ergonomic}
    uintx NonNMethodCodeHeapSize                   = 5839372                                {pd product} {ergonomic}
    uintx NonProfiledCodeHeapSize                  = 122909434                              {pd product} {ergonomic}
    uintx ProfiledCodeHeapSize                     = 122909434                              {pd product} {ergonomic}
    uintx ReservedCodeCacheSize                    = 251658240                              {pd product} {ergonomic}
     bool SegmentedCodeCache                       = true                                      {product} {ergonomic}
   size_t SoftMaxHeapSize                          = 2080374784                             {manageable} {ergonomic}
     bool UseCompressedClassPointers               = true                           {product lp64_product} {ergonomic}
     bool UseCompressedOops                        = true                           {product lp64_product} {ergonomic}
     bool UseG1GC                                  = true                                      {product} {ergonomic}
     bool UseLargePagesIndividualAllocation        = false                                  {pd product} {ergonomic}

Logging:
Log output configuration:
 #0: stdout all=warning uptime,level,tags foldmultilines=false
 #1: stderr all=off uptime,level,tags foldmultilines=false

Environment Variables:
JAVA_HOME=C:\Program Files\Java\jdk-19
PATH=C:\Program Files\Common Files\Oracle\Java\javapath;C:\WINDOWS\system32;C:\WINDOWS;C:\WINDOWS\System32\Wbem;C:\WINDOWS\System32\WindowsPowerShell\v1.0\;C:\WINDOWS\System32\OpenSSH\;C:\Program Files\dotnet\;C:\Program Files\Microsoft SQL Server\150\Tools\Binn\;C:\Program Files\Microsoft SQL Server\Client SDK\ODBC\170\Tools\Binn\;C:\Program Files\MongoDB\Server\6.0\bin;C:\Program Files\Git\cmd;C:\Program Files\nodejs\;C:\Program Files\wkhtmltopdf\bin;C:\Program Files\Docker\Docker\resources\bin;C:\Program Files (x86)\Microsoft SQL Server\160\Tools\Binn\;C:\Program Files\Microsoft SQL Server\160\Tools\Binn\;C:\Program Files\Microsoft SQL Server\160\DTS\Binn\;C:\Program Files (x86)\Microsoft SQL Server\160\DTS\Binn\;C:\Program Files\Azure Data Studio\bin;C:\Program Files\MATLAB\R2023b\bin;C:\Program Files\IBM\SPSS\Statistics\25\JRE\bin;C:\Windows\System32\cmd.exe;C:\Users\Boricia\AppData\Local\Microsoft\WindowsApps;C:\Users\Boricia\.dotnet\tools;C:\Users\Boricia\AppData\Local\Packages\PythonSoftwareFoundation.Python.3.10_qbz5n2kfra8p0\LocalCache\Roaming\Python\Scripts;C:\Users\Boricia\AppData\Roaming\npm;C:\Users\Boricia\AppData\Local\Programs\Microsoft VS Code\bin;
USERNAME=Boricia
OS=Windows_NT
PROCESSOR_IDENTIFIER=Intel64 Family 6 Model 140 Stepping 1, GenuineIntel
TMP=C:\Users\Boricia\AppData\Local\Temp
TEMP=C:\Users\Boricia\AppData\Local\Temp



---------------  S Y S T E M  ---------------

OS:
 Windows 10 , 64 bit Build 19041 (10.0.19041.5915)
OS uptime: 1 days 5:41 hours
Hyper-V role detected

CPU: total 8 (initial active 8) (4 cores per cpu, 2 threads per core) family 6 model 140 stepping 1 microcode 0xa4, cx8, cmov, fxsr, ht, mmx, 3dnowpref, sse, sse2, sse3, ssse3, sse4.1, sse4.2, popcnt, lzcnt, tsc, tscinvbit, avx, avx2, aes, erms, clmul, bmi1, bmi2, adx, avx512f, avx512dq, avx512cd, avx512bw, avx512vl, sha, fma, vzeroupper, avx512_vpopcntdq, avx512_vpclmulqdq, avx512_vaes, avx512_vnni, clflush, clflushopt, clwb, avx512_vbmi2, avx512_vbmi, hv, rdtscp, rdpid, fsrm, gfni, avx512_bitalg

Memory: 4k page, system-wide physical 7930M (426M free)
TotalPageFile size 32506M (AvailPageFile size 7M)
current process WorkingSet (physical memory assigned to process): 63M, peak: 63M
current process commit charge ("private bytes"): 219M, peak: 219M

vm_info: Java HotSpot(TM) 64-Bit Server VM (19.0.2+7-44) for windows-amd64 JRE (19.0.2+7-44), built on 2022-11-30T18:02:09Z by "mach5one" with MS VC++ 17.1 (VS2022)

END.
